c:\str\carwashservices\debug\carwashservices.lib
c:\str\carwashservices\debug\carwashservices.exp
c:\str\carwashservices - base lesson #2\debug\carwashservices.lib
c:\str\carwashservices - base lesson #2\debug\carwashservices.exp
c:\str\carwashservices\debug\carwashservices.pch
c:\str\carwashservices\debug\vc141.pdb
c:\str\carwashservices\debug\vc141.idb
c:\str\carwashservices\debug\pch.obj
c:\str\carwashservices\debug\interface_carwash.obj
c:\str\carwashservices\debug\dllmain.obj
c:\str\carwashservices\debug\carwash.obj
c:\str\carwashservices - base lesson #2\debug\carwashservices.pch
c:\str\carwashservices - base lesson #2\debug\vc141.pdb
c:\str\carwashservices - base lesson #2\debug\vc141.idb
c:\str\carwashservices - base lesson #2\debug\pch.obj
c:\str\carwashservices - base lesson #2\debug\interface_carwash.obj
c:\str\carwashservices - base lesson #2\debug\dllmain.obj
c:\str\carwashservices - base lesson #2\debug\carwash.obj
c:\str\carwashservices\debug\carwashservices.ilk
c:\str\carwashservices\debug\carwashservices.dll
c:\str\carwashservices\debug\carwashservices.pdb
c:\str\carwashservices - base lesson #2\debug\carwashservices.dll
c:\str\carwashservices - base lesson #2\debug\carwashservices.ilk
c:\str\carwashservices - base lesson #2\debug\carwashservices.pdb
c:\str\carwashservices\debug\carwashservices.res
c:\str\carwashservices - base lesson #2\debug\carwashservices.res
c:\str\carwashservices\debug\carwashservices.tlog\carwashservices.write.1u.tlog
c:\str\carwashservices\debug\carwashservices.tlog\cl.command.1.tlog
c:\str\carwashservices\debug\carwashservices.tlog\cl.read.1.tlog
c:\str\carwashservices\debug\carwashservices.tlog\cl.write.1.tlog
c:\str\carwashservices\debug\carwashservices.tlog\link.command.1.tlog
c:\str\carwashservices\debug\carwashservices.tlog\link.delete.1.tlog
c:\str\carwashservices\debug\carwashservices.tlog\link.read.1.tlog
c:\str\carwashservices\debug\carwashservices.tlog\link.write.1.tlog
c:\str\carwashservices\debug\carwashservices.tlog\rc.command.1.tlog
c:\str\carwashservices\debug\carwashservices.tlog\rc.read.1.tlog
c:\str\carwashservices\debug\carwashservices.tlog\rc.write.1.tlog
