#
# A fatal error has been detected by the Java Runtime Environment:
#
#  EXCEPTION_ACCESS_VIOLATION (0xc0000005) at pc=0x00007ffb7a02a3b4, pid=13388, tid=3196
#
# JRE version: Java(TM) SE Runtime Environment (16.0.2+7) (build 16.0.2+7-67)
# Java VM: Java HotSpot(TM) 64-Bit Server VM (16.0.2+7-67, mixed mode, sharing, tiered, compressed oops, compressed class ptrs, g1 gc, windows-amd64)
# Problematic frame:
# C  [SplitterConveyor.dll+0x4a3b4]
#
# No core dump will be written. Minidumps are not enabled by default on client versions of Windows
#
# If you would like to submit a bug report, please visit:
#   https://bugreport.java.com/bugreport/crash.jsp
# The crash happened outside the Java Virtual Machine in native code.
# See problematic frame for where to report the bug.
#

---------------  S U M M A R Y ------------

Command Line: -Dfile.encoding=UTF-8 --module-path=C:\str\labwork2\build\classes Labwork2

Host: AMD Ryzen 9 5900HS with Radeon Graphics        , 16 cores, 15G,  Windows 10 , 64 bit Build 22000 (10.0.22000.318)
Time: Wed Dec  8 19:02:20 2021 GMT Standard Time elapsed time: 401.052903 seconds (0d 0h 6m 41s)

---------------  T H R E A D  ---------------

Current thread (0x000001a325e459c0):  JavaThread "Thread-5" [_thread_in_native, id=3196, stack(0x0000008700d00000,0x0000008700e00000)]

Stack: [0x0000008700d00000,0x0000008700e00000],  sp=0x0000008700dfeef0,  free space=1019k
Native frames: (J=compiled Java code, j=interpreted, Vv=VM code, C=native code)
C  [SplitterConveyor.dll+0x4a3b4]

Java frames: (J=compiled Java code, j=interpreted, Vv=VM code)
j  SplitterConveyor.flashLED(I)V+0
j  ThreadDock2.run()V+39
v  ~StubRoutines::call_stub

siginfo: EXCEPTION_ACCESS_VIOLATION (0xc0000005), reading address 0x0000000000000004


Register to memory mapping:

RIP=0x00007ffb7a02a3b4 SplitterConveyor.dll
RAX=0x0000000000000080 is an unknown value
RBX={method} {0x000001a349803400} 'flashLED' '(I)V' in 'SplitterConveyor'
RCX=0x0000000000000004 is an unknown value
RDX=0x0000000000000007 is an unknown value
RSP=0x0000008700dfeef0 is pointing into the stack for thread: 0x000001a325e459c0
RBP=0x0000008700dfef10 is pointing into the stack for thread: 0x000001a325e459c0
RSI=0x000001a349cc5448 points into unknown readable memory: 0x8800010049a41434 | 34 14 a4 49 00 01 00 88
RDI=0x000001a349080d20 points into unknown readable memory: 0x0000000800000050 | 50 00 00 00 08 00 00 00
R8 =0x0000000000000001 is an unknown value
R9 =0x0 is NULL
R10=0x0 is NULL
R11=0x0000000000000246 is an unknown value
R12=0x0 is NULL
R13=0x000001a3498033f0 is pointing into metadata
R14=0x0000008700dff2f8 is pointing into the stack for thread: 0x000001a325e459c0
R15=0x000001a325e459c0 is a thread


Registers:
RAX=0x0000000000000080, RBX=0x000001a3498033f8, RCX=0x0000000000000004, RDX=0x0000000000000007
RSP=0x0000008700dfeef0, RBP=0x0000008700dfef10, RSI=0x000001a349cc5448, RDI=0x000001a349080d20
R8 =0x0000000000000001, R9 =0x0000000000000000, R10=0x0000000000000000, R11=0x0000000000000246
R12=0x0000000000000000, R13=0x000001a3498033f0, R14=0x0000008700dff2f8, R15=0x000001a325e459c0
RIP=0x00007ffb7a02a3b4, EFLAGS=0x0000000000010202

Top of Stack: (sp=0x0000008700dfeef0)
0x0000008700dfeef0:   00007ffb7a04d05e 000001a349080d20
0x0000008700dfef00:   0000008700dfef30 00007ffb79ffca7d
0x0000008700dfef10:   00007f8000000002 00007ffb2a716bf8
0x0000008700dfef20:   000001a3498033f8 0000008700dff100
0x0000008700dfef30:   0000017f2d5f1818 000000000000000e
0x0000008700dfef40:   000001a349080d20 00007ffb2a735a9d
0x0000008700dfef50:   0000008700dff050 000000000000000e
0x0000008700dfef60:   000001a325e36790 000001a349cc5448
0x0000008700dfef70:   0000000800017d08 00007ffb2a7433c0
0x0000008700dfef80:   000000000000001e 000001a3250101c0
0x0000008700dfef90:   000001a349dd47f0 000001a349c4a010
0x0000008700dfefa0:   000001a349c4a020 000001a349c4a3f8
0x0000008700dfefb0:   00000000000003d8 000001a3498033f8
0x0000008700dfefc0:   00007ffb2abe79b8 0000000000000000
0x0000008700dfefd0:   0000000000000000 0000000000000000
0x0000008700dfefe0:   0000000000000000 0000000000000000 

Instructions: (pc=0x00007ffb7a02a3b4)
0x00007ffb7a02a2b4:   02 00 e8 40 17 fd ff b9 01 00 00 00 e8 44 0e fd
0x00007ffb7a02a2c4:   ff 88 45 04 b2 07 0f b6 4d 04 e8 02 10 fd ff 85
0x00007ffb7a02a2d4:   c0 74 06 b0 01 eb 04 eb 02 32 c0 48 8d a5 e8 00
0x00007ffb7a02a2e4:   00 00 5f 5d c3 cc cc cc cc cc cc cc cc cc cc cc
0x00007ffb7a02a2f4:   cc cc cc cc cc cc cc cc cc cc cc cc 89 4c 24 08
0x00007ffb7a02a304:   55 57 48 81 ec e8 00 00 00 48 8d 6c 24 20 48 8d
0x00007ffb7a02a314:   0d 45 2d 02 00 e8 dd 16 fd ff 8b 8d e0 00 00 00
0x00007ffb7a02a324:   e8 e0 0d fd ff 0f b6 c0 48 8d a5 c8 00 00 00 5f
0x00007ffb7a02a334:   5d c3 cc cc cc cc cc cc cc cc cc cc cc cc cc cc
0x00007ffb7a02a344:   cc cc cc cc cc cc cc cc cc cc cc cc 44 89 44 24
0x00007ffb7a02a354:   18 89 54 24 10 48 89 4c 24 08 55 57 48 81 ec 28
0x00007ffb7a02a364:   01 00 00 48 8d 6c 24 20 48 8d 0d eb 2c 02 00 e8
0x00007ffb7a02a374:   83 16 fd ff 8b 85 28 01 00 00 b9 01 00 00 00 89
0x00007ffb7a02a384:   8d f4 00 00 00 0f b6 c8 8b 85 f4 00 00 00 d3 e0
0x00007ffb7a02a394:   88 45 04 0f b6 45 04 f7 d0 88 45 24 83 bd 30 01
0x00007ffb7a02a3a4:   00 00 00 74 1d 0f b6 45 04 48 8b 8d 20 01 00 00
0x00007ffb7a02a3b4:   0f b6 09 0b c8 8b c1 48 8b 8d 20 01 00 00 88 01
0x00007ffb7a02a3c4:   eb 1b 0f b6 45 24 48 8b 8d 20 01 00 00 0f b6 09
0x00007ffb7a02a3d4:   23 c8 8b c1 48 8b 8d 20 01 00 00 88 01 48 8d a5
0x00007ffb7a02a3e4:   08 01 00 00 5f 5d c3 cc cc cc cc cc cc cc cc cc
0x00007ffb7a02a3f4:   cc cc cc cc cc cc cc cc cc cc cc cc cc cc cc cc
0x00007ffb7a02a404:   cc cc cc cc cc cc cc cc cc cc cc cc cc cc cc cc
0x00007ffb7a02a414:   cc cc cc cc cc cc cc cc cc cc cc cc 89 54 24 10
0x00007ffb7a02a424:   89 4c 24 08 55 57 48 81 ec e8 00 00 00 48 8d 6c
0x00007ffb7a02a434:   24 20 48 8d 0d 21 2c 02 00 e8 b9 15 fd ff 0f b6
0x00007ffb7a02a444:   95 e0 00 00 00 8b 8d e8 00 00 00 e8 7c 13 fd ff
0x00007ffb7a02a454:   48 8d a5 c8 00 00 00 5f 5d c3 cc cc cc cc cc cc
0x00007ffb7a02a464:   cc cc cc cc cc cc cc cc cc ff 25 dd 0c 02 00 ff
0x00007ffb7a02a474:   25 c7 0c 02 00 ff 25 b9 0c 02 00 ff 25 ab 0c 02
0x00007ffb7a02a484:   00 ff 25 45 0c 02 00 ff 25 e7 0b 02 00 ff 25 e9
0x00007ffb7a02a494:   0b 02 00 ff 25 eb 0b 02 00 ff 25 ed 0b 02 00 ff
0x00007ffb7a02a4a4:   25 ef 0b 02 00 ff 25 f1 0b 02 00 ff 25 f3 0b 02 


Stack slot to memory mapping:
stack at sp + 0 slots: 0x00007ffb7a04d05e SplitterConveyor.dll
stack at sp + 1 slots: 0x000001a349080d20 points into unknown readable memory: 0x0000000800000050 | 50 00 00 00 08 00 00 00
stack at sp + 2 slots: 0x0000008700dfef30 is pointing into the stack for thread: 0x000001a325e459c0
stack at sp + 3 slots: 0x00007ffb79ffca7d SplitterConveyor.dll
stack at sp + 4 slots: 0x00007f8000000002 is an unknown value
stack at sp + 5 slots: 0x00007ffb2a716bf8 jvm.dll
stack at sp + 6 slots: {method} {0x000001a349803400} 'flashLED' '(I)V' in 'SplitterConveyor'
stack at sp + 7 slots: 0x0000008700dff100 is pointing into the stack for thread: 0x000001a325e459c0


---------------  P R O C E S S  ---------------

Threads class SMR info:
_java_thread_list=0x000001a349e23d40, length=18, elements={
0x000001a34906e620, 0x000001a34906f1f0, 0x000001a34907ca00, 0x000001a34907d310,
0x000001a349081c80, 0x000001a349082590, 0x000001a349085930, 0x000001a349088290,
0x000001a349094fe0, 0x000001a349cc4ab0, 0x000001a349dbd8d0, 0x000001a349d07ed0,
0x000001a349e26be0, 0x000001a325e43a00, 0x000001a325e43f20, 0x000001a325e44c10,
0x000001a325e459c0, 0x000001a325e3adc0
}

Java Threads: ( => current thread )
  0x000001a34906e620 JavaThread "Reference Handler" daemon [_thread_blocked, id=15732, stack(0x000000877fb00000,0x000000877fc00000)]
  0x000001a34906f1f0 JavaThread "Finalizer" daemon [_thread_blocked, id=23264, stack(0x000000877fc00000,0x000000877fd00000)]
  0x000001a34907ca00 JavaThread "Signal Dispatcher" daemon [_thread_blocked, id=13276, stack(0x000000877fd00000,0x000000877fe00000)]
  0x000001a34907d310 JavaThread "Attach Listener" daemon [_thread_blocked, id=9072, stack(0x000000877fe00000,0x000000877ff00000)]
  0x000001a349081c80 JavaThread "Service Thread" daemon [_thread_blocked, id=26880, stack(0x000000877ff00000,0x0000008780000000)]
  0x000001a349082590 JavaThread "Monitor Deflation Thread" daemon [_thread_blocked, id=22388, stack(0x0000008700000000,0x0000008700100000)]
  0x000001a349085930 JavaThread "C2 CompilerThread0" daemon [_thread_blocked, id=3648, stack(0x0000008700100000,0x0000008700200000)]
  0x000001a349088290 JavaThread "C1 CompilerThread0" daemon [_thread_blocked, id=19376, stack(0x0000008700200000,0x0000008700300000)]
  0x000001a349094fe0 JavaThread "Sweeper thread" daemon [_thread_blocked, id=11372, stack(0x0000008700300000,0x0000008700400000)]
  0x000001a349cc4ab0 JavaThread "Common-Cleaner" daemon [_thread_blocked, id=19960, stack(0x0000008700400000,0x0000008700500000)]
  0x000001a349dbd8d0 JavaThread "Notification Thread" daemon [_thread_blocked, id=25100, stack(0x0000008700700000,0x0000008700800000)]
  0x000001a349d07ed0 JavaThread "Thread-0" [_thread_in_native, id=3700, stack(0x0000008700500000,0x0000008700600000)]
  0x000001a349e26be0 JavaThread "Thread-1" [_thread_blocked, id=15512, stack(0x0000008700600000,0x0000008700700000)]
  0x000001a325e43a00 JavaThread "Thread-2" [_thread_blocked, id=25208, stack(0x0000008700a00000,0x0000008700b00000)]
  0x000001a325e43f20 JavaThread "Thread-3" [_thread_blocked, id=25872, stack(0x0000008700b00000,0x0000008700c00000)]
  0x000001a325e44c10 JavaThread "Thread-4" [_thread_blocked, id=11696, stack(0x0000008700c00000,0x0000008700d00000)]
=>0x000001a325e459c0 JavaThread "Thread-5" [_thread_in_native, id=3196, stack(0x0000008700d00000,0x0000008700e00000)]
  0x000001a325e3adc0 JavaThread "DestroyJavaVM" [_thread_blocked, id=16576, stack(0x000000877f400000,0x000000877f500000)]

Other Threads:
  0x000001a3490667b0 VMThread "VM Thread" [stack: 0x000000877fa00000,0x000000877fb00000] [id=19564]
  0x000001a325e3bb90 WatcherThread [stack: 0x0000008700800000,0x0000008700900000] [id=23428]
  0x000001a325e8bbd0 GCTaskThread "GC Thread#0" [stack: 0x000000877f500000,0x000000877f600000] [id=13560]
  0x000001a325e9c1b0 ConcurrentGCThread "G1 Main Marker" [stack: 0x000000877f600000,0x000000877f700000] [id=14404]
  0x000001a325e9f1e0 ConcurrentGCThread "G1 Conc#0" [stack: 0x000000877f700000,0x000000877f800000] [id=25412]
  0x000001a325f1d680 ConcurrentGCThread "G1 Refine#0" [stack: 0x000000877f800000,0x000000877f900000] [id=19192]
  0x000001a325f1df10 ConcurrentGCThread "G1 Service" [stack: 0x000000877f900000,0x000000877fa00000] [id=21604]

Threads with active compile tasks:

VM state: not at safepoint (normal execution)

VM Mutex/Monitor currently owned by a thread: None

Heap address: 0x0000000709600000, size: 3946 MB, Compressed Oops mode: Zero based, Oop shift amount: 3

CDS archive(s) mapped at: [0x0000000800000000-0x0000000800bb0000-0x0000000800bb0000), size 12255232, SharedBaseAddress: 0x0000000800000000, ArchiveRelocationMode: 0.
Compressed class space mapped at: 0x0000000800c00000-0x0000000840c00000, reserved size: 1073741824
Narrow klass base: 0x0000000800000000, Narrow klass shift: 3, Narrow klass range: 0x100000000

GC Precious Log:
 CPUs: 16 total, 16 available
 Memory: 15776M
 Large Page Support: Disabled
 NUMA Support: Disabled
 Compressed Oops: Enabled (Zero based)
 Heap Region Size: 2M
 Heap Min Capacity: 8M
 Heap Initial Capacity: 248M
 Heap Max Capacity: 3946M
 Pre-touch: Disabled
 Parallel Workers: 13
 Concurrent Workers: 3
 Concurrent Refinement Workers: 13
 Periodic GC: Disabled

Heap:
 garbage-first heap   total 253952K, used 4096K [0x0000000709600000, 0x0000000800000000)
  region size 2048K, 3 young (6144K), 0 survivors (0K)
 Metaspace       used 846K, committed 960K, reserved 1056768K
  class space    used 69K, committed 128K, reserved 1048576K

Heap Regions: E=young(eden), S=young(survivor), O=old, HS=humongous(starts), HC=humongous(continues), CS=collection set, F=free, OA=open archive, CA=closed archive, TAMS=top-at-mark-start (previous, next)
|   0|0x0000000709600000, 0x0000000709600000, 0x0000000709800000|  0%| F|  |TAMS 0x0000000709600000, 0x0000000709600000| Untracked 
|   1|0x0000000709800000, 0x0000000709800000, 0x0000000709a00000|  0%| F|  |TAMS 0x0000000709800000, 0x0000000709800000| Untracked 
|   2|0x0000000709a00000, 0x0000000709a00000, 0x0000000709c00000|  0%| F|  |TAMS 0x0000000709a00000, 0x0000000709a00000| Untracked 
|   3|0x0000000709c00000, 0x0000000709c00000, 0x0000000709e00000|  0%| F|  |TAMS 0x0000000709c00000, 0x0000000709c00000| Untracked 
|   4|0x0000000709e00000, 0x0000000709e00000, 0x000000070a000000|  0%| F|  |TAMS 0x0000000709e00000, 0x0000000709e00000| Untracked 
|   5|0x000000070a000000, 0x000000070a000000, 0x000000070a200000|  0%| F|  |TAMS 0x000000070a000000, 0x000000070a000000| Untracked 
|   6|0x000000070a200000, 0x000000070a200000, 0x000000070a400000|  0%| F|  |TAMS 0x000000070a200000, 0x000000070a200000| Untracked 
|   7|0x000000070a400000, 0x000000070a400000, 0x000000070a600000|  0%| F|  |TAMS 0x000000070a400000, 0x000000070a400000| Untracked 
|   8|0x000000070a600000, 0x000000070a600000, 0x000000070a800000|  0%| F|  |TAMS 0x000000070a600000, 0x000000070a600000| Untracked 
|   9|0x000000070a800000, 0x000000070a800000, 0x000000070aa00000|  0%| F|  |TAMS 0x000000070a800000, 0x000000070a800000| Untracked 
|  10|0x000000070aa00000, 0x000000070aa00000, 0x000000070ac00000|  0%| F|  |TAMS 0x000000070aa00000, 0x000000070aa00000| Untracked 
|  11|0x000000070ac00000, 0x000000070ac00000, 0x000000070ae00000|  0%| F|  |TAMS 0x000000070ac00000, 0x000000070ac00000| Untracked 
|  12|0x000000070ae00000, 0x000000070ae00000, 0x000000070b000000|  0%| F|  |TAMS 0x000000070ae00000, 0x000000070ae00000| Untracked 
|  13|0x000000070b000000, 0x000000070b000000, 0x000000070b200000|  0%| F|  |TAMS 0x000000070b000000, 0x000000070b000000| Untracked 
|  14|0x000000070b200000, 0x000000070b200000, 0x000000070b400000|  0%| F|  |TAMS 0x000000070b200000, 0x000000070b200000| Untracked 
|  15|0x000000070b400000, 0x000000070b400000, 0x000000070b600000|  0%| F|  |TAMS 0x000000070b400000, 0x000000070b400000| Untracked 
|  16|0x000000070b600000, 0x000000070b600000, 0x000000070b800000|  0%| F|  |TAMS 0x000000070b600000, 0x000000070b600000| Untracked 
|  17|0x000000070b800000, 0x000000070b800000, 0x000000070ba00000|  0%| F|  |TAMS 0x000000070b800000, 0x000000070b800000| Untracked 
|  18|0x000000070ba00000, 0x000000070ba00000, 0x000000070bc00000|  0%| F|  |TAMS 0x000000070ba00000, 0x000000070ba00000| Untracked 
|  19|0x000000070bc00000, 0x000000070bc00000, 0x000000070be00000|  0%| F|  |TAMS 0x000000070bc00000, 0x000000070bc00000| Untracked 
|  20|0x000000070be00000, 0x000000070be00000, 0x000000070c000000|  0%| F|  |TAMS 0x000000070be00000, 0x000000070be00000| Untracked 
|  21|0x000000070c000000, 0x000000070c000000, 0x000000070c200000|  0%| F|  |TAMS 0x000000070c000000, 0x000000070c000000| Untracked 
|  22|0x000000070c200000, 0x000000070c200000, 0x000000070c400000|  0%| F|  |TAMS 0x000000070c200000, 0x000000070c200000| Untracked 
|  23|0x000000070c400000, 0x000000070c400000, 0x000000070c600000|  0%| F|  |TAMS 0x000000070c400000, 0x000000070c400000| Untracked 
|  24|0x000000070c600000, 0x000000070c600000, 0x000000070c800000|  0%| F|  |TAMS 0x000000070c600000, 0x000000070c600000| Untracked 
|  25|0x000000070c800000, 0x000000070c800000, 0x000000070ca00000|  0%| F|  |TAMS 0x000000070c800000, 0x000000070c800000| Untracked 
|  26|0x000000070ca00000, 0x000000070ca00000, 0x000000070cc00000|  0%| F|  |TAMS 0x000000070ca00000, 0x000000070ca00000| Untracked 
|  27|0x000000070cc00000, 0x000000070cc00000, 0x000000070ce00000|  0%| F|  |TAMS 0x000000070cc00000, 0x000000070cc00000| Untracked 
|  28|0x000000070ce00000, 0x000000070ce00000, 0x000000070d000000|  0%| F|  |TAMS 0x000000070ce00000, 0x000000070ce00000| Untracked 
|  29|0x000000070d000000, 0x000000070d000000, 0x000000070d200000|  0%| F|  |TAMS 0x000000070d000000, 0x000000070d000000| Untracked 
|  30|0x000000070d200000, 0x000000070d200000, 0x000000070d400000|  0%| F|  |TAMS 0x000000070d200000, 0x000000070d200000| Untracked 
|  31|0x000000070d400000, 0x000000070d400000, 0x000000070d600000|  0%| F|  |TAMS 0x000000070d400000, 0x000000070d400000| Untracked 
|  32|0x000000070d600000, 0x000000070d600000, 0x000000070d800000|  0%| F|  |TAMS 0x000000070d600000, 0x000000070d600000| Untracked 
|  33|0x000000070d800000, 0x000000070d800000, 0x000000070da00000|  0%| F|  |TAMS 0x000000070d800000, 0x000000070d800000| Untracked 
|  34|0x000000070da00000, 0x000000070da00000, 0x000000070dc00000|  0%| F|  |TAMS 0x000000070da00000, 0x000000070da00000| Untracked 
|  35|0x000000070dc00000, 0x000000070dc00000, 0x000000070de00000|  0%| F|  |TAMS 0x000000070dc00000, 0x000000070dc00000| Untracked 
|  36|0x000000070de00000, 0x000000070de00000, 0x000000070e000000|  0%| F|  |TAMS 0x000000070de00000, 0x000000070de00000| Untracked 
|  37|0x000000070e000000, 0x000000070e000000, 0x000000070e200000|  0%| F|  |TAMS 0x000000070e000000, 0x000000070e000000| Untracked 
|  38|0x000000070e200000, 0x000000070e200000, 0x000000070e400000|  0%| F|  |TAMS 0x000000070e200000, 0x000000070e200000| Untracked 
|  39|0x000000070e400000, 0x000000070e400000, 0x000000070e600000|  0%| F|  |TAMS 0x000000070e400000, 0x000000070e400000| Untracked 
|  40|0x000000070e600000, 0x000000070e600000, 0x000000070e800000|  0%| F|  |TAMS 0x000000070e600000, 0x000000070e600000| Untracked 
|  41|0x000000070e800000, 0x000000070e800000, 0x000000070ea00000|  0%| F|  |TAMS 0x000000070e800000, 0x000000070e800000| Untracked 
|  42|0x000000070ea00000, 0x000000070ea00000, 0x000000070ec00000|  0%| F|  |TAMS 0x000000070ea00000, 0x000000070ea00000| Untracked 
|  43|0x000000070ec00000, 0x000000070ec00000, 0x000000070ee00000|  0%| F|  |TAMS 0x000000070ec00000, 0x000000070ec00000| Untracked 
|  44|0x000000070ee00000, 0x000000070ee00000, 0x000000070f000000|  0%| F|  |TAMS 0x000000070ee00000, 0x000000070ee00000| Untracked 
|  45|0x000000070f000000, 0x000000070f000000, 0x000000070f200000|  0%| F|  |TAMS 0x000000070f000000, 0x000000070f000000| Untracked 
|  46|0x000000070f200000, 0x000000070f200000, 0x000000070f400000|  0%| F|  |TAMS 0x000000070f200000, 0x000000070f200000| Untracked 
|  47|0x000000070f400000, 0x000000070f400000, 0x000000070f600000|  0%| F|  |TAMS 0x000000070f400000, 0x000000070f400000| Untracked 
|  48|0x000000070f600000, 0x000000070f600000, 0x000000070f800000|  0%| F|  |TAMS 0x000000070f600000, 0x000000070f600000| Untracked 
|  49|0x000000070f800000, 0x000000070f800000, 0x000000070fa00000|  0%| F|  |TAMS 0x000000070f800000, 0x000000070f800000| Untracked 
|  50|0x000000070fa00000, 0x000000070fa00000, 0x000000070fc00000|  0%| F|  |TAMS 0x000000070fa00000, 0x000000070fa00000| Untracked 
|  51|0x000000070fc00000, 0x000000070fc00000, 0x000000070fe00000|  0%| F|  |TAMS 0x000000070fc00000, 0x000000070fc00000| Untracked 
|  52|0x000000070fe00000, 0x000000070fe00000, 0x0000000710000000|  0%| F|  |TAMS 0x000000070fe00000, 0x000000070fe00000| Untracked 
|  53|0x0000000710000000, 0x0000000710000000, 0x0000000710200000|  0%| F|  |TAMS 0x0000000710000000, 0x0000000710000000| Untracked 
|  54|0x0000000710200000, 0x0000000710200000, 0x0000000710400000|  0%| F|  |TAMS 0x0000000710200000, 0x0000000710200000| Untracked 
|  55|0x0000000710400000, 0x0000000710400000, 0x0000000710600000|  0%| F|  |TAMS 0x0000000710400000, 0x0000000710400000| Untracked 
|  56|0x0000000710600000, 0x0000000710600000, 0x0000000710800000|  0%| F|  |TAMS 0x0000000710600000, 0x0000000710600000| Untracked 
|  57|0x0000000710800000, 0x0000000710800000, 0x0000000710a00000|  0%| F|  |TAMS 0x0000000710800000, 0x0000000710800000| Untracked 
|  58|0x0000000710a00000, 0x0000000710a00000, 0x0000000710c00000|  0%| F|  |TAMS 0x0000000710a00000, 0x0000000710a00000| Untracked 
|  59|0x0000000710c00000, 0x0000000710c00000, 0x0000000710e00000|  0%| F|  |TAMS 0x0000000710c00000, 0x0000000710c00000| Untracked 
|  60|0x0000000710e00000, 0x0000000710e00000, 0x0000000711000000|  0%| F|  |TAMS 0x0000000710e00000, 0x0000000710e00000| Untracked 
|  61|0x0000000711000000, 0x0000000711000000, 0x0000000711200000|  0%| F|  |TAMS 0x0000000711000000, 0x0000000711000000| Untracked 
|  62|0x0000000711200000, 0x0000000711200000, 0x0000000711400000|  0%| F|  |TAMS 0x0000000711200000, 0x0000000711200000| Untracked 
|  63|0x0000000711400000, 0x0000000711400000, 0x0000000711600000|  0%| F|  |TAMS 0x0000000711400000, 0x0000000711400000| Untracked 
|  64|0x0000000711600000, 0x0000000711600000, 0x0000000711800000|  0%| F|  |TAMS 0x0000000711600000, 0x0000000711600000| Untracked 
|  65|0x0000000711800000, 0x0000000711800000, 0x0000000711a00000|  0%| F|  |TAMS 0x0000000711800000, 0x0000000711800000| Untracked 
|  66|0x0000000711a00000, 0x0000000711a00000, 0x0000000711c00000|  0%| F|  |TAMS 0x0000000711a00000, 0x0000000711a00000| Untracked 
|  67|0x0000000711c00000, 0x0000000711c00000, 0x0000000711e00000|  0%| F|  |TAMS 0x0000000711c00000, 0x0000000711c00000| Untracked 
|  68|0x0000000711e00000, 0x0000000711e00000, 0x0000000712000000|  0%| F|  |TAMS 0x0000000711e00000, 0x0000000711e00000| Untracked 
|  69|0x0000000712000000, 0x0000000712000000, 0x0000000712200000|  0%| F|  |TAMS 0x0000000712000000, 0x0000000712000000| Untracked 
|  70|0x0000000712200000, 0x0000000712200000, 0x0000000712400000|  0%| F|  |TAMS 0x0000000712200000, 0x0000000712200000| Untracked 
|  71|0x0000000712400000, 0x0000000712400000, 0x0000000712600000|  0%| F|  |TAMS 0x0000000712400000, 0x0000000712400000| Untracked 
|  72|0x0000000712600000, 0x0000000712600000, 0x0000000712800000|  0%| F|  |TAMS 0x0000000712600000, 0x0000000712600000| Untracked 
|  73|0x0000000712800000, 0x0000000712800000, 0x0000000712a00000|  0%| F|  |TAMS 0x0000000712800000, 0x0000000712800000| Untracked 
|  74|0x0000000712a00000, 0x0000000712a00000, 0x0000000712c00000|  0%| F|  |TAMS 0x0000000712a00000, 0x0000000712a00000| Untracked 
|  75|0x0000000712c00000, 0x0000000712c00000, 0x0000000712e00000|  0%| F|  |TAMS 0x0000000712c00000, 0x0000000712c00000| Untracked 
|  76|0x0000000712e00000, 0x0000000712e00000, 0x0000000713000000|  0%| F|  |TAMS 0x0000000712e00000, 0x0000000712e00000| Untracked 
|  77|0x0000000713000000, 0x0000000713000000, 0x0000000713200000|  0%| F|  |TAMS 0x0000000713000000, 0x0000000713000000| Untracked 
|  78|0x0000000713200000, 0x0000000713200000, 0x0000000713400000|  0%| F|  |TAMS 0x0000000713200000, 0x0000000713200000| Untracked 
|  79|0x0000000713400000, 0x0000000713400000, 0x0000000713600000|  0%| F|  |TAMS 0x0000000713400000, 0x0000000713400000| Untracked 
|  80|0x0000000713600000, 0x0000000713600000, 0x0000000713800000|  0%| F|  |TAMS 0x0000000713600000, 0x0000000713600000| Untracked 
|  81|0x0000000713800000, 0x0000000713800000, 0x0000000713a00000|  0%| F|  |TAMS 0x0000000713800000, 0x0000000713800000| Untracked 
|  82|0x0000000713a00000, 0x0000000713a00000, 0x0000000713c00000|  0%| F|  |TAMS 0x0000000713a00000, 0x0000000713a00000| Untracked 
|  83|0x0000000713c00000, 0x0000000713c00000, 0x0000000713e00000|  0%| F|  |TAMS 0x0000000713c00000, 0x0000000713c00000| Untracked 
|  84|0x0000000713e00000, 0x0000000713e00000, 0x0000000714000000|  0%| F|  |TAMS 0x0000000713e00000, 0x0000000713e00000| Untracked 
|  85|0x0000000714000000, 0x0000000714000000, 0x0000000714200000|  0%| F|  |TAMS 0x0000000714000000, 0x0000000714000000| Untracked 
|  86|0x0000000714200000, 0x0000000714200000, 0x0000000714400000|  0%| F|  |TAMS 0x0000000714200000, 0x0000000714200000| Untracked 
|  87|0x0000000714400000, 0x0000000714400000, 0x0000000714600000|  0%| F|  |TAMS 0x0000000714400000, 0x0000000714400000| Untracked 
|  88|0x0000000714600000, 0x0000000714600000, 0x0000000714800000|  0%| F|  |TAMS 0x0000000714600000, 0x0000000714600000| Untracked 
|  89|0x0000000714800000, 0x0000000714800000, 0x0000000714a00000|  0%| F|  |TAMS 0x0000000714800000, 0x0000000714800000| Untracked 
|  90|0x0000000714a00000, 0x0000000714a00000, 0x0000000714c00000|  0%| F|  |TAMS 0x0000000714a00000, 0x0000000714a00000| Untracked 
|  91|0x0000000714c00000, 0x0000000714c00000, 0x0000000714e00000|  0%| F|  |TAMS 0x0000000714c00000, 0x0000000714c00000| Untracked 
|  92|0x0000000714e00000, 0x0000000714e00000, 0x0000000715000000|  0%| F|  |TAMS 0x0000000714e00000, 0x0000000714e00000| Untracked 
|  93|0x0000000715000000, 0x0000000715000000, 0x0000000715200000|  0%| F|  |TAMS 0x0000000715000000, 0x0000000715000000| Untracked 
|  94|0x0000000715200000, 0x0000000715200000, 0x0000000715400000|  0%| F|  |TAMS 0x0000000715200000, 0x0000000715200000| Untracked 
|  95|0x0000000715400000, 0x0000000715400000, 0x0000000715600000|  0%| F|  |TAMS 0x0000000715400000, 0x0000000715400000| Untracked 
|  96|0x0000000715600000, 0x0000000715600000, 0x0000000715800000|  0%| F|  |TAMS 0x0000000715600000, 0x0000000715600000| Untracked 
|  97|0x0000000715800000, 0x0000000715800000, 0x0000000715a00000|  0%| F|  |TAMS 0x0000000715800000, 0x0000000715800000| Untracked 
|  98|0x0000000715a00000, 0x0000000715a00000, 0x0000000715c00000|  0%| F|  |TAMS 0x0000000715a00000, 0x0000000715a00000| Untracked 
|  99|0x0000000715c00000, 0x0000000715c00000, 0x0000000715e00000|  0%| F|  |TAMS 0x0000000715c00000, 0x0000000715c00000| Untracked 
| 100|0x0000000715e00000, 0x0000000715e00000, 0x0000000716000000|  0%| F|  |TAMS 0x0000000715e00000, 0x0000000715e00000| Untracked 
| 101|0x0000000716000000, 0x0000000716000000, 0x0000000716200000|  0%| F|  |TAMS 0x0000000716000000, 0x0000000716000000| Untracked 
| 102|0x0000000716200000, 0x0000000716200000, 0x0000000716400000|  0%| F|  |TAMS 0x0000000716200000, 0x0000000716200000| Untracked 
| 103|0x0000000716400000, 0x0000000716400000, 0x0000000716600000|  0%| F|  |TAMS 0x0000000716400000, 0x0000000716400000| Untracked 
| 104|0x0000000716600000, 0x0000000716600000, 0x0000000716800000|  0%| F|  |TAMS 0x0000000716600000, 0x0000000716600000| Untracked 
| 105|0x0000000716800000, 0x0000000716800000, 0x0000000716a00000|  0%| F|  |TAMS 0x0000000716800000, 0x0000000716800000| Untracked 
| 106|0x0000000716a00000, 0x0000000716a00000, 0x0000000716c00000|  0%| F|  |TAMS 0x0000000716a00000, 0x0000000716a00000| Untracked 
| 107|0x0000000716c00000, 0x0000000716c00000, 0x0000000716e00000|  0%| F|  |TAMS 0x0000000716c00000, 0x0000000716c00000| Untracked 
| 108|0x0000000716e00000, 0x0000000716e00000, 0x0000000717000000|  0%| F|  |TAMS 0x0000000716e00000, 0x0000000716e00000| Untracked 
| 109|0x0000000717000000, 0x0000000717000000, 0x0000000717200000|  0%| F|  |TAMS 0x0000000717000000, 0x0000000717000000| Untracked 
| 110|0x0000000717200000, 0x0000000717200000, 0x0000000717400000|  0%| F|  |TAMS 0x0000000717200000, 0x0000000717200000| Untracked 
| 111|0x0000000717400000, 0x0000000717400000, 0x0000000717600000|  0%| F|  |TAMS 0x0000000717400000, 0x0000000717400000| Untracked 
| 112|0x0000000717600000, 0x0000000717600000, 0x0000000717800000|  0%| F|  |TAMS 0x0000000717600000, 0x0000000717600000| Untracked 
| 113|0x0000000717800000, 0x0000000717800000, 0x0000000717a00000|  0%| F|  |TAMS 0x0000000717800000, 0x0000000717800000| Untracked 
| 114|0x0000000717a00000, 0x0000000717a00000, 0x0000000717c00000|  0%| F|  |TAMS 0x0000000717a00000, 0x0000000717a00000| Untracked 
| 115|0x0000000717c00000, 0x0000000717c00000, 0x0000000717e00000|  0%| F|  |TAMS 0x0000000717c00000, 0x0000000717c00000| Untracked 
| 116|0x0000000717e00000, 0x0000000717e00000, 0x0000000718000000|  0%| F|  |TAMS 0x0000000717e00000, 0x0000000717e00000| Untracked 
| 117|0x0000000718000000, 0x0000000718000000, 0x0000000718200000|  0%| F|  |TAMS 0x0000000718000000, 0x0000000718000000| Untracked 
| 118|0x0000000718200000, 0x0000000718200000, 0x0000000718400000|  0%| F|  |TAMS 0x0000000718200000, 0x0000000718200000| Untracked 
| 119|0x0000000718400000, 0x0000000718400000, 0x0000000718600000|  0%| F|  |TAMS 0x0000000718400000, 0x0000000718400000| Untracked 
| 120|0x0000000718600000, 0x0000000718600000, 0x0000000718800000|  0%| F|  |TAMS 0x0000000718600000, 0x0000000718600000| Untracked 
| 121|0x0000000718800000, 0x00000007189c32b0, 0x0000000718a00000| 88%| E|  |TAMS 0x0000000718800000, 0x0000000718800000| Complete 
| 122|0x0000000718a00000, 0x0000000718c00000, 0x0000000718c00000|100%| E|CS|TAMS 0x0000000718a00000, 0x0000000718a00000| Complete 
| 123|0x0000000718c00000, 0x0000000718e00000, 0x0000000718e00000|100%| E|CS|TAMS 0x0000000718c00000, 0x0000000718c00000| Complete 

Card table byte_map: [0x000001a33d600000,0x000001a33ddc0000] _byte_map_base: 0x000001a339db5000

Marking Bits (Prev, Next): (CMBitMap*) 0x000001a325e8c150, (CMBitMap*) 0x000001a325e8c190
 Prev Bits: [0x000001a33e580000, 0x000001a342328000)
 Next Bits: [0x000001a342330000, 0x000001a3460d8000)

Polling page: 0x000001a323de0000

Metaspace:

Usage:
  Non-class:    777.14 KB used.
      Class:     69.47 KB used.
       Both:    846.61 KB used.

Virtual space:
  Non-class space:        8.00 MB reserved,     832.00 KB ( 10%) committed,  1 nodes.
      Class space:        1.00 GB reserved,     128.00 KB ( <1%) committed,  1 nodes.
              Both:        1.01 GB reserved,     960.00 KB ( <1%) committed. 

Chunk freelists:
   Non-Class:  3.91 MB
       Class:  3.73 MB
        Both:  7.64 MB

MaxMetaspaceSize: 17179869184.00 GB
CompressedClassSpaceSize: 1.00 GB
 - commit_granule_bytes: 65536.
 - commit_granule_words: 8192.
 - virtual_space_node_default_size: 1048576.
 - enlarge_chunks_in_place: 1.
 - new_chunks_are_fully_committed: 0.
 - uncommit_free_chunks: 1.
 - use_allocation_guard: 0.
 - handle_deallocations: 1.


Internal statistics:

num_allocs_failed_limit: 0.
num_arena_births: 20.
num_arena_deaths: 0.
num_vsnodes_births: 2.
num_vsnodes_deaths: 0.
num_space_committed: 15.
num_space_uncommitted: 0.
num_chunks_returned_to_freelist: 0.
num_chunks_taken_from_freelist: 32.
num_chunk_merges: 0.
num_chunk_splits: 19.
num_chunks_enlarged: 12.
num_purges: 0.

CodeHeap 'non-profiled nmethods': size=119168Kb used=134Kb max_used=134Kb free=119033Kb
 bounds [0x000001a335160000, 0x000001a3353d0000, 0x000001a33c5c0000]
CodeHeap 'profiled nmethods': size=119104Kb used=410Kb max_used=410Kb free=118693Kb
 bounds [0x000001a32dd10000, 0x000001a32df80000, 0x000001a335160000]
CodeHeap 'non-nmethods': size=7488Kb used=1133Kb max_used=1696Kb free=6354Kb
 bounds [0x000001a32d5c0000, 0x000001a32d830000, 0x000001a32dd10000]
 total_blobs=766 nmethods=355 adapters=324
 compilation: enabled
              stopped_count=0, restarted_count=0
 full_count=0

Compilation events (20 events):
Event: 253.064 Thread 0x000001a349088290  330       1       sun.invoke.util.Wrapper::basicTypeChar (5 bytes)
Event: 253.064 Thread 0x000001a349088290 nmethod 330 0x000001a33517e110 code [0x000001a33517e2a0, 0x000001a33517e378]
Event: 253.064 Thread 0x000001a349088290  327       1       java.lang.invoke.MethodTypeForm::basicType (5 bytes)
Event: 253.064 Thread 0x000001a349088290 nmethod 327 0x000001a33517e410 code [0x000001a33517e5a0, 0x000001a33517e678]
Event: 253.660 Thread 0x000001a349088290  344       3       Cylinder1::getPosition (4 bytes)
Event: 253.660 Thread 0x000001a349088290 nmethod 344 0x000001a32dd73690 code [0x000001a32dd73840, 0x000001a32dd73968]
Event: 254.846 Thread 0x000001a349085930  346 %     4       Mechanism::identifyPart @ 6 (76 bytes)
Event: 254.848 Thread 0x000001a349085930 nmethod 346% 0x000001a33517ec10 code [0x000001a33517ee20, 0x000001a33517f110]
Event: 254.885 Thread 0x000001a349085930  347       4       Mechanism::identifyPart (76 bytes)
Event: 254.887 Thread 0x000001a349085930 nmethod 347 0x000001a33517f590 code [0x000001a33517f7a0, 0x000001a33517fa20]
Event: 293.727 Thread 0x000001a349088290  348       3       java.nio.ByteBuffer::arrayOffset (35 bytes)
Event: 293.727 Thread 0x000001a349088290 nmethod 348 0x000001a32dd73a10 code [0x000001a32dd73be0, 0x000001a32dd73eb8]
Event: 295.189 Thread 0x000001a349088290  349 %     3       Mechanism::identifyPart @ 6 (76 bytes)
Event: 295.191 Thread 0x000001a349088290 nmethod 349% 0x000001a32dd74010 code [0x000001a32dd74360, 0x000001a32dd75eb8]
Event: 295.438 Thread 0x000001a349085930  350 %     4       Mechanism::identifyPart @ 6 (76 bytes)
Event: 295.441 Thread 0x000001a349085930 nmethod 350% 0x000001a33517fe90 code [0x000001a3351800a0, 0x000001a3351803b0]
Event: 304.233 Thread 0x000001a349088290  352       3       Cylinder2::getPosition (4 bytes)
Event: 304.233 Thread 0x000001a349088290 nmethod 352 0x000001a32dd76590 code [0x000001a32dd76740, 0x000001a32dd76868]
Event: 325.488 Thread 0x000001a349085930  355       4       CylinderStart::getPosition (4 bytes)
Event: 325.489 Thread 0x000001a349085930 nmethod 355 0x000001a335181710 code [0x000001a3351818a0, 0x000001a335181948]

GC Heap History (0 events):
No events

Deoptimization events (20 events):
Event: 209.916 Thread 0x000001a325e44c10 DEOPT PACKING pc=0x000001a32dd60da9 sp=0x0000008700cff430
Event: 209.916 Thread 0x000001a325e44c10 DEOPT UNPACKING pc=0x000001a32d60dece sp=0x0000008700cfe908 mode 0
Event: 236.682 Thread 0x000001a349e26be0 DEOPT PACKING pc=0x000001a32dd657ef sp=0x00000087006ff190
Event: 236.682 Thread 0x000001a349e26be0 DEOPT UNPACKING pc=0x000001a32d60dece sp=0x00000087006fe660 mode 0
Event: 253.060 Thread 0x000001a349e26be0 Uncommon trap: trap_request=0xffffff45 fr.pc=0x000001a335179578 relative=0x00000000000000b8
Event: 253.060 Thread 0x000001a349e26be0 Uncommon trap: reason=unstable_if action=reinterpret pc=0x000001a335179578 method=Mechanism.identifyPart()I @ 14 c2
Event: 253.060 Thread 0x000001a349e26be0 DEOPT PACKING pc=0x000001a335179578 sp=0x00000087006ff1d0
Event: 253.060 Thread 0x000001a349e26be0 DEOPT UNPACKING pc=0x000001a32d60d72e sp=0x00000087006ff178 mode 2
Event: 254.885 Thread 0x000001a349e26be0 DEOPT PACKING pc=0x000001a32dd660f8 sp=0x00000087006ff1c0
Event: 254.885 Thread 0x000001a349e26be0 DEOPT UNPACKING pc=0x000001a32d60dece sp=0x00000087006fe660 mode 0
Event: 295.174 Thread 0x000001a349e26be0 Uncommon trap: trap_request=0xffffff45 fr.pc=0x000001a33517eecc relative=0x00000000000000ac
Event: 295.174 Thread 0x000001a349e26be0 Uncommon trap: reason=unstable_if action=reinterpret pc=0x000001a33517eecc method=Mechanism.identifyPart()I @ 40 c2
Event: 295.174 Thread 0x000001a349e26be0 DEOPT PACKING pc=0x000001a33517eecc sp=0x00000087006ff1d0
Event: 295.174 Thread 0x000001a349e26be0 DEOPT UNPACKING pc=0x000001a32d60d72e sp=0x00000087006ff170 mode 2
Event: 295.526 Thread 0x000001a349e26be0 DEOPT PACKING pc=0x000001a32dd75b4b sp=0x00000087006ff0c0
Event: 295.526 Thread 0x000001a349e26be0 DEOPT UNPACKING pc=0x000001a32d60dece sp=0x00000087006fe660 mode 0
Event: 401.040 Thread 0x000001a325e459c0 Uncommon trap: trap_request=0xffffff45 fr.pc=0x000001a3351766fc relative=0x00000000000000bc
Event: 401.040 Thread 0x000001a325e459c0 Uncommon trap: reason=unstable_if action=reinterpret pc=0x000001a3351766fc method=ThreadDock2.run()V @ 18 c2
Event: 401.040 Thread 0x000001a325e459c0 DEOPT PACKING pc=0x000001a3351766fc sp=0x0000008700dff310
Event: 401.040 Thread 0x000001a325e459c0 DEOPT UNPACKING pc=0x000001a32d60d72e sp=0x0000008700dff2c8 mode 2

Classes unloaded (0 events):
No events

Classes redefined (0 events):
No events

Internal exceptions (2 events):
Event: 0.040 Thread 0x000001a325e3adc0 Exception <a 'sun/nio/fs/WindowsException'{0x0000000718d24f88}> (0x0000000718d24f88) 
thrown [t:\workspace\open\src\hotspot\share\prims\jni.cpp, line 579]
Event: 0.041 Thread 0x000001a325e3adc0 Exception <a 'sun/nio/fs/WindowsException'{0x0000000718d253d8}> (0x0000000718d253d8) 
thrown [t:\workspace\open\src\hotspot\share\prims\jni.cpp, line 579]

Events (20 events):
Event: 5.782 loading class java/util/regex/Pattern$1
Event: 5.782 loading class java/util/regex/Pattern$1 done
Event: 6.011 Thread 0x000001a349d07ed0 Thread added: 0x000001a349d07ed0
Event: 7.551 Thread 0x000001a349e26be0 Thread added: 0x000001a349e26be0
Event: 7.551 Thread 0x000001a325e43a00 Thread added: 0x000001a325e43a00
Event: 7.551 Thread 0x000001a325e43f20 Thread added: 0x000001a325e43f20
Event: 7.551 Thread 0x000001a325e44c10 Thread added: 0x000001a325e44c10
Event: 7.551 Thread 0x000001a325e459c0 Thread added: 0x000001a325e459c0
Event: 7.551 loading class java/util/concurrent/locks/AbstractQueuedSynchronizer$SharedNode
Event: 7.551 loading class java/util/concurrent/locks/AbstractQueuedSynchronizer$Node
Event: 7.551 loading class java/util/concurrent/locks/AbstractQueuedSynchronizer$Node done
Event: 7.551 loading class java/util/concurrent/locks/AbstractQueuedSynchronizer$SharedNode done
Event: 7.551 Thread 0x000001a325e3adc0 Thread exited: 0x000001a325e3adc0
Event: 7.551 loading class java/util/concurrent/locks/AbstractQueuedSynchronizer$ExclusiveNode
Event: 7.551 loading class java/util/concurrent/locks/AbstractQueuedSynchronizer$ExclusiveNode done
Event: 7.551 Thread 0x000001a325e3adc0 Thread added: 0x000001a325e3adc0
Event: 235.563 loading class java/util/concurrent/locks/AbstractQueuedSynchronizer$ConditionNode
Event: 235.563 loading class java/util/concurrent/ForkJoinPool$ManagedBlocker
Event: 235.563 loading class java/util/concurrent/ForkJoinPool$ManagedBlocker done
Event: 235.563 loading class java/util/concurrent/locks/AbstractQueuedSynchronizer$ConditionNode done


Dynamic libraries:
0x00007ff716190000 - 0x00007ff7161a0000 	C:\Program Files\Java\jdk-16.0.2\bin\java.exe
0x00007ffbad380000 - 0x00007ffbad587000 	C:\WINDOWS\SYSTEM32\ntdll.dll
0x00007ffbac8a0000 - 0x00007ffbac95d000 	C:\WINDOWS\System32\KERNEL32.DLL
0x00007ffbaae60000 - 0x00007ffbab1d4000 	C:\WINDOWS\System32\KERNELBASE.dll
0x00007ffba7f60000 - 0x00007ffba7f79000 	C:\Program Files\Java\jdk-16.0.2\bin\VCRUNTIME140.dll
0x00007ffbaa860000 - 0x00007ffbaa971000 	C:\WINDOWS\System32\ucrtbase.dll
0x00007ffba8150000 - 0x00007ffba8168000 	C:\Program Files\Java\jdk-16.0.2\bin\jli.dll
0x00007ffbab690000 - 0x00007ffbab73c000 	C:\WINDOWS\System32\ADVAPI32.dll
0x00007ffbacb20000 - 0x00007ffbacbc3000 	C:\WINDOWS\System32\msvcrt.dll
0x00007ffbac7f0000 - 0x00007ffbac88d000 	C:\WINDOWS\System32\sechost.dll
0x00007ffbab210000 - 0x00007ffbab331000 	C:\WINDOWS\System32\RPCRT4.dll
0x00007ffbab4d0000 - 0x00007ffbab67c000 	C:\WINDOWS\System32\USER32.dll
0x00007ffb98470000 - 0x00007ffb98715000 	C:\WINDOWS\WinSxS\amd64_microsoft.windows.common-controls_6595b64144ccf1df_6.0.22000.120_none_9d947278b86cc467\COMCTL32.dll
0x00007ffbab1e0000 - 0x00007ffbab206000 	C:\WINDOWS\System32\win32u.dll
0x00007ffbacd40000 - 0x00007ffbacd69000 	C:\WINDOWS\System32\GDI32.dll
0x00007ffbaab90000 - 0x00007ffbaaca2000 	C:\WINDOWS\System32\gdi32full.dll
0x00007ffbaaaf0000 - 0x00007ffbaab8d000 	C:\WINDOWS\System32\msvcp_win.dll
0x00007ffba3220000 - 0x00007ffba322a000 	C:\WINDOWS\SYSTEM32\VERSION.dll
0x00007ffbace90000 - 0x00007ffbacec1000 	C:\WINDOWS\System32\IMM32.DLL
0x00007ffba80b0000 - 0x00007ffba80bc000 	C:\Program Files\Java\jdk-16.0.2\bin\vcruntime140_1.dll
0x00007ffb79e10000 - 0x00007ffb79ea1000 	C:\Program Files\Java\jdk-16.0.2\bin\msvcp140.dll
0x00007ffb2a3c0000 - 0x00007ffb2af6b000 	C:\Program Files\Java\jdk-16.0.2\bin\server\jvm.dll
0x00007ffbac890000 - 0x00007ffbac898000 	C:\WINDOWS\System32\PSAPI.DLL
0x00007ffb953a0000 - 0x00007ffb953a9000 	C:\WINDOWS\SYSTEM32\WSOCK32.dll
0x00007ffba7f10000 - 0x00007ffba7f43000 	C:\WINDOWS\SYSTEM32\WINMM.dll
0x00007ffbab450000 - 0x00007ffbab4bf000 	C:\WINDOWS\System32\WS2_32.dll
0x00007ffba9a70000 - 0x00007ffba9a88000 	C:\WINDOWS\SYSTEM32\kernel.appcore.dll
0x00007ffba7fa0000 - 0x00007ffba7faa000 	C:\Program Files\Java\jdk-16.0.2\bin\jimage.dll
0x00007ffba7ce0000 - 0x00007ffba7f01000 	C:\WINDOWS\SYSTEM32\DBGHELP.DLL
0x00007ffba7ca0000 - 0x00007ffba7cd1000 	C:\WINDOWS\SYSTEM32\dbgcore.DLL
0x00007ffbaad70000 - 0x00007ffbaadf0000 	C:\WINDOWS\System32\bcryptPrimitives.dll
0x00007ffba7c30000 - 0x00007ffba7c55000 	C:\Program Files\Java\jdk-16.0.2\bin\java.dll
0x00007ffbab740000 - 0x00007ffbabeee000 	C:\WINDOWS\System32\SHELL32.dll
0x00007ffba89d0000 - 0x00007ffba9237000 	C:\WINDOWS\SYSTEM32\windows.storage.dll
0x00007ffbabfe0000 - 0x00007ffbac358000 	C:\WINDOWS\System32\combase.dll
0x00007ffba8860000 - 0x00007ffba89c6000 	C:\WINDOWS\SYSTEM32\wintypes.dll
0x00007ffbabef0000 - 0x00007ffbabfda000 	C:\WINDOWS\System32\SHCORE.dll
0x00007ffbac360000 - 0x00007ffbac3bd000 	C:\WINDOWS\System32\shlwapi.dll
0x00007ffbaa790000 - 0x00007ffbaa7b1000 	C:\WINDOWS\SYSTEM32\profapi.dll
0x00007ffb9af40000 - 0x00007ffb9af59000 	C:\Program Files\Java\jdk-16.0.2\bin\net.dll
0x00007ffba6f10000 - 0x00007ffba701c000 	C:\WINDOWS\SYSTEM32\WINHTTP.dll
0x00007ffba9e80000 - 0x00007ffba9ee7000 	C:\WINDOWS\system32\mswsock.dll
0x00007ffb9ab00000 - 0x00007ffb9ab13000 	C:\Program Files\Java\jdk-16.0.2\bin\nio.dll
0x00007ffb79fe0000 - 0x00007ffb7a051000 	C:\str\SplitterConveyor\x64\Debug\SplitterConveyor.dll
0x00007ffba8120000 - 0x00007ffba814b000 	C:\WINDOWS\SYSTEM32\VCRUNTIME140D.dll
0x00007ffb639d0000 - 0x00007ffb63b97000 	C:\WINDOWS\SYSTEM32\ucrtbased.dll

dbghelp: loaded successfully - version: 4.0.5 - missing functions: none
symbol engine: initialized successfully - sym options: 0x614 - pdb path: .;C:\Program Files\Java\jdk-16.0.2\bin;C:\WINDOWS\SYSTEM32;C:\WINDOWS\WinSxS\amd64_microsoft.windows.common-controls_6595b64144ccf1df_6.0.22000.120_none_9d947278b86cc467;C:\Program Files\Java\jdk-16.0.2\bin\server;C:\str\SplitterConveyor\x64\Debug

VM Arguments:
jvm_args: -Dfile.encoding=UTF-8 --module-path=C:\str\labwork2\build\classes 
java_command: Labwork2
java_class_path (initial): C:\str\labwork2\build\classes
Launcher Type: SUN_STANDARD

[Global flags]
     intx CICompilerCount                          = 12                                        {product} {ergonomic}
     uint ConcGCThreads                            = 3                                         {product} {ergonomic}
     uint G1ConcRefinementThreads                  = 13                                        {product} {ergonomic}
   size_t G1HeapRegionSize                         = 2097152                                   {product} {ergonomic}
    uintx GCDrainStackTargetSize                   = 64                                        {product} {ergonomic}
   size_t InitialHeapSize                          = 260046848                                 {product} {ergonomic}
   size_t MarkStackSize                            = 4194304                                   {product} {ergonomic}
   size_t MaxHeapSize                              = 4137680896                                {product} {ergonomic}
   size_t MaxNewSize                               = 2480930816                                {product} {ergonomic}
   size_t MinHeapDeltaBytes                        = 2097152                                   {product} {ergonomic}
   size_t MinHeapSize                              = 8388608                                   {product} {ergonomic}
    uintx NonNMethodCodeHeapSize                   = 7602480                                {pd product} {ergonomic}
    uintx NonProfiledCodeHeapSize                  = 122027880                              {pd product} {ergonomic}
    uintx ProfiledCodeHeapSize                     = 122027880                              {pd product} {ergonomic}
    uintx ReservedCodeCacheSize                    = 251658240                              {pd product} {ergonomic}
     bool SegmentedCodeCache                       = true                                      {product} {ergonomic}
   size_t SoftMaxHeapSize                          = 4137680896                             {manageable} {ergonomic}
     bool UseCompressedClassPointers               = true                           {product lp64_product} {ergonomic}
     bool UseCompressedOops                        = true                           {product lp64_product} {ergonomic}
     bool UseG1GC                                  = true                                      {product} {ergonomic}
     bool UseLargePagesIndividualAllocation        = false                                  {pd product} {ergonomic}

Logging:
Log output configuration:
 #0: stdout all=warning uptime,level,tags
 #1: stderr all=off uptime,level,tags

Environment Variables:
JAVA_HOME=C:\Program Files\Java\jdk1.8.0_301
PATH=C:\Program Files\Java\jdk1.8.0_301\bin;C:\Program Files\Common Files\Oracle\Java\javapath;C:\Program Files (x86)\Common Files\Oracle\Java\javapath;C:\Program Files (x86)\VMware\VMware Player\bin\;C:\Windows\system32;C:\Windows;C:\Windows\System32\Wbem;C:\Windows\System32\WindowsPowerShell\v1.0\;C:\Windows\System32\OpenSSH\;C:\Program Files (x86)\NVIDIA Corporation\PhysX\Common;C:\Program Files\NVIDIA Corporation\NVIDIA NvDLISR;C:\WINDOWS\system32;C:\WINDOWS;C:\WINDOWS\System32\Wbem;C:\WINDOWS\System32\WindowsPowerShell\v1.0\;C:\WINDOWS\System32\OpenSSH\;C:\Users\altsm\AppData\Local\Microsoft\WindowsApps;C:\Program Files\Java\jdk-16.0.2;
USERNAME=altsm
OS=Windows_NT
PROCESSOR_IDENTIFIER=AMD64 Family 25 Model 80 Stepping 0, AuthenticAMD



---------------  S Y S T E M  ---------------

OS:
 Windows 10 , 64 bit Build 22000 (10.0.22000.318)
OS uptime: 3 days 0:35 hours

CPU: total 16 (initial active 16) (16 cores per cpu, 2 threads per core) family 25 model 80 stepping 0 microcode 0x0, cx8, cmov, fxsr, ht, mmx, 3dnowpref, sse, sse2, sse3, ssse3, sse4a, sse4.1, sse4.2, popcnt, lzcnt, tsc, tscinvbit, avx, avx2, aes, erms, clmul, bmi1, bmi2, adx, sha, fma, vzeroupper, clflush, clflushopt

Memory: 4k page, system-wide physical 15776M (6843M free)
TotalPageFile size 18208M (AvailPageFile size 3271M)
current process WorkingSet (physical memory assigned to process): 36M, peak: 36M
current process commit charge ("private bytes"): 346M, peak: 346M

vm_info: Java HotSpot(TM) 64-Bit Server VM (16.0.2+7-67) for windows-amd64 JRE (16.0.2+7-67), built on Jun  8 2021 23:24:19 by "mach5one" with MS VC++ 16.7 (VS2019)

END.
