#
# A fatal error has been detected by the Java Runtime Environment:
#
#  EXCEPTION_ACCESS_VIOLATION (0xc0000005) at pc=0x00007ffb7a02a3b4, pid=4288, tid=18168
#
# JRE version: Java(TM) SE Runtime Environment (16.0.2+7) (build 16.0.2+7-67)
# Java VM: Java HotSpot(TM) 64-Bit Server VM (16.0.2+7-67, mixed mode, sharing, tiered, compressed oops, compressed class ptrs, g1 gc, windows-amd64)
# Problematic frame:
# C  [SplitterConveyor.dll+0x4a3b4]
#
# No core dump will be written. Minidumps are not enabled by default on client versions of Windows
#
# If you would like to submit a bug report, please visit:
#   https://bugreport.java.com/bugreport/crash.jsp
# The crash happened outside the Java Virtual Machine in native code.
# See problematic frame for where to report the bug.
#

---------------  S U M M A R Y ------------

Command Line: -Dfile.encoding=UTF-8 --module-path=C:\str\labwork2\build\classes Labwork2

Host: AMD Ryzen 9 5900HS with Radeon Graphics        , 16 cores, 15G,  Windows 10 , 64 bit Build 22000 (10.0.22000.318)
Time: Wed Dec  8 18:53:51 2021 GMT Standard Time elapsed time: 46.403581 seconds (0d 0h 0m 46s)

---------------  T H R E A D  ---------------

Current thread (0x000002697f3f3370):  JavaThread "Thread-4" [_thread_in_native, id=18168, stack(0x0000007f8c200000,0x0000007f8c300000)]

Stack: [0x0000007f8c200000,0x0000007f8c300000],  sp=0x0000007f8c2feff0,  free space=1019k
Native frames: (J=compiled Java code, j=interpreted, Vv=VM code, C=native code)
C  [SplitterConveyor.dll+0x4a3b4]

Java frames: (J=compiled Java code, j=interpreted, Vv=VM code)
j  SplitterConveyor.flashLED(I)V+0
j  ThreadDock1.run()V+39
v  ~StubRoutines::call_stub

siginfo: EXCEPTION_ACCESS_VIOLATION (0xc0000005), reading address 0x0000000000000004


Register to memory mapping:

RIP=0x00007ffb7a02a3b4 SplitterConveyor.dll
RAX=0x0000000000000080 is an unknown value
RBX={method} {0x0000026902403400} 'flashLED' '(I)V' in 'SplitterConveyor'
RCX=0x0000000000000004 is an unknown value
RDX=0x0000000000000007 is an unknown value
RSP=0x0000007f8c2feff0 is pointing into the stack for thread: 0x000002697f3f3370
RBP=0x0000007f8c2ff010 is pointing into the stack for thread: 0x000002697f3f3370
RSI=0x0000026902a35fb8 points into unknown readable memory: 0x800034005569c053 | 53 c0 69 55 00 34 00 80
RDI=0x000002697f3f2410 points into unknown readable memory: 0x0000000800000050 | 50 00 00 00 08 00 00 00
R8 =0x0000000000000001 is an unknown value
R9 =0x0 is NULL
R10=0x0 is NULL
R11=0x0000000000000246 is an unknown value
R12=0x0 is NULL
R13=0x00000269024033f0 is pointing into metadata
R14=0x0000007f8c2ff3f8 is pointing into the stack for thread: 0x000002697f3f3370
R15=0x000002697f3f3370 is a thread


Registers:
RAX=0x0000000000000080, RBX=0x00000269024033f8, RCX=0x0000000000000004, RDX=0x0000000000000007
RSP=0x0000007f8c2feff0, RBP=0x0000007f8c2ff010, RSI=0x0000026902a35fb8, RDI=0x000002697f3f2410
R8 =0x0000000000000001, R9 =0x0000000000000000, R10=0x0000000000000000, R11=0x0000000000000246
R12=0x0000000000000000, R13=0x00000269024033f0, R14=0x0000007f8c2ff3f8, R15=0x000002697f3f3370
RIP=0x00007ffb7a02a3b4, EFLAGS=0x0000000000010202

Top of Stack: (sp=0x0000007f8c2feff0)
0x0000007f8c2feff0:   00007ffb7a04d05e 000002697f3f2410
0x0000007f8c2ff000:   0000007f8c2ff030 00007ffb79ffca7d
0x0000007f8c2ff010:   00007f8000000002 00007ffb2a716bf8
0x0000007f8c2ff020:   00000269024033f8 0000007f8c2ff200
0x0000007f8c2ff030:   0000027f658a17eb 000000000000000e
0x0000007f8c2ff040:   000002697f3f2410 00007ffb2a735a9d
0x0000007f8c2ff050:   0000007f8c2ff150 000000000000000e
0x0000007f8c2ff060:   000002695e0e9580 0000026902a35fb8
0x0000007f8c2ff070:   0000000800017d08 00007ffb2a7433c0
0x0000007f8c2ff080:   000000000000001e 000002697f010170
0x0000007f8c2ff090:   0000026902b0c680 000002690297b7b0
0x0000007f8c2ff0a0:   000002690297b7c0 000002690297bb98
0x0000007f8c2ff0b0:   00000000000003d8 00000269024033f8
0x0000007f8c2ff0c0:   00007ffb2abe79b8 0000000000000000
0x0000007f8c2ff0d0:   0000000000000000 0000000000000000
0x0000007f8c2ff0e0:   0000000000000000 0000000000000000 

Instructions: (pc=0x00007ffb7a02a3b4)
0x00007ffb7a02a2b4:   02 00 e8 40 17 fd ff b9 01 00 00 00 e8 44 0e fd
0x00007ffb7a02a2c4:   ff 88 45 04 b2 07 0f b6 4d 04 e8 02 10 fd ff 85
0x00007ffb7a02a2d4:   c0 74 06 b0 01 eb 04 eb 02 32 c0 48 8d a5 e8 00
0x00007ffb7a02a2e4:   00 00 5f 5d c3 cc cc cc cc cc cc cc cc cc cc cc
0x00007ffb7a02a2f4:   cc cc cc cc cc cc cc cc cc cc cc cc 89 4c 24 08
0x00007ffb7a02a304:   55 57 48 81 ec e8 00 00 00 48 8d 6c 24 20 48 8d
0x00007ffb7a02a314:   0d 45 2d 02 00 e8 dd 16 fd ff 8b 8d e0 00 00 00
0x00007ffb7a02a324:   e8 e0 0d fd ff 0f b6 c0 48 8d a5 c8 00 00 00 5f
0x00007ffb7a02a334:   5d c3 cc cc cc cc cc cc cc cc cc cc cc cc cc cc
0x00007ffb7a02a344:   cc cc cc cc cc cc cc cc cc cc cc cc 44 89 44 24
0x00007ffb7a02a354:   18 89 54 24 10 48 89 4c 24 08 55 57 48 81 ec 28
0x00007ffb7a02a364:   01 00 00 48 8d 6c 24 20 48 8d 0d eb 2c 02 00 e8
0x00007ffb7a02a374:   83 16 fd ff 8b 85 28 01 00 00 b9 01 00 00 00 89
0x00007ffb7a02a384:   8d f4 00 00 00 0f b6 c8 8b 85 f4 00 00 00 d3 e0
0x00007ffb7a02a394:   88 45 04 0f b6 45 04 f7 d0 88 45 24 83 bd 30 01
0x00007ffb7a02a3a4:   00 00 00 74 1d 0f b6 45 04 48 8b 8d 20 01 00 00
0x00007ffb7a02a3b4:   0f b6 09 0b c8 8b c1 48 8b 8d 20 01 00 00 88 01
0x00007ffb7a02a3c4:   eb 1b 0f b6 45 24 48 8b 8d 20 01 00 00 0f b6 09
0x00007ffb7a02a3d4:   23 c8 8b c1 48 8b 8d 20 01 00 00 88 01 48 8d a5
0x00007ffb7a02a3e4:   08 01 00 00 5f 5d c3 cc cc cc cc cc cc cc cc cc
0x00007ffb7a02a3f4:   cc cc cc cc cc cc cc cc cc cc cc cc cc cc cc cc
0x00007ffb7a02a404:   cc cc cc cc cc cc cc cc cc cc cc cc cc cc cc cc
0x00007ffb7a02a414:   cc cc cc cc cc cc cc cc cc cc cc cc 89 54 24 10
0x00007ffb7a02a424:   89 4c 24 08 55 57 48 81 ec e8 00 00 00 48 8d 6c
0x00007ffb7a02a434:   24 20 48 8d 0d 21 2c 02 00 e8 b9 15 fd ff 0f b6
0x00007ffb7a02a444:   95 e0 00 00 00 8b 8d e8 00 00 00 e8 7c 13 fd ff
0x00007ffb7a02a454:   48 8d a5 c8 00 00 00 5f 5d c3 cc cc cc cc cc cc
0x00007ffb7a02a464:   cc cc cc cc cc cc cc cc cc ff 25 dd 0c 02 00 ff
0x00007ffb7a02a474:   25 c7 0c 02 00 ff 25 b9 0c 02 00 ff 25 ab 0c 02
0x00007ffb7a02a484:   00 ff 25 45 0c 02 00 ff 25 e7 0b 02 00 ff 25 e9
0x00007ffb7a02a494:   0b 02 00 ff 25 eb 0b 02 00 ff 25 ed 0b 02 00 ff
0x00007ffb7a02a4a4:   25 ef 0b 02 00 ff 25 f1 0b 02 00 ff 25 f3 0b 02 


Stack slot to memory mapping:
stack at sp + 0 slots: 0x00007ffb7a04d05e SplitterConveyor.dll
stack at sp + 1 slots: 0x000002697f3f2410 points into unknown readable memory: 0x0000000800000050 | 50 00 00 00 08 00 00 00
stack at sp + 2 slots: 0x0000007f8c2ff030 is pointing into the stack for thread: 0x000002697f3f3370
stack at sp + 3 slots: 0x00007ffb79ffca7d SplitterConveyor.dll
stack at sp + 4 slots: 0x00007f8000000002 is an unknown value
stack at sp + 5 slots: 0x00007ffb2a716bf8 jvm.dll
stack at sp + 6 slots: {method} {0x0000026902403400} 'flashLED' '(I)V' in 'SplitterConveyor'
stack at sp + 7 slots: 0x0000007f8c2ff200 is pointing into the stack for thread: 0x000002697f3f3370


---------------  P R O C E S S  ---------------

Threads class SMR info:
_java_thread_list=0x0000026902b097f0, length=18, elements={
0x000002697f3dbf90, 0x000002697f3dcc50, 0x000002697f3edfa0, 0x000002697f3ee9a0,
0x000002697f3f13c0, 0x000002697f3f4e00, 0x000002697f3fd7d0, 0x000002697f4082f0,
0x000002697f412940, 0x000002697f3f58a0, 0x000002697f3f38c0, 0x000002697f3f5350,
0x000002697f3f2e20, 0x000002697f3f4360, 0x000002697f3f3e10, 0x000002697f3f3370,
0x000002697f3f5df0, 0x000002697f3f6340
}

Java Threads: ( => current thread )
  0x000002697f3dbf90 JavaThread "Reference Handler" daemon [_thread_blocked, id=13476, stack(0x0000007f8b100000,0x0000007f8b200000)]
  0x000002697f3dcc50 JavaThread "Finalizer" daemon [_thread_blocked, id=25236, stack(0x0000007f8b200000,0x0000007f8b300000)]
  0x000002697f3edfa0 JavaThread "Signal Dispatcher" daemon [_thread_blocked, id=23864, stack(0x0000007f8b300000,0x0000007f8b400000)]
  0x000002697f3ee9a0 JavaThread "Attach Listener" daemon [_thread_blocked, id=23776, stack(0x0000007f8b400000,0x0000007f8b500000)]
  0x000002697f3f13c0 JavaThread "Service Thread" daemon [_thread_blocked, id=10972, stack(0x0000007f8b500000,0x0000007f8b600000)]
  0x000002697f3f4e00 JavaThread "Monitor Deflation Thread" daemon [_thread_blocked, id=5296, stack(0x0000007f8b600000,0x0000007f8b700000)]
  0x000002697f3fd7d0 JavaThread "C2 CompilerThread0" daemon [_thread_blocked, id=11108, stack(0x0000007f8b700000,0x0000007f8b800000)]
  0x000002697f4082f0 JavaThread "C1 CompilerThread0" daemon [_thread_blocked, id=11472, stack(0x0000007f8b800000,0x0000007f8b900000)]
  0x000002697f412940 JavaThread "Sweeper thread" daemon [_thread_blocked, id=6884, stack(0x0000007f8b900000,0x0000007f8ba00000)]
  0x000002697f3f58a0 JavaThread "Common-Cleaner" daemon [_thread_blocked, id=8284, stack(0x0000007f8ba00000,0x0000007f8bb00000)]
  0x000002697f3f38c0 JavaThread "Notification Thread" daemon [_thread_blocked, id=22540, stack(0x0000007f8be00000,0x0000007f8bf00000)]
  0x000002697f3f5350 JavaThread "Thread-0" [_thread_in_native, id=17496, stack(0x0000007f8bc00000,0x0000007f8bd00000)]
  0x000002697f3f2e20 JavaThread "Thread-1" [_thread_blocked, id=14992, stack(0x0000007f8bb00000,0x0000007f8bc00000)]
  0x000002697f3f4360 JavaThread "Thread-2" [_thread_blocked, id=7956, stack(0x0000007f8bd00000,0x0000007f8be00000)]
  0x000002697f3f3e10 JavaThread "Thread-3" [_thread_blocked, id=9404, stack(0x0000007f8c100000,0x0000007f8c200000)]
=>0x000002697f3f3370 JavaThread "Thread-4" [_thread_in_native, id=18168, stack(0x0000007f8c200000,0x0000007f8c300000)]
  0x000002697f3f5df0 JavaThread "Thread-5" [_thread_blocked, id=21100, stack(0x0000007f8c300000,0x0000007f8c400000)]
  0x000002697f3f6340 JavaThread "DestroyJavaVM" [_thread_blocked, id=11524, stack(0x0000007f8aa00000,0x0000007f8ab00000)]

Other Threads:
  0x000002697f3d8040 VMThread "VM Thread" [stack: 0x0000007f8b000000,0x0000007f8b100000] [id=12252]
  0x000002695bf1ae10 WatcherThread [stack: 0x0000007f8bf00000,0x0000007f8c000000] [id=13012]
  0x000002695e13be20 GCTaskThread "GC Thread#0" [stack: 0x0000007f8ab00000,0x0000007f8ac00000] [id=11024]
  0x000002695e14c4f0 ConcurrentGCThread "G1 Main Marker" [stack: 0x0000007f8ac00000,0x0000007f8ad00000] [id=16824]
  0x000002695e14f610 ConcurrentGCThread "G1 Conc#0" [stack: 0x0000007f8ad00000,0x0000007f8ae00000] [id=7416]
  0x000002695e1cdba0 ConcurrentGCThread "G1 Refine#0" [stack: 0x0000007f8ae00000,0x0000007f8af00000] [id=5348]
  0x000002695e1ce520 ConcurrentGCThread "G1 Service" [stack: 0x0000007f8af00000,0x0000007f8b000000] [id=13464]

Threads with active compile tasks:

VM state: not at safepoint (normal execution)

VM Mutex/Monitor currently owned by a thread: None

Heap address: 0x0000000709600000, size: 3946 MB, Compressed Oops mode: Zero based, Oop shift amount: 3

CDS archive(s) mapped at: [0x0000000800000000-0x0000000800bb0000-0x0000000800bb0000), size 12255232, SharedBaseAddress: 0x0000000800000000, ArchiveRelocationMode: 0.
Compressed class space mapped at: 0x0000000800c00000-0x0000000840c00000, reserved size: 1073741824
Narrow klass base: 0x0000000800000000, Narrow klass shift: 3, Narrow klass range: 0x100000000

GC Precious Log:
 CPUs: 16 total, 16 available
 Memory: 15776M
 Large Page Support: Disabled
 NUMA Support: Disabled
 Compressed Oops: Enabled (Zero based)
 Heap Region Size: 2M
 Heap Min Capacity: 8M
 Heap Initial Capacity: 248M
 Heap Max Capacity: 3946M
 Pre-touch: Disabled
 Parallel Workers: 13
 Concurrent Workers: 3
 Concurrent Refinement Workers: 13
 Periodic GC: Disabled

Heap:
 garbage-first heap   total 253952K, used 4096K [0x0000000709600000, 0x0000000800000000)
  region size 2048K, 3 young (6144K), 0 survivors (0K)
 Metaspace       used 758K, committed 832K, reserved 1056768K
  class space    used 61K, committed 128K, reserved 1048576K

Heap Regions: E=young(eden), S=young(survivor), O=old, HS=humongous(starts), HC=humongous(continues), CS=collection set, F=free, OA=open archive, CA=closed archive, TAMS=top-at-mark-start (previous, next)
|   0|0x0000000709600000, 0x0000000709600000, 0x0000000709800000|  0%| F|  |TAMS 0x0000000709600000, 0x0000000709600000| Untracked 
|   1|0x0000000709800000, 0x0000000709800000, 0x0000000709a00000|  0%| F|  |TAMS 0x0000000709800000, 0x0000000709800000| Untracked 
|   2|0x0000000709a00000, 0x0000000709a00000, 0x0000000709c00000|  0%| F|  |TAMS 0x0000000709a00000, 0x0000000709a00000| Untracked 
|   3|0x0000000709c00000, 0x0000000709c00000, 0x0000000709e00000|  0%| F|  |TAMS 0x0000000709c00000, 0x0000000709c00000| Untracked 
|   4|0x0000000709e00000, 0x0000000709e00000, 0x000000070a000000|  0%| F|  |TAMS 0x0000000709e00000, 0x0000000709e00000| Untracked 
|   5|0x000000070a000000, 0x000000070a000000, 0x000000070a200000|  0%| F|  |TAMS 0x000000070a000000, 0x000000070a000000| Untracked 
|   6|0x000000070a200000, 0x000000070a200000, 0x000000070a400000|  0%| F|  |TAMS 0x000000070a200000, 0x000000070a200000| Untracked 
|   7|0x000000070a400000, 0x000000070a400000, 0x000000070a600000|  0%| F|  |TAMS 0x000000070a400000, 0x000000070a400000| Untracked 
|   8|0x000000070a600000, 0x000000070a600000, 0x000000070a800000|  0%| F|  |TAMS 0x000000070a600000, 0x000000070a600000| Untracked 
|   9|0x000000070a800000, 0x000000070a800000, 0x000000070aa00000|  0%| F|  |TAMS 0x000000070a800000, 0x000000070a800000| Untracked 
|  10|0x000000070aa00000, 0x000000070aa00000, 0x000000070ac00000|  0%| F|  |TAMS 0x000000070aa00000, 0x000000070aa00000| Untracked 
|  11|0x000000070ac00000, 0x000000070ac00000, 0x000000070ae00000|  0%| F|  |TAMS 0x000000070ac00000, 0x000000070ac00000| Untracked 
|  12|0x000000070ae00000, 0x000000070ae00000, 0x000000070b000000|  0%| F|  |TAMS 0x000000070ae00000, 0x000000070ae00000| Untracked 
|  13|0x000000070b000000, 0x000000070b000000, 0x000000070b200000|  0%| F|  |TAMS 0x000000070b000000, 0x000000070b000000| Untracked 
|  14|0x000000070b200000, 0x000000070b200000, 0x000000070b400000|  0%| F|  |TAMS 0x000000070b200000, 0x000000070b200000| Untracked 
|  15|0x000000070b400000, 0x000000070b400000, 0x000000070b600000|  0%| F|  |TAMS 0x000000070b400000, 0x000000070b400000| Untracked 
|  16|0x000000070b600000, 0x000000070b600000, 0x000000070b800000|  0%| F|  |TAMS 0x000000070b600000, 0x000000070b600000| Untracked 
|  17|0x000000070b800000, 0x000000070b800000, 0x000000070ba00000|  0%| F|  |TAMS 0x000000070b800000, 0x000000070b800000| Untracked 
|  18|0x000000070ba00000, 0x000000070ba00000, 0x000000070bc00000|  0%| F|  |TAMS 0x000000070ba00000, 0x000000070ba00000| Untracked 
|  19|0x000000070bc00000, 0x000000070bc00000, 0x000000070be00000|  0%| F|  |TAMS 0x000000070bc00000, 0x000000070bc00000| Untracked 
|  20|0x000000070be00000, 0x000000070be00000, 0x000000070c000000|  0%| F|  |TAMS 0x000000070be00000, 0x000000070be00000| Untracked 
|  21|0x000000070c000000, 0x000000070c000000, 0x000000070c200000|  0%| F|  |TAMS 0x000000070c000000, 0x000000070c000000| Untracked 
|  22|0x000000070c200000, 0x000000070c200000, 0x000000070c400000|  0%| F|  |TAMS 0x000000070c200000, 0x000000070c200000| Untracked 
|  23|0x000000070c400000, 0x000000070c400000, 0x000000070c600000|  0%| F|  |TAMS 0x000000070c400000, 0x000000070c400000| Untracked 
|  24|0x000000070c600000, 0x000000070c600000, 0x000000070c800000|  0%| F|  |TAMS 0x000000070c600000, 0x000000070c600000| Untracked 
|  25|0x000000070c800000, 0x000000070c800000, 0x000000070ca00000|  0%| F|  |TAMS 0x000000070c800000, 0x000000070c800000| Untracked 
|  26|0x000000070ca00000, 0x000000070ca00000, 0x000000070cc00000|  0%| F|  |TAMS 0x000000070ca00000, 0x000000070ca00000| Untracked 
|  27|0x000000070cc00000, 0x000000070cc00000, 0x000000070ce00000|  0%| F|  |TAMS 0x000000070cc00000, 0x000000070cc00000| Untracked 
|  28|0x000000070ce00000, 0x000000070ce00000, 0x000000070d000000|  0%| F|  |TAMS 0x000000070ce00000, 0x000000070ce00000| Untracked 
|  29|0x000000070d000000, 0x000000070d000000, 0x000000070d200000|  0%| F|  |TAMS 0x000000070d000000, 0x000000070d000000| Untracked 
|  30|0x000000070d200000, 0x000000070d200000, 0x000000070d400000|  0%| F|  |TAMS 0x000000070d200000, 0x000000070d200000| Untracked 
|  31|0x000000070d400000, 0x000000070d400000, 0x000000070d600000|  0%| F|  |TAMS 0x000000070d400000, 0x000000070d400000| Untracked 
|  32|0x000000070d600000, 0x000000070d600000, 0x000000070d800000|  0%| F|  |TAMS 0x000000070d600000, 0x000000070d600000| Untracked 
|  33|0x000000070d800000, 0x000000070d800000, 0x000000070da00000|  0%| F|  |TAMS 0x000000070d800000, 0x000000070d800000| Untracked 
|  34|0x000000070da00000, 0x000000070da00000, 0x000000070dc00000|  0%| F|  |TAMS 0x000000070da00000, 0x000000070da00000| Untracked 
|  35|0x000000070dc00000, 0x000000070dc00000, 0x000000070de00000|  0%| F|  |TAMS 0x000000070dc00000, 0x000000070dc00000| Untracked 
|  36|0x000000070de00000, 0x000000070de00000, 0x000000070e000000|  0%| F|  |TAMS 0x000000070de00000, 0x000000070de00000| Untracked 
|  37|0x000000070e000000, 0x000000070e000000, 0x000000070e200000|  0%| F|  |TAMS 0x000000070e000000, 0x000000070e000000| Untracked 
|  38|0x000000070e200000, 0x000000070e200000, 0x000000070e400000|  0%| F|  |TAMS 0x000000070e200000, 0x000000070e200000| Untracked 
|  39|0x000000070e400000, 0x000000070e400000, 0x000000070e600000|  0%| F|  |TAMS 0x000000070e400000, 0x000000070e400000| Untracked 
|  40|0x000000070e600000, 0x000000070e600000, 0x000000070e800000|  0%| F|  |TAMS 0x000000070e600000, 0x000000070e600000| Untracked 
|  41|0x000000070e800000, 0x000000070e800000, 0x000000070ea00000|  0%| F|  |TAMS 0x000000070e800000, 0x000000070e800000| Untracked 
|  42|0x000000070ea00000, 0x000000070ea00000, 0x000000070ec00000|  0%| F|  |TAMS 0x000000070ea00000, 0x000000070ea00000| Untracked 
|  43|0x000000070ec00000, 0x000000070ec00000, 0x000000070ee00000|  0%| F|  |TAMS 0x000000070ec00000, 0x000000070ec00000| Untracked 
|  44|0x000000070ee00000, 0x000000070ee00000, 0x000000070f000000|  0%| F|  |TAMS 0x000000070ee00000, 0x000000070ee00000| Untracked 
|  45|0x000000070f000000, 0x000000070f000000, 0x000000070f200000|  0%| F|  |TAMS 0x000000070f000000, 0x000000070f000000| Untracked 
|  46|0x000000070f200000, 0x000000070f200000, 0x000000070f400000|  0%| F|  |TAMS 0x000000070f200000, 0x000000070f200000| Untracked 
|  47|0x000000070f400000, 0x000000070f400000, 0x000000070f600000|  0%| F|  |TAMS 0x000000070f400000, 0x000000070f400000| Untracked 
|  48|0x000000070f600000, 0x000000070f600000, 0x000000070f800000|  0%| F|  |TAMS 0x000000070f600000, 0x000000070f600000| Untracked 
|  49|0x000000070f800000, 0x000000070f800000, 0x000000070fa00000|  0%| F|  |TAMS 0x000000070f800000, 0x000000070f800000| Untracked 
|  50|0x000000070fa00000, 0x000000070fa00000, 0x000000070fc00000|  0%| F|  |TAMS 0x000000070fa00000, 0x000000070fa00000| Untracked 
|  51|0x000000070fc00000, 0x000000070fc00000, 0x000000070fe00000|  0%| F|  |TAMS 0x000000070fc00000, 0x000000070fc00000| Untracked 
|  52|0x000000070fe00000, 0x000000070fe00000, 0x0000000710000000|  0%| F|  |TAMS 0x000000070fe00000, 0x000000070fe00000| Untracked 
|  53|0x0000000710000000, 0x0000000710000000, 0x0000000710200000|  0%| F|  |TAMS 0x0000000710000000, 0x0000000710000000| Untracked 
|  54|0x0000000710200000, 0x0000000710200000, 0x0000000710400000|  0%| F|  |TAMS 0x0000000710200000, 0x0000000710200000| Untracked 
|  55|0x0000000710400000, 0x0000000710400000, 0x0000000710600000|  0%| F|  |TAMS 0x0000000710400000, 0x0000000710400000| Untracked 
|  56|0x0000000710600000, 0x0000000710600000, 0x0000000710800000|  0%| F|  |TAMS 0x0000000710600000, 0x0000000710600000| Untracked 
|  57|0x0000000710800000, 0x0000000710800000, 0x0000000710a00000|  0%| F|  |TAMS 0x0000000710800000, 0x0000000710800000| Untracked 
|  58|0x0000000710a00000, 0x0000000710a00000, 0x0000000710c00000|  0%| F|  |TAMS 0x0000000710a00000, 0x0000000710a00000| Untracked 
|  59|0x0000000710c00000, 0x0000000710c00000, 0x0000000710e00000|  0%| F|  |TAMS 0x0000000710c00000, 0x0000000710c00000| Untracked 
|  60|0x0000000710e00000, 0x0000000710e00000, 0x0000000711000000|  0%| F|  |TAMS 0x0000000710e00000, 0x0000000710e00000| Untracked 
|  61|0x0000000711000000, 0x0000000711000000, 0x0000000711200000|  0%| F|  |TAMS 0x0000000711000000, 0x0000000711000000| Untracked 
|  62|0x0000000711200000, 0x0000000711200000, 0x0000000711400000|  0%| F|  |TAMS 0x0000000711200000, 0x0000000711200000| Untracked 
|  63|0x0000000711400000, 0x0000000711400000, 0x0000000711600000|  0%| F|  |TAMS 0x0000000711400000, 0x0000000711400000| Untracked 
|  64|0x0000000711600000, 0x0000000711600000, 0x0000000711800000|  0%| F|  |TAMS 0x0000000711600000, 0x0000000711600000| Untracked 
|  65|0x0000000711800000, 0x0000000711800000, 0x0000000711a00000|  0%| F|  |TAMS 0x0000000711800000, 0x0000000711800000| Untracked 
|  66|0x0000000711a00000, 0x0000000711a00000, 0x0000000711c00000|  0%| F|  |TAMS 0x0000000711a00000, 0x0000000711a00000| Untracked 
|  67|0x0000000711c00000, 0x0000000711c00000, 0x0000000711e00000|  0%| F|  |TAMS 0x0000000711c00000, 0x0000000711c00000| Untracked 
|  68|0x0000000711e00000, 0x0000000711e00000, 0x0000000712000000|  0%| F|  |TAMS 0x0000000711e00000, 0x0000000711e00000| Untracked 
|  69|0x0000000712000000, 0x0000000712000000, 0x0000000712200000|  0%| F|  |TAMS 0x0000000712000000, 0x0000000712000000| Untracked 
|  70|0x0000000712200000, 0x0000000712200000, 0x0000000712400000|  0%| F|  |TAMS 0x0000000712200000, 0x0000000712200000| Untracked 
|  71|0x0000000712400000, 0x0000000712400000, 0x0000000712600000|  0%| F|  |TAMS 0x0000000712400000, 0x0000000712400000| Untracked 
|  72|0x0000000712600000, 0x0000000712600000, 0x0000000712800000|  0%| F|  |TAMS 0x0000000712600000, 0x0000000712600000| Untracked 
|  73|0x0000000712800000, 0x0000000712800000, 0x0000000712a00000|  0%| F|  |TAMS 0x0000000712800000, 0x0000000712800000| Untracked 
|  74|0x0000000712a00000, 0x0000000712a00000, 0x0000000712c00000|  0%| F|  |TAMS 0x0000000712a00000, 0x0000000712a00000| Untracked 
|  75|0x0000000712c00000, 0x0000000712c00000, 0x0000000712e00000|  0%| F|  |TAMS 0x0000000712c00000, 0x0000000712c00000| Untracked 
|  76|0x0000000712e00000, 0x0000000712e00000, 0x0000000713000000|  0%| F|  |TAMS 0x0000000712e00000, 0x0000000712e00000| Untracked 
|  77|0x0000000713000000, 0x0000000713000000, 0x0000000713200000|  0%| F|  |TAMS 0x0000000713000000, 0x0000000713000000| Untracked 
|  78|0x0000000713200000, 0x0000000713200000, 0x0000000713400000|  0%| F|  |TAMS 0x0000000713200000, 0x0000000713200000| Untracked 
|  79|0x0000000713400000, 0x0000000713400000, 0x0000000713600000|  0%| F|  |TAMS 0x0000000713400000, 0x0000000713400000| Untracked 
|  80|0x0000000713600000, 0x0000000713600000, 0x0000000713800000|  0%| F|  |TAMS 0x0000000713600000, 0x0000000713600000| Untracked 
|  81|0x0000000713800000, 0x0000000713800000, 0x0000000713a00000|  0%| F|  |TAMS 0x0000000713800000, 0x0000000713800000| Untracked 
|  82|0x0000000713a00000, 0x0000000713a00000, 0x0000000713c00000|  0%| F|  |TAMS 0x0000000713a00000, 0x0000000713a00000| Untracked 
|  83|0x0000000713c00000, 0x0000000713c00000, 0x0000000713e00000|  0%| F|  |TAMS 0x0000000713c00000, 0x0000000713c00000| Untracked 
|  84|0x0000000713e00000, 0x0000000713e00000, 0x0000000714000000|  0%| F|  |TAMS 0x0000000713e00000, 0x0000000713e00000| Untracked 
|  85|0x0000000714000000, 0x0000000714000000, 0x0000000714200000|  0%| F|  |TAMS 0x0000000714000000, 0x0000000714000000| Untracked 
|  86|0x0000000714200000, 0x0000000714200000, 0x0000000714400000|  0%| F|  |TAMS 0x0000000714200000, 0x0000000714200000| Untracked 
|  87|0x0000000714400000, 0x0000000714400000, 0x0000000714600000|  0%| F|  |TAMS 0x0000000714400000, 0x0000000714400000| Untracked 
|  88|0x0000000714600000, 0x0000000714600000, 0x0000000714800000|  0%| F|  |TAMS 0x0000000714600000, 0x0000000714600000| Untracked 
|  89|0x0000000714800000, 0x0000000714800000, 0x0000000714a00000|  0%| F|  |TAMS 0x0000000714800000, 0x0000000714800000| Untracked 
|  90|0x0000000714a00000, 0x0000000714a00000, 0x0000000714c00000|  0%| F|  |TAMS 0x0000000714a00000, 0x0000000714a00000| Untracked 
|  91|0x0000000714c00000, 0x0000000714c00000, 0x0000000714e00000|  0%| F|  |TAMS 0x0000000714c00000, 0x0000000714c00000| Untracked 
|  92|0x0000000714e00000, 0x0000000714e00000, 0x0000000715000000|  0%| F|  |TAMS 0x0000000714e00000, 0x0000000714e00000| Untracked 
|  93|0x0000000715000000, 0x0000000715000000, 0x0000000715200000|  0%| F|  |TAMS 0x0000000715000000, 0x0000000715000000| Untracked 
|  94|0x0000000715200000, 0x0000000715200000, 0x0000000715400000|  0%| F|  |TAMS 0x0000000715200000, 0x0000000715200000| Untracked 
|  95|0x0000000715400000, 0x0000000715400000, 0x0000000715600000|  0%| F|  |TAMS 0x0000000715400000, 0x0000000715400000| Untracked 
|  96|0x0000000715600000, 0x0000000715600000, 0x0000000715800000|  0%| F|  |TAMS 0x0000000715600000, 0x0000000715600000| Untracked 
|  97|0x0000000715800000, 0x0000000715800000, 0x0000000715a00000|  0%| F|  |TAMS 0x0000000715800000, 0x0000000715800000| Untracked 
|  98|0x0000000715a00000, 0x0000000715a00000, 0x0000000715c00000|  0%| F|  |TAMS 0x0000000715a00000, 0x0000000715a00000| Untracked 
|  99|0x0000000715c00000, 0x0000000715c00000, 0x0000000715e00000|  0%| F|  |TAMS 0x0000000715c00000, 0x0000000715c00000| Untracked 
| 100|0x0000000715e00000, 0x0000000715e00000, 0x0000000716000000|  0%| F|  |TAMS 0x0000000715e00000, 0x0000000715e00000| Untracked 
| 101|0x0000000716000000, 0x0000000716000000, 0x0000000716200000|  0%| F|  |TAMS 0x0000000716000000, 0x0000000716000000| Untracked 
| 102|0x0000000716200000, 0x0000000716200000, 0x0000000716400000|  0%| F|  |TAMS 0x0000000716200000, 0x0000000716200000| Untracked 
| 103|0x0000000716400000, 0x0000000716400000, 0x0000000716600000|  0%| F|  |TAMS 0x0000000716400000, 0x0000000716400000| Untracked 
| 104|0x0000000716600000, 0x0000000716600000, 0x0000000716800000|  0%| F|  |TAMS 0x0000000716600000, 0x0000000716600000| Untracked 
| 105|0x0000000716800000, 0x0000000716800000, 0x0000000716a00000|  0%| F|  |TAMS 0x0000000716800000, 0x0000000716800000| Untracked 
| 106|0x0000000716a00000, 0x0000000716a00000, 0x0000000716c00000|  0%| F|  |TAMS 0x0000000716a00000, 0x0000000716a00000| Untracked 
| 107|0x0000000716c00000, 0x0000000716c00000, 0x0000000716e00000|  0%| F|  |TAMS 0x0000000716c00000, 0x0000000716c00000| Untracked 
| 108|0x0000000716e00000, 0x0000000716e00000, 0x0000000717000000|  0%| F|  |TAMS 0x0000000716e00000, 0x0000000716e00000| Untracked 
| 109|0x0000000717000000, 0x0000000717000000, 0x0000000717200000|  0%| F|  |TAMS 0x0000000717000000, 0x0000000717000000| Untracked 
| 110|0x0000000717200000, 0x0000000717200000, 0x0000000717400000|  0%| F|  |TAMS 0x0000000717200000, 0x0000000717200000| Untracked 
| 111|0x0000000717400000, 0x0000000717400000, 0x0000000717600000|  0%| F|  |TAMS 0x0000000717400000, 0x0000000717400000| Untracked 
| 112|0x0000000717600000, 0x0000000717600000, 0x0000000717800000|  0%| F|  |TAMS 0x0000000717600000, 0x0000000717600000| Untracked 
| 113|0x0000000717800000, 0x0000000717800000, 0x0000000717a00000|  0%| F|  |TAMS 0x0000000717800000, 0x0000000717800000| Untracked 
| 114|0x0000000717a00000, 0x0000000717a00000, 0x0000000717c00000|  0%| F|  |TAMS 0x0000000717a00000, 0x0000000717a00000| Untracked 
| 115|0x0000000717c00000, 0x0000000717c00000, 0x0000000717e00000|  0%| F|  |TAMS 0x0000000717c00000, 0x0000000717c00000| Untracked 
| 116|0x0000000717e00000, 0x0000000717e00000, 0x0000000718000000|  0%| F|  |TAMS 0x0000000717e00000, 0x0000000717e00000| Untracked 
| 117|0x0000000718000000, 0x0000000718000000, 0x0000000718200000|  0%| F|  |TAMS 0x0000000718000000, 0x0000000718000000| Untracked 
| 118|0x0000000718200000, 0x0000000718200000, 0x0000000718400000|  0%| F|  |TAMS 0x0000000718200000, 0x0000000718200000| Untracked 
| 119|0x0000000718400000, 0x0000000718400000, 0x0000000718600000|  0%| F|  |TAMS 0x0000000718400000, 0x0000000718400000| Untracked 
| 120|0x0000000718600000, 0x0000000718600000, 0x0000000718800000|  0%| F|  |TAMS 0x0000000718600000, 0x0000000718600000| Untracked 
| 121|0x0000000718800000, 0x00000007189c3298, 0x0000000718a00000| 88%| E|  |TAMS 0x0000000718800000, 0x0000000718800000| Complete 
| 122|0x0000000718a00000, 0x0000000718c00000, 0x0000000718c00000|100%| E|CS|TAMS 0x0000000718a00000, 0x0000000718a00000| Complete 
| 123|0x0000000718c00000, 0x0000000718e00000, 0x0000000718e00000|100%| E|CS|TAMS 0x0000000718c00000, 0x0000000718c00000| Complete 

Card table byte_map: [0x00000269758b0000,0x0000026976070000] _byte_map_base: 0x0000026972065000

Marking Bits (Prev, Next): (CMBitMap*) 0x000002695e13c490, (CMBitMap*) 0x000002695e13c4d0
 Prev Bits: [0x0000026976830000, 0x000002697a5d8000)
 Next Bits: [0x000002697a5e0000, 0x000002697e388000)

Polling page: 0x000002695d8d0000

Metaspace:

Usage:
  Non-class:    697.07 KB used.
      Class:     61.56 KB used.
       Both:    758.63 KB used.

Virtual space:
  Non-class space:        8.00 MB reserved,     704.00 KB (  9%) committed,  1 nodes.
      Class space:        1.00 GB reserved,     128.00 KB ( <1%) committed,  1 nodes.
              Both:        1.01 GB reserved,     832.00 KB ( <1%) committed. 

Chunk freelists:
   Non-Class:  3.94 MB
       Class:  3.73 MB
        Both:  7.67 MB

MaxMetaspaceSize: 17179869184.00 GB
CompressedClassSpaceSize: 1.00 GB
 - commit_granule_bytes: 65536.
 - commit_granule_words: 8192.
 - virtual_space_node_default_size: 1048576.
 - enlarge_chunks_in_place: 1.
 - new_chunks_are_fully_committed: 0.
 - uncommit_free_chunks: 1.
 - use_allocation_guard: 0.
 - handle_deallocations: 1.


Internal statistics:

num_allocs_failed_limit: 0.
num_arena_births: 8.
num_arena_deaths: 0.
num_vsnodes_births: 2.
num_vsnodes_deaths: 0.
num_space_committed: 13.
num_space_uncommitted: 0.
num_chunks_returned_to_freelist: 0.
num_chunks_taken_from_freelist: 17.
num_chunk_merges: 0.
num_chunk_splits: 9.
num_chunks_enlarged: 6.
num_purges: 0.

CodeHeap 'non-profiled nmethods': size=119168Kb used=88Kb max_used=88Kb free=119079Kb
 bounds [0x000002696d410000, 0x000002696d680000, 0x0000026974870000]
CodeHeap 'profiled nmethods': size=119104Kb used=319Kb max_used=319Kb free=118784Kb
 bounds [0x0000026965fc0000, 0x0000026966230000, 0x000002696d410000]
CodeHeap 'non-nmethods': size=7488Kb used=1118Kb max_used=2246Kb free=6369Kb
 bounds [0x0000026965870000, 0x0000026965ae0000, 0x0000026965fc0000]
 total_blobs=665 nmethods=273 adapters=305
 compilation: enabled
              stopped_count=0, restarted_count=0
 full_count=0

Compilation events (20 events):
Event: 7.517 Thread 0x0000026902a360f0  261       3       java.lang.String::startsWith (138 bytes)
Event: 7.517 Thread 0x0000026902a360f0 nmethod 261 0x000002696600a110 code [0x000002696600a340, 0x000002696600abd8]
Event: 7.518 Thread 0x0000026902a360f0  262       1       java.nio.Buffer::limit (5 bytes)
Event: 7.518 Thread 0x0000026902a360f0 nmethod 262 0x000002696d424610 code [0x000002696d4247a0, 0x000002696d424878]
Event: 7.518 Thread 0x000002697f4082f0  263       1       java.nio.Buffer::position (5 bytes)
Event: 7.518 Thread 0x000002697f4082f0 nmethod 263 0x000002696d424910 code [0x000002696d424aa0, 0x000002696d424b78]
Event: 8.106 Thread 0x000002697f4082f0  265   !   3       Mechanism::Sleep (10 bytes)
Event: 8.106 Thread 0x000002697f4082f0 nmethod 265 0x000002696600ae90 code [0x000002696600b040, 0x000002696600b1c8]
Event: 10.143 Thread 0x000002697f4082f0  268 %     3       ThreadDock2::run @ 10 (183 bytes)
Event: 10.144 Thread 0x000002697f4082f0 nmethod 268% 0x000002696600b290 code [0x000002696600b560, 0x000002696600c0c8]
Event: 10.146 Thread 0x000002697f4082f0  269       3       ThreadDock2::run (183 bytes)
Event: 10.146 Thread 0x000002697f4082f0 nmethod 269 0x000002696600c610 code [0x000002696600c8e0, 0x000002696600d3a8]
Event: 10.199 Thread 0x000002697f4082f0  270 %     3       ThreadDock1::run @ 10 (183 bytes)
Event: 10.200 Thread 0x000002697f4082f0 nmethod 270% 0x000002696600d890 code [0x000002696600db60, 0x000002696600e6c8]
Event: 10.203 Thread 0x000002697f4082f0  271       3       ThreadDock1::run (183 bytes)
Event: 10.204 Thread 0x000002697f4082f0 nmethod 271 0x000002696600ec10 code [0x000002696600eee0, 0x000002696600f9a8]
Event: 10.224 Thread 0x000002697f3fd7d0  272 %     4       ThreadDock2::run @ 10 (183 bytes)
Event: 10.226 Thread 0x000002697f3fd7d0 nmethod 272% 0x000002696d425a10 code [0x000002696d425bc0, 0x000002696d425d18]
Event: 10.320 Thread 0x000002697f3fd7d0  273 %     4       ThreadDock1::run @ 10 (183 bytes)
Event: 10.321 Thread 0x000002697f3fd7d0 nmethod 273% 0x000002696d425e90 code [0x000002696d426040, 0x000002696d426198]

GC Heap History (0 events):
No events

Deoptimization events (8 events):
Event: 10.243 Thread 0x000002697f3f5df0 DEOPT PACKING pc=0x000002696600bf45 sp=0x0000007f8c3ff210
Event: 10.244 Thread 0x000002697f3f5df0 DEOPT UNPACKING pc=0x00000269658bdece sp=0x0000007f8c3fe6e8 mode 0
Event: 10.342 Thread 0x000002697f3f3370 DEOPT PACKING pc=0x000002696600e545 sp=0x0000007f8c2ff3e0
Event: 10.342 Thread 0x000002697f3f3370 DEOPT UNPACKING pc=0x00000269658bdece sp=0x0000007f8c2fe8b8 mode 0
Event: 46.390 Thread 0x000002697f3f3370 Uncommon trap: trap_request=0xffffff45 fr.pc=0x000002696d4260fc relative=0x00000000000000bc
Event: 46.390 Thread 0x000002697f3f3370 Uncommon trap: reason=unstable_if action=reinterpret pc=0x000002696d4260fc method=ThreadDock1.run()V @ 18 c2
Event: 46.390 Thread 0x000002697f3f3370 DEOPT PACKING pc=0x000002696d4260fc sp=0x0000007f8c2ff410
Event: 46.390 Thread 0x000002697f3f3370 DEOPT UNPACKING pc=0x00000269658bd72e sp=0x0000007f8c2ff3c8 mode 2

Classes unloaded (0 events):
No events

Classes redefined (0 events):
No events

Internal exceptions (2 events):
Event: 0.040 Thread 0x000002695bf19f50 Exception <a 'sun/nio/fs/WindowsException'{0x0000000718d24f88}> (0x0000000718d24f88) 
thrown [t:\workspace\open\src\hotspot\share\prims\jni.cpp, line 579]
Event: 0.040 Thread 0x000002695bf19f50 Exception <a 'sun/nio/fs/WindowsException'{0x0000000718d253d8}> (0x0000000718d253d8) 
thrown [t:\workspace\open\src\hotspot\share\prims\jni.cpp, line 579]

Events (20 events):
Event: 2.624 loading class java/lang/IllegalAccessException done
Event: 3.055 Executing  VM operation: Cleanup
Event: 3.055 Executing  VM operation: Cleanup done
Event: 7.153 loading class java/util/regex/Pattern$1
Event: 7.153 loading class java/util/regex/Pattern$1 done
Event: 7.517 Thread 0x000002697f3f5350 Thread added: 0x000002697f3f5350
Event: 8.106 Thread 0x0000026902a360f0 Thread exited: 0x0000026902a360f0
Event: 9.978 Thread 0x000002697f3f2e20 Thread added: 0x000002697f3f2e20
Event: 9.978 Thread 0x000002697f3f4360 Thread added: 0x000002697f3f4360
Event: 9.978 Thread 0x000002697f3f3e10 Thread added: 0x000002697f3f3e10
Event: 9.978 Thread 0x000002697f3f3370 Thread added: 0x000002697f3f3370
Event: 9.978 Thread 0x000002697f3f5df0 Thread added: 0x000002697f3f5df0
Event: 9.978 loading class java/util/concurrent/locks/AbstractQueuedSynchronizer$SharedNode
Event: 9.978 loading class java/util/concurrent/locks/AbstractQueuedSynchronizer$Node
Event: 9.978 Thread 0x000002695bf19f50 Thread exited: 0x000002695bf19f50
Event: 9.978 loading class java/util/concurrent/locks/AbstractQueuedSynchronizer$Node done
Event: 9.978 loading class java/util/concurrent/locks/AbstractQueuedSynchronizer$SharedNode done
Event: 9.978 Thread 0x000002697f3f6340 Thread added: 0x000002697f3f6340
Event: 9.978 loading class java/util/concurrent/locks/AbstractQueuedSynchronizer$ExclusiveNode
Event: 9.978 loading class java/util/concurrent/locks/AbstractQueuedSynchronizer$ExclusiveNode done


Dynamic libraries:
0x00007ff716190000 - 0x00007ff7161a0000 	C:\Program Files\Java\jdk-16.0.2\bin\java.exe
0x00007ffbad380000 - 0x00007ffbad587000 	C:\WINDOWS\SYSTEM32\ntdll.dll
0x00007ffbac8a0000 - 0x00007ffbac95d000 	C:\WINDOWS\System32\KERNEL32.DLL
0x00007ffbaae60000 - 0x00007ffbab1d4000 	C:\WINDOWS\System32\KERNELBASE.dll
0x00007ffba7f60000 - 0x00007ffba7f79000 	C:\Program Files\Java\jdk-16.0.2\bin\VCRUNTIME140.dll
0x00007ffbaa860000 - 0x00007ffbaa971000 	C:\WINDOWS\System32\ucrtbase.dll
0x00007ffba8000000 - 0x00007ffba8018000 	C:\Program Files\Java\jdk-16.0.2\bin\jli.dll
0x00007ffbab690000 - 0x00007ffbab73c000 	C:\WINDOWS\System32\ADVAPI32.dll
0x00007ffbacb20000 - 0x00007ffbacbc3000 	C:\WINDOWS\System32\msvcrt.dll
0x00007ffbac7f0000 - 0x00007ffbac88d000 	C:\WINDOWS\System32\sechost.dll
0x00007ffbab210000 - 0x00007ffbab331000 	C:\WINDOWS\System32\RPCRT4.dll
0x00007ffbab4d0000 - 0x00007ffbab67c000 	C:\WINDOWS\System32\USER32.dll
0x00007ffb98470000 - 0x00007ffb98715000 	C:\WINDOWS\WinSxS\amd64_microsoft.windows.common-controls_6595b64144ccf1df_6.0.22000.120_none_9d947278b86cc467\COMCTL32.dll
0x00007ffbab1e0000 - 0x00007ffbab206000 	C:\WINDOWS\System32\win32u.dll
0x00007ffbacd40000 - 0x00007ffbacd69000 	C:\WINDOWS\System32\GDI32.dll
0x00007ffbaab90000 - 0x00007ffbaaca2000 	C:\WINDOWS\System32\gdi32full.dll
0x00007ffbaaaf0000 - 0x00007ffbaab8d000 	C:\WINDOWS\System32\msvcp_win.dll
0x00007ffba3220000 - 0x00007ffba322a000 	C:\WINDOWS\SYSTEM32\VERSION.dll
0x00007ffbace90000 - 0x00007ffbacec1000 	C:\WINDOWS\System32\IMM32.DLL
0x00007ffba80b0000 - 0x00007ffba80bc000 	C:\Program Files\Java\jdk-16.0.2\bin\vcruntime140_1.dll
0x00007ffb79e10000 - 0x00007ffb79ea1000 	C:\Program Files\Java\jdk-16.0.2\bin\msvcp140.dll
0x00007ffb2a3c0000 - 0x00007ffb2af6b000 	C:\Program Files\Java\jdk-16.0.2\bin\server\jvm.dll
0x00007ffbac890000 - 0x00007ffbac898000 	C:\WINDOWS\System32\PSAPI.DLL
0x00007ffb953a0000 - 0x00007ffb953a9000 	C:\WINDOWS\SYSTEM32\WSOCK32.dll
0x00007ffba7f10000 - 0x00007ffba7f43000 	C:\WINDOWS\SYSTEM32\WINMM.dll
0x00007ffbab450000 - 0x00007ffbab4bf000 	C:\WINDOWS\System32\WS2_32.dll
0x00007ffba9a70000 - 0x00007ffba9a88000 	C:\WINDOWS\SYSTEM32\kernel.appcore.dll
0x00007ffba7fa0000 - 0x00007ffba7faa000 	C:\Program Files\Java\jdk-16.0.2\bin\jimage.dll
0x00007ffba7ce0000 - 0x00007ffba7f01000 	C:\WINDOWS\SYSTEM32\DBGHELP.DLL
0x00007ffba7ca0000 - 0x00007ffba7cd1000 	C:\WINDOWS\SYSTEM32\dbgcore.DLL
0x00007ffbaad70000 - 0x00007ffbaadf0000 	C:\WINDOWS\System32\bcryptPrimitives.dll
0x00007ffba7c30000 - 0x00007ffba7c55000 	C:\Program Files\Java\jdk-16.0.2\bin\java.dll
0x00007ffbab740000 - 0x00007ffbabeee000 	C:\WINDOWS\System32\SHELL32.dll
0x00007ffba89d0000 - 0x00007ffba9237000 	C:\WINDOWS\SYSTEM32\windows.storage.dll
0x00007ffbabfe0000 - 0x00007ffbac358000 	C:\WINDOWS\System32\combase.dll
0x00007ffba8860000 - 0x00007ffba89c6000 	C:\WINDOWS\SYSTEM32\wintypes.dll
0x00007ffbabef0000 - 0x00007ffbabfda000 	C:\WINDOWS\System32\SHCORE.dll
0x00007ffbac360000 - 0x00007ffbac3bd000 	C:\WINDOWS\System32\shlwapi.dll
0x00007ffbaa790000 - 0x00007ffbaa7b1000 	C:\WINDOWS\SYSTEM32\profapi.dll
0x00007ffb9af40000 - 0x00007ffb9af59000 	C:\Program Files\Java\jdk-16.0.2\bin\net.dll
0x00007ffba6f10000 - 0x00007ffba701c000 	C:\WINDOWS\SYSTEM32\WINHTTP.dll
0x00007ffba9e80000 - 0x00007ffba9ee7000 	C:\WINDOWS\system32\mswsock.dll
0x00007ffb9ab00000 - 0x00007ffb9ab13000 	C:\Program Files\Java\jdk-16.0.2\bin\nio.dll
0x00007ffb79fe0000 - 0x00007ffb7a051000 	C:\str\SplitterConveyor\x64\Debug\SplitterConveyor.dll
0x00007ffba7fd0000 - 0x00007ffba7ffb000 	C:\WINDOWS\SYSTEM32\VCRUNTIME140D.dll
0x00007ffb63210000 - 0x00007ffb633d7000 	C:\WINDOWS\SYSTEM32\ucrtbased.dll

dbghelp: loaded successfully - version: 4.0.5 - missing functions: none
symbol engine: initialized successfully - sym options: 0x614 - pdb path: .;C:\Program Files\Java\jdk-16.0.2\bin;C:\WINDOWS\SYSTEM32;C:\WINDOWS\WinSxS\amd64_microsoft.windows.common-controls_6595b64144ccf1df_6.0.22000.120_none_9d947278b86cc467;C:\Program Files\Java\jdk-16.0.2\bin\server;C:\str\SplitterConveyor\x64\Debug

VM Arguments:
jvm_args: -Dfile.encoding=UTF-8 --module-path=C:\str\labwork2\build\classes 
java_command: Labwork2
java_class_path (initial): C:\str\labwork2\build\classes
Launcher Type: SUN_STANDARD

[Global flags]
     intx CICompilerCount                          = 12                                        {product} {ergonomic}
     uint ConcGCThreads                            = 3                                         {product} {ergonomic}
     uint G1ConcRefinementThreads                  = 13                                        {product} {ergonomic}
   size_t G1HeapRegionSize                         = 2097152                                   {product} {ergonomic}
    uintx GCDrainStackTargetSize                   = 64                                        {product} {ergonomic}
   size_t InitialHeapSize                          = 260046848                                 {product} {ergonomic}
   size_t MarkStackSize                            = 4194304                                   {product} {ergonomic}
   size_t MaxHeapSize                              = 4137680896                                {product} {ergonomic}
   size_t MaxNewSize                               = 2480930816                                {product} {ergonomic}
   size_t MinHeapDeltaBytes                        = 2097152                                   {product} {ergonomic}
   size_t MinHeapSize                              = 8388608                                   {product} {ergonomic}
    uintx NonNMethodCodeHeapSize                   = 7602480                                {pd product} {ergonomic}
    uintx NonProfiledCodeHeapSize                  = 122027880                              {pd product} {ergonomic}
    uintx ProfiledCodeHeapSize                     = 122027880                              {pd product} {ergonomic}
    uintx ReservedCodeCacheSize                    = 251658240                              {pd product} {ergonomic}
     bool SegmentedCodeCache                       = true                                      {product} {ergonomic}
   size_t SoftMaxHeapSize                          = 4137680896                             {manageable} {ergonomic}
     bool UseCompressedClassPointers               = true                           {product lp64_product} {ergonomic}
     bool UseCompressedOops                        = true                           {product lp64_product} {ergonomic}
     bool UseG1GC                                  = true                                      {product} {ergonomic}
     bool UseLargePagesIndividualAllocation        = false                                  {pd product} {ergonomic}

Logging:
Log output configuration:
 #0: stdout all=warning uptime,level,tags
 #1: stderr all=off uptime,level,tags

Environment Variables:
JAVA_HOME=C:\Program Files\Java\jdk1.8.0_301
PATH=C:\Program Files\Java\jdk1.8.0_301\bin;C:\Program Files\Common Files\Oracle\Java\javapath;C:\Program Files (x86)\Common Files\Oracle\Java\javapath;C:\Program Files (x86)\VMware\VMware Player\bin\;C:\Windows\system32;C:\Windows;C:\Windows\System32\Wbem;C:\Windows\System32\WindowsPowerShell\v1.0\;C:\Windows\System32\OpenSSH\;C:\Program Files (x86)\NVIDIA Corporation\PhysX\Common;C:\Program Files\NVIDIA Corporation\NVIDIA NvDLISR;C:\WINDOWS\system32;C:\WINDOWS;C:\WINDOWS\System32\Wbem;C:\WINDOWS\System32\WindowsPowerShell\v1.0\;C:\WINDOWS\System32\OpenSSH\;C:\Users\altsm\AppData\Local\Microsoft\WindowsApps;C:\Program Files\Java\jdk-16.0.2;
USERNAME=altsm
OS=Windows_NT
PROCESSOR_IDENTIFIER=AMD64 Family 25 Model 80 Stepping 0, AuthenticAMD



---------------  S Y S T E M  ---------------

OS:
 Windows 10 , 64 bit Build 22000 (10.0.22000.318)
OS uptime: 3 days 0:26 hours

CPU: total 16 (initial active 16) (16 cores per cpu, 2 threads per core) family 25 model 80 stepping 0 microcode 0x0, cx8, cmov, fxsr, ht, mmx, 3dnowpref, sse, sse2, sse3, ssse3, sse4a, sse4.1, sse4.2, popcnt, lzcnt, tsc, tscinvbit, avx, avx2, aes, erms, clmul, bmi1, bmi2, adx, sha, fma, vzeroupper, clflush, clflushopt

Memory: 4k page, system-wide physical 15776M (6847M free)
TotalPageFile size 18208M (AvailPageFile size 3310M)
current process WorkingSet (physical memory assigned to process): 36M, peak: 36M
current process commit charge ("private bytes"): 346M, peak: 346M

vm_info: Java HotSpot(TM) 64-Bit Server VM (16.0.2+7-67) for windows-amd64 JRE (16.0.2+7-67), built on Jun  8 2021 23:24:19 by "mach5one" with MS VC++ 16.7 (VS2019)

END.
