#
# A fatal error has been detected by the Java Runtime Environment:
#
#  EXCEPTION_ACCESS_VIOLATION (0xc0000005) at pc=0x00007ffc2c7fa3b4, pid=24464, tid=14844
#
# JRE version: Java(TM) SE Runtime Environment (16.0.2+7) (build 16.0.2+7-67)
# Java VM: Java HotSpot(TM) 64-Bit Server VM (16.0.2+7-67, mixed mode, sharing, tiered, compressed oops, compressed class ptrs, g1 gc, windows-amd64)
# Problematic frame:
# C  [SplitterConveyor.dll+0x4a3b4]
#
# No core dump will be written. Minidumps are not enabled by default on client versions of Windows
#
# If you would like to submit a bug report, please visit:
#   https://bugreport.java.com/bugreport/crash.jsp
# The crash happened outside the Java Virtual Machine in native code.
# See problematic frame for where to report the bug.
#

---------------  S U M M A R Y ------------

Command Line: -Dfile.encoding=UTF-8 --module-path=C:\str\labwork2\build\classes Labwork2

Host: AMD Ryzen 9 5900HS with Radeon Graphics        , 16 cores, 15G,  Windows 10 , 64 bit Build 22000 (10.0.22000.318)
Time: Fri Dec 10 10:02:37 2021 GMT Standard Time elapsed time: 22.428498 seconds (0d 0h 0m 22s)

---------------  T H R E A D  ---------------

Current thread (0x00000212fc5c5ed0):  JavaThread "Thread-4" [_thread_in_native, id=14844, stack(0x00000013fd100000,0x00000013fd200000)]

Stack: [0x00000013fd100000,0x00000013fd200000],  sp=0x00000013fd1fed00,  free space=1019k
Native frames: (J=compiled Java code, j=interpreted, Vv=VM code, C=native code)
C  [SplitterConveyor.dll+0x4a3b4]

Java frames: (J=compiled Java code, j=interpreted, Vv=VM code)
j  SplitterConveyor.flashLED(I)V+0
j  ThreadDock1.run()V+39
v  ~StubRoutines::call_stub

siginfo: EXCEPTION_ACCESS_VIOLATION (0xc0000005), reading address 0x0000000000000004


Register to memory mapping:

RIP=0x00007ffc2c7fa3b4 SplitterConveyor.dll
RAX=0x0000000000000080 is an unknown value
RBX={method} {0x00000212fc003400} 'flashLED' '(I)V' in 'SplitterConveyor'
RCX=0x0000000000000004 is an unknown value
RDX=0x0000000000000007 is an unknown value
RSP=0x00000013fd1fed00 is pointing into the stack for thread: 0x00000212fc5c5ed0
RBP=0x00000013fd1fed20 is pointing into the stack for thread: 0x00000212fc5c5ed0
RSI=0x00000212fc589728 points into unknown readable memory: 0x8000091b202c0b5a | 5a 0b 2c 20 1b 09 00 80
RDI=0x00000212df549626 is at code_begin+1414 in an Interpreter codelet
return entry points  [0x00000212df5490a0, 0x00000212df549be0]  2880 bytes
R8 =0x0000000000000001 is an unknown value
R9 =0x0 is NULL
R10=0x0 is NULL
R11=0x0000000000000246 is an unknown value
R12=0x0 is NULL
R13=0x00000212fc0033f0 is pointing into metadata
R14=0x00000013fd1ff108 is pointing into the stack for thread: 0x00000212fc5c5ed0
R15=0x00000212fc5c5ed0 is a thread


Registers:
RAX=0x0000000000000080, RBX=0x00000212fc0033f8, RCX=0x0000000000000004, RDX=0x0000000000000007
RSP=0x00000013fd1fed00, RBP=0x00000013fd1fed20, RSI=0x00000212fc589728, RDI=0x00000212df549626
R8 =0x0000000000000001, R9 =0x0000000000000000, R10=0x0000000000000000, R11=0x0000000000000246
R12=0x0000000000000000, R13=0x00000212fc0033f0, R14=0x00000013fd1ff108, R15=0x00000212fc5c5ed0
RIP=0x00007ffc2c7fa3b4, EFLAGS=0x0000000000010202

Top of Stack: (sp=0x00000013fd1fed00)
0x00000013fd1fed00:   00007ffc2c81d05e 00000212df549626
0x00000013fd1fed10:   00000013fd1fed40 00007ffc2c7cca7d
0x00000013fd1fed20:   00007f8000000002 00007ffbb5506bf8
0x00000013fd1fed30:   00000212fc0033f8 00000013fd1fef00
0x00000013fd1fed40:   0000027fdf5717eb 000000000000000e
0x00000013fd1fed50:   00000212df549626 00007ffbb5525a9d
0x00000013fd1fed60:   00000013fd1fee60 000000000000000e
0x00000013fd1fed70:   00000212d65c4db0 00000212fc589728
0x00000013fd1fed80:   0000000800017d08 00007ffbb55333c0
0x00000013fd1fed90:   000000000000001e 00000212fc0101d0
0x00000013fd1feda0:   00000212fc586460 00000212fc430070
0x00000013fd1fedb0:   00000212fc430080 00000212fc430458
0x00000013fd1fedc0:   00000000000003d8 00000212fc0033f8
0x00000013fd1fedd0:   00007ffbb59d79b8 0000000000000000
0x00000013fd1fede0:   0000000000000000 0000000000000000
0x00000013fd1fedf0:   0000000000000000 0000000000000000 

Instructions: (pc=0x00007ffc2c7fa3b4)
0x00007ffc2c7fa2b4:   02 00 e8 40 17 fd ff b9 01 00 00 00 e8 44 0e fd
0x00007ffc2c7fa2c4:   ff 88 45 04 b2 07 0f b6 4d 04 e8 02 10 fd ff 85
0x00007ffc2c7fa2d4:   c0 74 06 b0 01 eb 04 eb 02 32 c0 48 8d a5 e8 00
0x00007ffc2c7fa2e4:   00 00 5f 5d c3 cc cc cc cc cc cc cc cc cc cc cc
0x00007ffc2c7fa2f4:   cc cc cc cc cc cc cc cc cc cc cc cc 89 4c 24 08
0x00007ffc2c7fa304:   55 57 48 81 ec e8 00 00 00 48 8d 6c 24 20 48 8d
0x00007ffc2c7fa314:   0d 45 2d 02 00 e8 dd 16 fd ff 8b 8d e0 00 00 00
0x00007ffc2c7fa324:   e8 e0 0d fd ff 0f b6 c0 48 8d a5 c8 00 00 00 5f
0x00007ffc2c7fa334:   5d c3 cc cc cc cc cc cc cc cc cc cc cc cc cc cc
0x00007ffc2c7fa344:   cc cc cc cc cc cc cc cc cc cc cc cc 44 89 44 24
0x00007ffc2c7fa354:   18 89 54 24 10 48 89 4c 24 08 55 57 48 81 ec 28
0x00007ffc2c7fa364:   01 00 00 48 8d 6c 24 20 48 8d 0d eb 2c 02 00 e8
0x00007ffc2c7fa374:   83 16 fd ff 8b 85 28 01 00 00 b9 01 00 00 00 89
0x00007ffc2c7fa384:   8d f4 00 00 00 0f b6 c8 8b 85 f4 00 00 00 d3 e0
0x00007ffc2c7fa394:   88 45 04 0f b6 45 04 f7 d0 88 45 24 83 bd 30 01
0x00007ffc2c7fa3a4:   00 00 00 74 1d 0f b6 45 04 48 8b 8d 20 01 00 00
0x00007ffc2c7fa3b4:   0f b6 09 0b c8 8b c1 48 8b 8d 20 01 00 00 88 01
0x00007ffc2c7fa3c4:   eb 1b 0f b6 45 24 48 8b 8d 20 01 00 00 0f b6 09
0x00007ffc2c7fa3d4:   23 c8 8b c1 48 8b 8d 20 01 00 00 88 01 48 8d a5
0x00007ffc2c7fa3e4:   08 01 00 00 5f 5d c3 cc cc cc cc cc cc cc cc cc
0x00007ffc2c7fa3f4:   cc cc cc cc cc cc cc cc cc cc cc cc cc cc cc cc
0x00007ffc2c7fa404:   cc cc cc cc cc cc cc cc cc cc cc cc cc cc cc cc
0x00007ffc2c7fa414:   cc cc cc cc cc cc cc cc cc cc cc cc 89 54 24 10
0x00007ffc2c7fa424:   89 4c 24 08 55 57 48 81 ec e8 00 00 00 48 8d 6c
0x00007ffc2c7fa434:   24 20 48 8d 0d 21 2c 02 00 e8 b9 15 fd ff 0f b6
0x00007ffc2c7fa444:   95 e0 00 00 00 8b 8d e8 00 00 00 e8 7c 13 fd ff
0x00007ffc2c7fa454:   48 8d a5 c8 00 00 00 5f 5d c3 cc cc cc cc cc cc
0x00007ffc2c7fa464:   cc cc cc cc cc cc cc cc cc ff 25 dd 0c 02 00 ff
0x00007ffc2c7fa474:   25 c7 0c 02 00 ff 25 b9 0c 02 00 ff 25 ab 0c 02
0x00007ffc2c7fa484:   00 ff 25 45 0c 02 00 ff 25 e7 0b 02 00 ff 25 e9
0x00007ffc2c7fa494:   0b 02 00 ff 25 eb 0b 02 00 ff 25 ed 0b 02 00 ff
0x00007ffc2c7fa4a4:   25 ef 0b 02 00 ff 25 f1 0b 02 00 ff 25 f3 0b 02 


Stack slot to memory mapping:
stack at sp + 0 slots: 0x00007ffc2c81d05e SplitterConveyor.dll
stack at sp + 1 slots: 0x00000212df549626 is at code_begin+1414 in an Interpreter codelet
return entry points  [0x00000212df5490a0, 0x00000212df549be0]  2880 bytes
stack at sp + 2 slots: 0x00000013fd1fed40 is pointing into the stack for thread: 0x00000212fc5c5ed0
stack at sp + 3 slots: 0x00007ffc2c7cca7d SplitterConveyor.dll
stack at sp + 4 slots: 0x00007f8000000002 is an unknown value
stack at sp + 5 slots: 0x00007ffbb5506bf8 jvm.dll
stack at sp + 6 slots: {method} {0x00000212fc003400} 'flashLED' '(I)V' in 'SplitterConveyor'
stack at sp + 7 slots: 0x00000013fd1fef00 is pointing into the stack for thread: 0x00000212fc5c5ed0


---------------  P R O C E S S  ---------------

Threads class SMR info:
_java_thread_list=0x00000212fc583d50, length=18, elements={
0x00000212fb7ddd20, 0x00000212fb7de9e0, 0x00000212fb7ec800, 0x00000212fb7ed200,
0x00000212fb7efc20, 0x00000212fb7f0620, 0x00000212fb7f2410, 0x00000212fb803c60,
0x00000212fb8182b0, 0x00000212fb7c0400, 0x00000212fc5a1330, 0x00000212fc5ed120,
0x00000212fc5d9cc0, 0x00000212fc5da1e0, 0x00000212fc5dcb10, 0x00000212fc5c5ed0,
0x00000212fc5c6fd0, 0x00000212d65c7f70
}

Java Threads: ( => current thread )
  0x00000212fb7ddd20 JavaThread "Reference Handler" daemon [_thread_blocked, id=19348, stack(0x00000013fc000000,0x00000013fc100000)]
  0x00000212fb7de9e0 JavaThread "Finalizer" daemon [_thread_blocked, id=9580, stack(0x00000013fc100000,0x00000013fc200000)]
  0x00000212fb7ec800 JavaThread "Signal Dispatcher" daemon [_thread_blocked, id=17556, stack(0x00000013fc200000,0x00000013fc300000)]
  0x00000212fb7ed200 JavaThread "Attach Listener" daemon [_thread_blocked, id=6524, stack(0x00000013fc300000,0x00000013fc400000)]
  0x00000212fb7efc20 JavaThread "Service Thread" daemon [_thread_blocked, id=24336, stack(0x00000013fc400000,0x00000013fc500000)]
  0x00000212fb7f0620 JavaThread "Monitor Deflation Thread" daemon [_thread_blocked, id=10364, stack(0x00000013fc500000,0x00000013fc600000)]
  0x00000212fb7f2410 JavaThread "C2 CompilerThread0" daemon [_thread_blocked, id=16168, stack(0x00000013fc600000,0x00000013fc700000)]
  0x00000212fb803c60 JavaThread "C1 CompilerThread0" daemon [_thread_blocked, id=19904, stack(0x00000013fc700000,0x00000013fc800000)]
  0x00000212fb8182b0 JavaThread "Sweeper thread" daemon [_thread_blocked, id=2204, stack(0x00000013fc800000,0x00000013fc900000)]
  0x00000212fb7c0400 JavaThread "Common-Cleaner" daemon [_thread_blocked, id=19944, stack(0x00000013fc900000,0x00000013fca00000)]
  0x00000212fc5a1330 JavaThread "Notification Thread" daemon [_thread_blocked, id=11152, stack(0x00000013fcc00000,0x00000013fcd00000)]
  0x00000212fc5ed120 JavaThread "Thread-0" [_thread_in_native, id=18648, stack(0x00000013fca00000,0x00000013fcb00000)]
  0x00000212fc5d9cc0 JavaThread "Thread-1" [_thread_blocked, id=18860, stack(0x00000013fcb00000,0x00000013fcc00000)]
  0x00000212fc5da1e0 JavaThread "Thread-2" [_thread_blocked, id=21616, stack(0x00000013fcf00000,0x00000013fd000000)]
  0x00000212fc5dcb10 JavaThread "Thread-3" [_thread_blocked, id=16140, stack(0x00000013fd000000,0x00000013fd100000)]
=>0x00000212fc5c5ed0 JavaThread "Thread-4" [_thread_in_native, id=14844, stack(0x00000013fd100000,0x00000013fd200000)]
  0x00000212fc5c6fd0 JavaThread "Thread-5" [_thread_blocked, id=10112, stack(0x00000013fd200000,0x00000013fd300000)]
  0x00000212d65c7f70 JavaThread "DestroyJavaVM" [_thread_blocked, id=24208, stack(0x00000013fb900000,0x00000013fba00000)]

Other Threads:
  0x00000212fb7da1d0 VMThread "VM Thread" [stack: 0x00000013fbf00000,0x00000013fc000000] [id=13580]
  0x00000212d65c8eb0 WatcherThread [stack: 0x00000013fcd00000,0x00000013fce00000] [id=4256]
  0x00000212d661a890 GCTaskThread "GC Thread#0" [stack: 0x00000013fba00000,0x00000013fbb00000] [id=13296]
  0x00000212d662b060 ConcurrentGCThread "G1 Main Marker" [stack: 0x00000013fbb00000,0x00000013fbc00000] [id=7052]
  0x00000212d662e600 ConcurrentGCThread "G1 Conc#0" [stack: 0x00000013fbc00000,0x00000013fbd00000] [id=22288]
  0x00000212d66aeb40 ConcurrentGCThread "G1 Refine#0" [stack: 0x00000013fbd00000,0x00000013fbe00000] [id=24044]
  0x00000212fb68a6d0 ConcurrentGCThread "G1 Service" [stack: 0x00000013fbe00000,0x00000013fbf00000] [id=2696]

Threads with active compile tasks:

VM state: not at safepoint (normal execution)

VM Mutex/Monitor currently owned by a thread: None

Heap address: 0x0000000709600000, size: 3946 MB, Compressed Oops mode: Zero based, Oop shift amount: 3

CDS archive(s) mapped at: [0x0000000800000000-0x0000000800bb0000-0x0000000800bb0000), size 12255232, SharedBaseAddress: 0x0000000800000000, ArchiveRelocationMode: 0.
Compressed class space mapped at: 0x0000000800c00000-0x0000000840c00000, reserved size: 1073741824
Narrow klass base: 0x0000000800000000, Narrow klass shift: 3, Narrow klass range: 0x100000000

GC Precious Log:
 CPUs: 16 total, 16 available
 Memory: 15776M
 Large Page Support: Disabled
 NUMA Support: Disabled
 Compressed Oops: Enabled (Zero based)
 Heap Region Size: 2M
 Heap Min Capacity: 8M
 Heap Initial Capacity: 248M
 Heap Max Capacity: 3946M
 Pre-touch: Disabled
 Parallel Workers: 13
 Concurrent Workers: 3
 Concurrent Refinement Workers: 13
 Periodic GC: Disabled

Heap:
 garbage-first heap   total 253952K, used 4096K [0x0000000709600000, 0x0000000800000000)
  region size 2048K, 3 young (6144K), 0 survivors (0K)
 Metaspace       used 762K, committed 896K, reserved 1056768K
  class space    used 61K, committed 128K, reserved 1048576K

Heap Regions: E=young(eden), S=young(survivor), O=old, HS=humongous(starts), HC=humongous(continues), CS=collection set, F=free, OA=open archive, CA=closed archive, TAMS=top-at-mark-start (previous, next)
|   0|0x0000000709600000, 0x0000000709600000, 0x0000000709800000|  0%| F|  |TAMS 0x0000000709600000, 0x0000000709600000| Untracked 
|   1|0x0000000709800000, 0x0000000709800000, 0x0000000709a00000|  0%| F|  |TAMS 0x0000000709800000, 0x0000000709800000| Untracked 
|   2|0x0000000709a00000, 0x0000000709a00000, 0x0000000709c00000|  0%| F|  |TAMS 0x0000000709a00000, 0x0000000709a00000| Untracked 
|   3|0x0000000709c00000, 0x0000000709c00000, 0x0000000709e00000|  0%| F|  |TAMS 0x0000000709c00000, 0x0000000709c00000| Untracked 
|   4|0x0000000709e00000, 0x0000000709e00000, 0x000000070a000000|  0%| F|  |TAMS 0x0000000709e00000, 0x0000000709e00000| Untracked 
|   5|0x000000070a000000, 0x000000070a000000, 0x000000070a200000|  0%| F|  |TAMS 0x000000070a000000, 0x000000070a000000| Untracked 
|   6|0x000000070a200000, 0x000000070a200000, 0x000000070a400000|  0%| F|  |TAMS 0x000000070a200000, 0x000000070a200000| Untracked 
|   7|0x000000070a400000, 0x000000070a400000, 0x000000070a600000|  0%| F|  |TAMS 0x000000070a400000, 0x000000070a400000| Untracked 
|   8|0x000000070a600000, 0x000000070a600000, 0x000000070a800000|  0%| F|  |TAMS 0x000000070a600000, 0x000000070a600000| Untracked 
|   9|0x000000070a800000, 0x000000070a800000, 0x000000070aa00000|  0%| F|  |TAMS 0x000000070a800000, 0x000000070a800000| Untracked 
|  10|0x000000070aa00000, 0x000000070aa00000, 0x000000070ac00000|  0%| F|  |TAMS 0x000000070aa00000, 0x000000070aa00000| Untracked 
|  11|0x000000070ac00000, 0x000000070ac00000, 0x000000070ae00000|  0%| F|  |TAMS 0x000000070ac00000, 0x000000070ac00000| Untracked 
|  12|0x000000070ae00000, 0x000000070ae00000, 0x000000070b000000|  0%| F|  |TAMS 0x000000070ae00000, 0x000000070ae00000| Untracked 
|  13|0x000000070b000000, 0x000000070b000000, 0x000000070b200000|  0%| F|  |TAMS 0x000000070b000000, 0x000000070b000000| Untracked 
|  14|0x000000070b200000, 0x000000070b200000, 0x000000070b400000|  0%| F|  |TAMS 0x000000070b200000, 0x000000070b200000| Untracked 
|  15|0x000000070b400000, 0x000000070b400000, 0x000000070b600000|  0%| F|  |TAMS 0x000000070b400000, 0x000000070b400000| Untracked 
|  16|0x000000070b600000, 0x000000070b600000, 0x000000070b800000|  0%| F|  |TAMS 0x000000070b600000, 0x000000070b600000| Untracked 
|  17|0x000000070b800000, 0x000000070b800000, 0x000000070ba00000|  0%| F|  |TAMS 0x000000070b800000, 0x000000070b800000| Untracked 
|  18|0x000000070ba00000, 0x000000070ba00000, 0x000000070bc00000|  0%| F|  |TAMS 0x000000070ba00000, 0x000000070ba00000| Untracked 
|  19|0x000000070bc00000, 0x000000070bc00000, 0x000000070be00000|  0%| F|  |TAMS 0x000000070bc00000, 0x000000070bc00000| Untracked 
|  20|0x000000070be00000, 0x000000070be00000, 0x000000070c000000|  0%| F|  |TAMS 0x000000070be00000, 0x000000070be00000| Untracked 
|  21|0x000000070c000000, 0x000000070c000000, 0x000000070c200000|  0%| F|  |TAMS 0x000000070c000000, 0x000000070c000000| Untracked 
|  22|0x000000070c200000, 0x000000070c200000, 0x000000070c400000|  0%| F|  |TAMS 0x000000070c200000, 0x000000070c200000| Untracked 
|  23|0x000000070c400000, 0x000000070c400000, 0x000000070c600000|  0%| F|  |TAMS 0x000000070c400000, 0x000000070c400000| Untracked 
|  24|0x000000070c600000, 0x000000070c600000, 0x000000070c800000|  0%| F|  |TAMS 0x000000070c600000, 0x000000070c600000| Untracked 
|  25|0x000000070c800000, 0x000000070c800000, 0x000000070ca00000|  0%| F|  |TAMS 0x000000070c800000, 0x000000070c800000| Untracked 
|  26|0x000000070ca00000, 0x000000070ca00000, 0x000000070cc00000|  0%| F|  |TAMS 0x000000070ca00000, 0x000000070ca00000| Untracked 
|  27|0x000000070cc00000, 0x000000070cc00000, 0x000000070ce00000|  0%| F|  |TAMS 0x000000070cc00000, 0x000000070cc00000| Untracked 
|  28|0x000000070ce00000, 0x000000070ce00000, 0x000000070d000000|  0%| F|  |TAMS 0x000000070ce00000, 0x000000070ce00000| Untracked 
|  29|0x000000070d000000, 0x000000070d000000, 0x000000070d200000|  0%| F|  |TAMS 0x000000070d000000, 0x000000070d000000| Untracked 
|  30|0x000000070d200000, 0x000000070d200000, 0x000000070d400000|  0%| F|  |TAMS 0x000000070d200000, 0x000000070d200000| Untracked 
|  31|0x000000070d400000, 0x000000070d400000, 0x000000070d600000|  0%| F|  |TAMS 0x000000070d400000, 0x000000070d400000| Untracked 
|  32|0x000000070d600000, 0x000000070d600000, 0x000000070d800000|  0%| F|  |TAMS 0x000000070d600000, 0x000000070d600000| Untracked 
|  33|0x000000070d800000, 0x000000070d800000, 0x000000070da00000|  0%| F|  |TAMS 0x000000070d800000, 0x000000070d800000| Untracked 
|  34|0x000000070da00000, 0x000000070da00000, 0x000000070dc00000|  0%| F|  |TAMS 0x000000070da00000, 0x000000070da00000| Untracked 
|  35|0x000000070dc00000, 0x000000070dc00000, 0x000000070de00000|  0%| F|  |TAMS 0x000000070dc00000, 0x000000070dc00000| Untracked 
|  36|0x000000070de00000, 0x000000070de00000, 0x000000070e000000|  0%| F|  |TAMS 0x000000070de00000, 0x000000070de00000| Untracked 
|  37|0x000000070e000000, 0x000000070e000000, 0x000000070e200000|  0%| F|  |TAMS 0x000000070e000000, 0x000000070e000000| Untracked 
|  38|0x000000070e200000, 0x000000070e200000, 0x000000070e400000|  0%| F|  |TAMS 0x000000070e200000, 0x000000070e200000| Untracked 
|  39|0x000000070e400000, 0x000000070e400000, 0x000000070e600000|  0%| F|  |TAMS 0x000000070e400000, 0x000000070e400000| Untracked 
|  40|0x000000070e600000, 0x000000070e600000, 0x000000070e800000|  0%| F|  |TAMS 0x000000070e600000, 0x000000070e600000| Untracked 
|  41|0x000000070e800000, 0x000000070e800000, 0x000000070ea00000|  0%| F|  |TAMS 0x000000070e800000, 0x000000070e800000| Untracked 
|  42|0x000000070ea00000, 0x000000070ea00000, 0x000000070ec00000|  0%| F|  |TAMS 0x000000070ea00000, 0x000000070ea00000| Untracked 
|  43|0x000000070ec00000, 0x000000070ec00000, 0x000000070ee00000|  0%| F|  |TAMS 0x000000070ec00000, 0x000000070ec00000| Untracked 
|  44|0x000000070ee00000, 0x000000070ee00000, 0x000000070f000000|  0%| F|  |TAMS 0x000000070ee00000, 0x000000070ee00000| Untracked 
|  45|0x000000070f000000, 0x000000070f000000, 0x000000070f200000|  0%| F|  |TAMS 0x000000070f000000, 0x000000070f000000| Untracked 
|  46|0x000000070f200000, 0x000000070f200000, 0x000000070f400000|  0%| F|  |TAMS 0x000000070f200000, 0x000000070f200000| Untracked 
|  47|0x000000070f400000, 0x000000070f400000, 0x000000070f600000|  0%| F|  |TAMS 0x000000070f400000, 0x000000070f400000| Untracked 
|  48|0x000000070f600000, 0x000000070f600000, 0x000000070f800000|  0%| F|  |TAMS 0x000000070f600000, 0x000000070f600000| Untracked 
|  49|0x000000070f800000, 0x000000070f800000, 0x000000070fa00000|  0%| F|  |TAMS 0x000000070f800000, 0x000000070f800000| Untracked 
|  50|0x000000070fa00000, 0x000000070fa00000, 0x000000070fc00000|  0%| F|  |TAMS 0x000000070fa00000, 0x000000070fa00000| Untracked 
|  51|0x000000070fc00000, 0x000000070fc00000, 0x000000070fe00000|  0%| F|  |TAMS 0x000000070fc00000, 0x000000070fc00000| Untracked 
|  52|0x000000070fe00000, 0x000000070fe00000, 0x0000000710000000|  0%| F|  |TAMS 0x000000070fe00000, 0x000000070fe00000| Untracked 
|  53|0x0000000710000000, 0x0000000710000000, 0x0000000710200000|  0%| F|  |TAMS 0x0000000710000000, 0x0000000710000000| Untracked 
|  54|0x0000000710200000, 0x0000000710200000, 0x0000000710400000|  0%| F|  |TAMS 0x0000000710200000, 0x0000000710200000| Untracked 
|  55|0x0000000710400000, 0x0000000710400000, 0x0000000710600000|  0%| F|  |TAMS 0x0000000710400000, 0x0000000710400000| Untracked 
|  56|0x0000000710600000, 0x0000000710600000, 0x0000000710800000|  0%| F|  |TAMS 0x0000000710600000, 0x0000000710600000| Untracked 
|  57|0x0000000710800000, 0x0000000710800000, 0x0000000710a00000|  0%| F|  |TAMS 0x0000000710800000, 0x0000000710800000| Untracked 
|  58|0x0000000710a00000, 0x0000000710a00000, 0x0000000710c00000|  0%| F|  |TAMS 0x0000000710a00000, 0x0000000710a00000| Untracked 
|  59|0x0000000710c00000, 0x0000000710c00000, 0x0000000710e00000|  0%| F|  |TAMS 0x0000000710c00000, 0x0000000710c00000| Untracked 
|  60|0x0000000710e00000, 0x0000000710e00000, 0x0000000711000000|  0%| F|  |TAMS 0x0000000710e00000, 0x0000000710e00000| Untracked 
|  61|0x0000000711000000, 0x0000000711000000, 0x0000000711200000|  0%| F|  |TAMS 0x0000000711000000, 0x0000000711000000| Untracked 
|  62|0x0000000711200000, 0x0000000711200000, 0x0000000711400000|  0%| F|  |TAMS 0x0000000711200000, 0x0000000711200000| Untracked 
|  63|0x0000000711400000, 0x0000000711400000, 0x0000000711600000|  0%| F|  |TAMS 0x0000000711400000, 0x0000000711400000| Untracked 
|  64|0x0000000711600000, 0x0000000711600000, 0x0000000711800000|  0%| F|  |TAMS 0x0000000711600000, 0x0000000711600000| Untracked 
|  65|0x0000000711800000, 0x0000000711800000, 0x0000000711a00000|  0%| F|  |TAMS 0x0000000711800000, 0x0000000711800000| Untracked 
|  66|0x0000000711a00000, 0x0000000711a00000, 0x0000000711c00000|  0%| F|  |TAMS 0x0000000711a00000, 0x0000000711a00000| Untracked 
|  67|0x0000000711c00000, 0x0000000711c00000, 0x0000000711e00000|  0%| F|  |TAMS 0x0000000711c00000, 0x0000000711c00000| Untracked 
|  68|0x0000000711e00000, 0x0000000711e00000, 0x0000000712000000|  0%| F|  |TAMS 0x0000000711e00000, 0x0000000711e00000| Untracked 
|  69|0x0000000712000000, 0x0000000712000000, 0x0000000712200000|  0%| F|  |TAMS 0x0000000712000000, 0x0000000712000000| Untracked 
|  70|0x0000000712200000, 0x0000000712200000, 0x0000000712400000|  0%| F|  |TAMS 0x0000000712200000, 0x0000000712200000| Untracked 
|  71|0x0000000712400000, 0x0000000712400000, 0x0000000712600000|  0%| F|  |TAMS 0x0000000712400000, 0x0000000712400000| Untracked 
|  72|0x0000000712600000, 0x0000000712600000, 0x0000000712800000|  0%| F|  |TAMS 0x0000000712600000, 0x0000000712600000| Untracked 
|  73|0x0000000712800000, 0x0000000712800000, 0x0000000712a00000|  0%| F|  |TAMS 0x0000000712800000, 0x0000000712800000| Untracked 
|  74|0x0000000712a00000, 0x0000000712a00000, 0x0000000712c00000|  0%| F|  |TAMS 0x0000000712a00000, 0x0000000712a00000| Untracked 
|  75|0x0000000712c00000, 0x0000000712c00000, 0x0000000712e00000|  0%| F|  |TAMS 0x0000000712c00000, 0x0000000712c00000| Untracked 
|  76|0x0000000712e00000, 0x0000000712e00000, 0x0000000713000000|  0%| F|  |TAMS 0x0000000712e00000, 0x0000000712e00000| Untracked 
|  77|0x0000000713000000, 0x0000000713000000, 0x0000000713200000|  0%| F|  |TAMS 0x0000000713000000, 0x0000000713000000| Untracked 
|  78|0x0000000713200000, 0x0000000713200000, 0x0000000713400000|  0%| F|  |TAMS 0x0000000713200000, 0x0000000713200000| Untracked 
|  79|0x0000000713400000, 0x0000000713400000, 0x0000000713600000|  0%| F|  |TAMS 0x0000000713400000, 0x0000000713400000| Untracked 
|  80|0x0000000713600000, 0x0000000713600000, 0x0000000713800000|  0%| F|  |TAMS 0x0000000713600000, 0x0000000713600000| Untracked 
|  81|0x0000000713800000, 0x0000000713800000, 0x0000000713a00000|  0%| F|  |TAMS 0x0000000713800000, 0x0000000713800000| Untracked 
|  82|0x0000000713a00000, 0x0000000713a00000, 0x0000000713c00000|  0%| F|  |TAMS 0x0000000713a00000, 0x0000000713a00000| Untracked 
|  83|0x0000000713c00000, 0x0000000713c00000, 0x0000000713e00000|  0%| F|  |TAMS 0x0000000713c00000, 0x0000000713c00000| Untracked 
|  84|0x0000000713e00000, 0x0000000713e00000, 0x0000000714000000|  0%| F|  |TAMS 0x0000000713e00000, 0x0000000713e00000| Untracked 
|  85|0x0000000714000000, 0x0000000714000000, 0x0000000714200000|  0%| F|  |TAMS 0x0000000714000000, 0x0000000714000000| Untracked 
|  86|0x0000000714200000, 0x0000000714200000, 0x0000000714400000|  0%| F|  |TAMS 0x0000000714200000, 0x0000000714200000| Untracked 
|  87|0x0000000714400000, 0x0000000714400000, 0x0000000714600000|  0%| F|  |TAMS 0x0000000714400000, 0x0000000714400000| Untracked 
|  88|0x0000000714600000, 0x0000000714600000, 0x0000000714800000|  0%| F|  |TAMS 0x0000000714600000, 0x0000000714600000| Untracked 
|  89|0x0000000714800000, 0x0000000714800000, 0x0000000714a00000|  0%| F|  |TAMS 0x0000000714800000, 0x0000000714800000| Untracked 
|  90|0x0000000714a00000, 0x0000000714a00000, 0x0000000714c00000|  0%| F|  |TAMS 0x0000000714a00000, 0x0000000714a00000| Untracked 
|  91|0x0000000714c00000, 0x0000000714c00000, 0x0000000714e00000|  0%| F|  |TAMS 0x0000000714c00000, 0x0000000714c00000| Untracked 
|  92|0x0000000714e00000, 0x0000000714e00000, 0x0000000715000000|  0%| F|  |TAMS 0x0000000714e00000, 0x0000000714e00000| Untracked 
|  93|0x0000000715000000, 0x0000000715000000, 0x0000000715200000|  0%| F|  |TAMS 0x0000000715000000, 0x0000000715000000| Untracked 
|  94|0x0000000715200000, 0x0000000715200000, 0x0000000715400000|  0%| F|  |TAMS 0x0000000715200000, 0x0000000715200000| Untracked 
|  95|0x0000000715400000, 0x0000000715400000, 0x0000000715600000|  0%| F|  |TAMS 0x0000000715400000, 0x0000000715400000| Untracked 
|  96|0x0000000715600000, 0x0000000715600000, 0x0000000715800000|  0%| F|  |TAMS 0x0000000715600000, 0x0000000715600000| Untracked 
|  97|0x0000000715800000, 0x0000000715800000, 0x0000000715a00000|  0%| F|  |TAMS 0x0000000715800000, 0x0000000715800000| Untracked 
|  98|0x0000000715a00000, 0x0000000715a00000, 0x0000000715c00000|  0%| F|  |TAMS 0x0000000715a00000, 0x0000000715a00000| Untracked 
|  99|0x0000000715c00000, 0x0000000715c00000, 0x0000000715e00000|  0%| F|  |TAMS 0x0000000715c00000, 0x0000000715c00000| Untracked 
| 100|0x0000000715e00000, 0x0000000715e00000, 0x0000000716000000|  0%| F|  |TAMS 0x0000000715e00000, 0x0000000715e00000| Untracked 
| 101|0x0000000716000000, 0x0000000716000000, 0x0000000716200000|  0%| F|  |TAMS 0x0000000716000000, 0x0000000716000000| Untracked 
| 102|0x0000000716200000, 0x0000000716200000, 0x0000000716400000|  0%| F|  |TAMS 0x0000000716200000, 0x0000000716200000| Untracked 
| 103|0x0000000716400000, 0x0000000716400000, 0x0000000716600000|  0%| F|  |TAMS 0x0000000716400000, 0x0000000716400000| Untracked 
| 104|0x0000000716600000, 0x0000000716600000, 0x0000000716800000|  0%| F|  |TAMS 0x0000000716600000, 0x0000000716600000| Untracked 
| 105|0x0000000716800000, 0x0000000716800000, 0x0000000716a00000|  0%| F|  |TAMS 0x0000000716800000, 0x0000000716800000| Untracked 
| 106|0x0000000716a00000, 0x0000000716a00000, 0x0000000716c00000|  0%| F|  |TAMS 0x0000000716a00000, 0x0000000716a00000| Untracked 
| 107|0x0000000716c00000, 0x0000000716c00000, 0x0000000716e00000|  0%| F|  |TAMS 0x0000000716c00000, 0x0000000716c00000| Untracked 
| 108|0x0000000716e00000, 0x0000000716e00000, 0x0000000717000000|  0%| F|  |TAMS 0x0000000716e00000, 0x0000000716e00000| Untracked 
| 109|0x0000000717000000, 0x0000000717000000, 0x0000000717200000|  0%| F|  |TAMS 0x0000000717000000, 0x0000000717000000| Untracked 
| 110|0x0000000717200000, 0x0000000717200000, 0x0000000717400000|  0%| F|  |TAMS 0x0000000717200000, 0x0000000717200000| Untracked 
| 111|0x0000000717400000, 0x0000000717400000, 0x0000000717600000|  0%| F|  |TAMS 0x0000000717400000, 0x0000000717400000| Untracked 
| 112|0x0000000717600000, 0x0000000717600000, 0x0000000717800000|  0%| F|  |TAMS 0x0000000717600000, 0x0000000717600000| Untracked 
| 113|0x0000000717800000, 0x0000000717800000, 0x0000000717a00000|  0%| F|  |TAMS 0x0000000717800000, 0x0000000717800000| Untracked 
| 114|0x0000000717a00000, 0x0000000717a00000, 0x0000000717c00000|  0%| F|  |TAMS 0x0000000717a00000, 0x0000000717a00000| Untracked 
| 115|0x0000000717c00000, 0x0000000717c00000, 0x0000000717e00000|  0%| F|  |TAMS 0x0000000717c00000, 0x0000000717c00000| Untracked 
| 116|0x0000000717e00000, 0x0000000717e00000, 0x0000000718000000|  0%| F|  |TAMS 0x0000000717e00000, 0x0000000717e00000| Untracked 
| 117|0x0000000718000000, 0x0000000718000000, 0x0000000718200000|  0%| F|  |TAMS 0x0000000718000000, 0x0000000718000000| Untracked 
| 118|0x0000000718200000, 0x0000000718200000, 0x0000000718400000|  0%| F|  |TAMS 0x0000000718200000, 0x0000000718200000| Untracked 
| 119|0x0000000718400000, 0x0000000718400000, 0x0000000718600000|  0%| F|  |TAMS 0x0000000718400000, 0x0000000718400000| Untracked 
| 120|0x0000000718600000, 0x0000000718600000, 0x0000000718800000|  0%| F|  |TAMS 0x0000000718600000, 0x0000000718600000| Untracked 
| 121|0x0000000718800000, 0x0000000718952848, 0x0000000718a00000| 66%| E|  |TAMS 0x0000000718800000, 0x0000000718800000| Complete 
| 122|0x0000000718a00000, 0x0000000718c00000, 0x0000000718c00000|100%| E|CS|TAMS 0x0000000718a00000, 0x0000000718a00000| Complete 
| 123|0x0000000718c00000, 0x0000000718e00000, 0x0000000718e00000|100%| E|CS|TAMS 0x0000000718c00000, 0x0000000718c00000| Complete 

Card table byte_map: [0x00000212efcb0000,0x00000212f0470000] _byte_map_base: 0x00000212ec465000

Marking Bits (Prev, Next): (CMBitMap*) 0x00000212d661af80, (CMBitMap*) 0x00000212d661afc0
 Prev Bits: [0x00000212f0c30000, 0x00000212f49d8000)
 Next Bits: [0x00000212f49e0000, 0x00000212f8788000)

Polling page: 0x00000212d66b0000

Metaspace:

Usage:
  Non-class:    701.20 KB used.
      Class:     61.56 KB used.
       Both:    762.76 KB used.

Virtual space:
  Non-class space:        8.00 MB reserved,     768.00 KB (  9%) committed,  1 nodes.
      Class space:        1.00 GB reserved,     128.00 KB ( <1%) committed,  1 nodes.
              Both:        1.01 GB reserved,     896.00 KB ( <1%) committed. 

Chunk freelists:
   Non-Class:  3.94 MB
       Class:  3.73 MB
        Both:  7.67 MB

MaxMetaspaceSize: 17179869184.00 GB
CompressedClassSpaceSize: 1.00 GB
 - commit_granule_bytes: 65536.
 - commit_granule_words: 8192.
 - virtual_space_node_default_size: 1048576.
 - enlarge_chunks_in_place: 1.
 - new_chunks_are_fully_committed: 0.
 - uncommit_free_chunks: 1.
 - use_allocation_guard: 0.
 - handle_deallocations: 1.


Internal statistics:

num_allocs_failed_limit: 0.
num_arena_births: 8.
num_arena_deaths: 0.
num_vsnodes_births: 2.
num_vsnodes_deaths: 0.
num_space_committed: 14.
num_space_uncommitted: 0.
num_chunks_returned_to_freelist: 0.
num_chunks_taken_from_freelist: 17.
num_chunk_merges: 0.
num_chunk_splits: 9.
num_chunks_enlarged: 6.
num_purges: 0.

CodeHeap 'non-profiled nmethods': size=119168Kb used=90Kb max_used=90Kb free=119077Kb
 bounds [0x00000212e70e0000, 0x00000212e7350000, 0x00000212ee540000]
CodeHeap 'profiled nmethods': size=119104Kb used=323Kb max_used=323Kb free=118781Kb
 bounds [0x00000212dfc90000, 0x00000212dff00000, 0x00000212e70e0000]
CodeHeap 'non-nmethods': size=7488Kb used=1118Kb max_used=1682Kb free=6369Kb
 bounds [0x00000212df540000, 0x00000212df7b0000, 0x00000212dfc90000]
 total_blobs=670 nmethods=278 adapters=305
 compilation: enabled
              stopped_count=0, restarted_count=0
 full_count=0

Compilation events (20 events):
Event: 19.046 Thread 0x00000212fb803c60  266       3       java.lang.String::startsWith (138 bytes)
Event: 19.047 Thread 0x00000212fb803c60 nmethod 266 0x00000212dfcdb210 code [0x00000212dfcdb440, 0x00000212dfcdbcd8]
Event: 19.047 Thread 0x00000212fb803c60  267       1       java.nio.Buffer::limit (5 bytes)
Event: 19.047 Thread 0x00000212fb803c60 nmethod 267 0x00000212e70f4e90 code [0x00000212e70f5020, 0x00000212e70f50f8]
Event: 19.047 Thread 0x00000212fb803c60  268       1       java.nio.Buffer::position (5 bytes)
Event: 19.047 Thread 0x00000212fb803c60 nmethod 268 0x00000212e70f5190 code [0x00000212e70f5320, 0x00000212e70f53f8]
Event: 19.642 Thread 0x00000212fb803c60  270   !   3       Mechanism::Sleep (10 bytes)
Event: 19.642 Thread 0x00000212fb803c60 nmethod 270 0x00000212dfcdbf90 code [0x00000212dfcdc140, 0x00000212dfcdc2c8]
Event: 20.377 Thread 0x00000212fb803c60  273 %     3       ThreadDock1::run @ 2 (163 bytes)
Event: 20.378 Thread 0x00000212fb803c60 nmethod 273% 0x00000212dfcdc390 code [0x00000212dfcdc680, 0x00000212dfcdd438]
Event: 20.380 Thread 0x00000212fb803c60  274       3       ThreadDock1::run (163 bytes)
Event: 20.380 Thread 0x00000212fb803c60 nmethod 274 0x00000212dfcdda90 code [0x00000212dfcddd80, 0x00000212dfcdeab8]
Event: 20.401 Thread 0x00000212fb803c60  275 %     3       ThreadDock2::run @ 2 (119 bytes)
Event: 20.402 Thread 0x00000212fb803c60 nmethod 275% 0x00000212dfcdf090 code [0x00000212dfcdf2e0, 0x00000212dfcdfb18]
Event: 20.406 Thread 0x00000212fb803c60  276       3       ThreadDock2::run (119 bytes)
Event: 20.406 Thread 0x00000212fb803c60 nmethod 276 0x00000212dfcdfe90 code [0x00000212dfce00e0, 0x00000212dfce08b8]
Event: 20.479 Thread 0x00000212fb7f2410  277 %     4       ThreadDock1::run @ 2 (163 bytes)
Event: 20.480 Thread 0x00000212fb7f2410 nmethod 277% 0x00000212e70f6290 code [0x00000212e70f6440, 0x00000212e70f6598]
Event: 20.537 Thread 0x00000212fb7f2410  278 %     4       ThreadDock2::run @ 2 (119 bytes)
Event: 20.538 Thread 0x00000212fb7f2410 nmethod 278% 0x00000212e70f6710 code [0x00000212e70f68c0, 0x00000212e70f6a18]

GC Heap History (0 events):
No events

Deoptimization events (8 events):
Event: 20.500 Thread 0x00000212fc5c5ed0 DEOPT PACKING pc=0x00000212dfcdd2ae sp=0x00000013fd1ff0e0
Event: 20.500 Thread 0x00000212fc5c5ed0 DEOPT UNPACKING pc=0x00000212df58dece sp=0x00000013fd1fe5c8 mode 0
Event: 20.566 Thread 0x00000212fc5c6fd0 DEOPT PACKING pc=0x00000212dfcdfa04 sp=0x00000013fd2ff210
Event: 20.566 Thread 0x00000212fc5c6fd0 DEOPT UNPACKING pc=0x00000212df58dece sp=0x00000013fd2fe6d8 mode 0
Event: 22.423 Thread 0x00000212fc5c5ed0 Uncommon trap: trap_request=0xffffff45 fr.pc=0x00000212e70f650c relative=0x00000000000000cc
Event: 22.423 Thread 0x00000212fc5c5ed0 Uncommon trap: reason=unstable_if action=reinterpret pc=0x00000212e70f650c method=ThreadDock1.run()V @ 77 c2
Event: 22.423 Thread 0x00000212fc5c5ed0 DEOPT PACKING pc=0x00000212e70f650c sp=0x00000013fd1ff120
Event: 22.424 Thread 0x00000212fc5c5ed0 DEOPT UNPACKING pc=0x00000212df58d72e sp=0x00000013fd1ff0d8 mode 2

Classes unloaded (0 events):
No events

Classes redefined (0 events):
No events

Internal exceptions (2 events):
Event: 0.068 Thread 0x00000212d65c7f70 Exception <a 'sun/nio/fs/WindowsException'{0x0000000718d24f88}> (0x0000000718d24f88) 
thrown [t:\workspace\open\src\hotspot\share\prims\jni.cpp, line 579]
Event: 0.068 Thread 0x00000212d65c7f70 Exception <a 'sun/nio/fs/WindowsException'{0x0000000718d253d8}> (0x0000000718d253d8) 
thrown [t:\workspace\open\src\hotspot\share\prims\jni.cpp, line 579]

Events (20 events):
Event: 10.987 loading class java/lang/IllegalAccessException
Event: 10.987 loading class java/lang/IllegalAccessException done
Event: 11.165 Executing  VM operation: Cleanup
Event: 11.165 Executing  VM operation: Cleanup done
Event: 18.588 loading class java/util/regex/Pattern$1
Event: 18.588 loading class java/util/regex/Pattern$1 done
Event: 19.047 Thread 0x00000212fc5ed120 Thread added: 0x00000212fc5ed120
Event: 20.197 Thread 0x00000212fc5d9cc0 Thread added: 0x00000212fc5d9cc0
Event: 20.198 Thread 0x00000212fc5da1e0 Thread added: 0x00000212fc5da1e0
Event: 20.198 Thread 0x00000212fc5dcb10 Thread added: 0x00000212fc5dcb10
Event: 20.198 Thread 0x00000212fc5c5ed0 Thread added: 0x00000212fc5c5ed0
Event: 20.198 Thread 0x00000212fc5c6fd0 Thread added: 0x00000212fc5c6fd0
Event: 20.198 loading class java/util/concurrent/locks/AbstractQueuedSynchronizer$SharedNode
Event: 20.198 loading class java/util/concurrent/locks/AbstractQueuedSynchronizer$Node
Event: 20.198 loading class java/util/concurrent/locks/AbstractQueuedSynchronizer$Node done
Event: 20.198 loading class java/util/concurrent/locks/AbstractQueuedSynchronizer$SharedNode done
Event: 20.198 Thread 0x00000212d65c7f70 Thread exited: 0x00000212d65c7f70
Event: 20.198 Thread 0x00000212d65c7f70 Thread added: 0x00000212d65c7f70
Event: 20.198 loading class java/util/concurrent/locks/AbstractQueuedSynchronizer$ExclusiveNode
Event: 20.198 loading class java/util/concurrent/locks/AbstractQueuedSynchronizer$ExclusiveNode done


Dynamic libraries:
0x00007ff7ebd40000 - 0x00007ff7ebd50000 	C:\Program Files\Java\jdk-16.0.2\bin\java.exe
0x00007ffc417a0000 - 0x00007ffc419a7000 	C:\WINDOWS\SYSTEM32\ntdll.dll
0x00007ffc400a0000 - 0x00007ffc4015d000 	C:\WINDOWS\System32\KERNEL32.DLL
0x00007ffc3ecf0000 - 0x00007ffc3f064000 	C:\WINDOWS\System32\KERNELBASE.dll
0x00007ffc3a930000 - 0x00007ffc3a949000 	C:\Program Files\Java\jdk-16.0.2\bin\VCRUNTIME140.dll
0x00007ffc3f070000 - 0x00007ffc3f181000 	C:\WINDOWS\System32\ucrtbase.dll
0x00007ffc36250000 - 0x00007ffc36268000 	C:\Program Files\Java\jdk-16.0.2\bin\jli.dll
0x00007ffc40c40000 - 0x00007ffc40cec000 	C:\WINDOWS\System32\ADVAPI32.dll
0x00007ffc3f690000 - 0x00007ffc3f733000 	C:\WINDOWS\System32\msvcrt.dll
0x00007ffc40000000 - 0x00007ffc4009d000 	C:\WINDOWS\System32\sechost.dll
0x00007ffc3fed0000 - 0x00007ffc3fff1000 	C:\WINDOWS\System32\RPCRT4.dll
0x00007ffc40a30000 - 0x00007ffc40bdc000 	C:\WINDOWS\System32\USER32.dll
0x00007ffc2bb00000 - 0x00007ffc2bda5000 	C:\WINDOWS\WinSxS\amd64_microsoft.windows.common-controls_6595b64144ccf1df_6.0.22000.120_none_9d947278b86cc467\COMCTL32.dll
0x00007ffc3f300000 - 0x00007ffc3f326000 	C:\WINDOWS\System32\win32u.dll
0x00007ffc40830000 - 0x00007ffc40859000 	C:\WINDOWS\System32\GDI32.dll
0x00007ffc3f490000 - 0x00007ffc3f5a2000 	C:\WINDOWS\System32\gdi32full.dll
0x00007ffc3f3f0000 - 0x00007ffc3f48d000 	C:\WINDOWS\System32\msvcp_win.dll
0x00007ffc38a10000 - 0x00007ffc38a1a000 	C:\WINDOWS\SYSTEM32\VERSION.dll
0x00007ffc3f630000 - 0x00007ffc3f661000 	C:\WINDOWS\System32\IMM32.DLL
0x00007ffc3a920000 - 0x00007ffc3a92c000 	C:\Program Files\Java\jdk-16.0.2\bin\vcruntime140_1.dll
0x00007ffc2d9a0000 - 0x00007ffc2da31000 	C:\Program Files\Java\jdk-16.0.2\bin\msvcp140.dll
0x00007ffbb51b0000 - 0x00007ffbb5d5b000 	C:\Program Files\Java\jdk-16.0.2\bin\server\jvm.dll
0x00007ffc40340000 - 0x00007ffc40348000 	C:\WINDOWS\System32\PSAPI.DLL
0x00007ffc3c330000 - 0x00007ffc3c363000 	C:\WINDOWS\SYSTEM32\WINMM.dll
0x00007ffc27630000 - 0x00007ffc27639000 	C:\WINDOWS\SYSTEM32\WSOCK32.dll
0x00007ffc40d50000 - 0x00007ffc40dbf000 	C:\WINDOWS\System32\WS2_32.dll
0x00007ffc3de90000 - 0x00007ffc3dea8000 	C:\WINDOWS\SYSTEM32\kernel.appcore.dll
0x00007ffc3a8d0000 - 0x00007ffc3a8da000 	C:\Program Files\Java\jdk-16.0.2\bin\jimage.dll
0x00007ffc3c100000 - 0x00007ffc3c321000 	C:\WINDOWS\SYSTEM32\DBGHELP.DLL
0x00007ffc3c0c0000 - 0x00007ffc3c0f1000 	C:\WINDOWS\SYSTEM32\dbgcore.DLL
0x00007ffc3f5b0000 - 0x00007ffc3f630000 	C:\WINDOWS\System32\bcryptPrimitives.dll
0x00007ffc3a840000 - 0x00007ffc3a865000 	C:\Program Files\Java\jdk-16.0.2\bin\java.dll
0x00007ffc40fb0000 - 0x00007ffc4175e000 	C:\WINDOWS\System32\SHELL32.dll
0x00007ffc3ce30000 - 0x00007ffc3d697000 	C:\WINDOWS\SYSTEM32\windows.storage.dll
0x00007ffc3fb50000 - 0x00007ffc3fec8000 	C:\WINDOWS\System32\combase.dll
0x00007ffc3ccc0000 - 0x00007ffc3ce26000 	C:\WINDOWS\SYSTEM32\wintypes.dll
0x00007ffc40ec0000 - 0x00007ffc40faa000 	C:\WINDOWS\System32\SHCORE.dll
0x00007ffc40cf0000 - 0x00007ffc40d4d000 	C:\WINDOWS\System32\shlwapi.dll
0x00007ffc3ebb0000 - 0x00007ffc3ebd1000 	C:\WINDOWS\SYSTEM32\profapi.dll
0x00007ffc396d0000 - 0x00007ffc396e9000 	C:\Program Files\Java\jdk-16.0.2\bin\net.dll
0x00007ffc3b870000 - 0x00007ffc3b97c000 	C:\WINDOWS\SYSTEM32\WINHTTP.dll
0x00007ffc3e2a0000 - 0x00007ffc3e307000 	C:\WINDOWS\system32\mswsock.dll
0x00007ffc34fe0000 - 0x00007ffc34ff3000 	C:\Program Files\Java\jdk-16.0.2\bin\nio.dll
0x00007ffc2c7b0000 - 0x00007ffc2c821000 	C:\str\SplitterConveyor\x64\Debug\SplitterConveyor.dll
0x00007ffc2dbc0000 - 0x00007ffc2dbeb000 	C:\WINDOWS\SYSTEM32\VCRUNTIME140D.dll
0x00007ffc29180000 - 0x00007ffc29347000 	C:\WINDOWS\SYSTEM32\ucrtbased.dll

dbghelp: loaded successfully - version: 4.0.5 - missing functions: none
symbol engine: initialized successfully - sym options: 0x614 - pdb path: .;C:\Program Files\Java\jdk-16.0.2\bin;C:\WINDOWS\SYSTEM32;C:\WINDOWS\WinSxS\amd64_microsoft.windows.common-controls_6595b64144ccf1df_6.0.22000.120_none_9d947278b86cc467;C:\Program Files\Java\jdk-16.0.2\bin\server;C:\str\SplitterConveyor\x64\Debug

VM Arguments:
jvm_args: -Dfile.encoding=UTF-8 --module-path=C:\str\labwork2\build\classes 
java_command: Labwork2
java_class_path (initial): C:\str\labwork2\build\classes
Launcher Type: SUN_STANDARD

[Global flags]
     intx CICompilerCount                          = 12                                        {product} {ergonomic}
     uint ConcGCThreads                            = 3                                         {product} {ergonomic}
     uint G1ConcRefinementThreads                  = 13                                        {product} {ergonomic}
   size_t G1HeapRegionSize                         = 2097152                                   {product} {ergonomic}
    uintx GCDrainStackTargetSize                   = 64                                        {product} {ergonomic}
   size_t InitialHeapSize                          = 260046848                                 {product} {ergonomic}
   size_t MarkStackSize                            = 4194304                                   {product} {ergonomic}
   size_t MaxHeapSize                              = 4137680896                                {product} {ergonomic}
   size_t MaxNewSize                               = 2480930816                                {product} {ergonomic}
   size_t MinHeapDeltaBytes                        = 2097152                                   {product} {ergonomic}
   size_t MinHeapSize                              = 8388608                                   {product} {ergonomic}
    uintx NonNMethodCodeHeapSize                   = 7602480                                {pd product} {ergonomic}
    uintx NonProfiledCodeHeapSize                  = 122027880                              {pd product} {ergonomic}
    uintx ProfiledCodeHeapSize                     = 122027880                              {pd product} {ergonomic}
    uintx ReservedCodeCacheSize                    = 251658240                              {pd product} {ergonomic}
     bool SegmentedCodeCache                       = true                                      {product} {ergonomic}
   size_t SoftMaxHeapSize                          = 4137680896                             {manageable} {ergonomic}
     bool UseCompressedClassPointers               = true                           {product lp64_product} {ergonomic}
     bool UseCompressedOops                        = true                           {product lp64_product} {ergonomic}
     bool UseG1GC                                  = true                                      {product} {ergonomic}
     bool UseLargePagesIndividualAllocation        = false                                  {pd product} {ergonomic}

Logging:
Log output configuration:
 #0: stdout all=warning uptime,level,tags
 #1: stderr all=off uptime,level,tags

Environment Variables:
JAVA_HOME=C:\Program Files\Java\jdk1.8.0_301
PATH=C:\Program Files\Java\jdk1.8.0_301\bin;C:\Program Files\Common Files\Oracle\Java\javapath;C:\Program Files (x86)\Common Files\Oracle\Java\javapath;C:\Program Files (x86)\VMware\VMware Player\bin\;C:\Windows\system32;C:\Windows;C:\Windows\System32\Wbem;C:\Windows\System32\WindowsPowerShell\v1.0\;C:\Windows\System32\OpenSSH\;C:\Program Files (x86)\NVIDIA Corporation\PhysX\Common;C:\Program Files\NVIDIA Corporation\NVIDIA NvDLISR;C:\WINDOWS\system32;C:\WINDOWS;C:\WINDOWS\System32\Wbem;C:\WINDOWS\System32\WindowsPowerShell\v1.0\;C:\WINDOWS\System32\OpenSSH\;C:\Users\altsm\AppData\Local\Microsoft\WindowsApps;C:\Program Files\Java\jdk-16.0.2;
USERNAME=altsm
OS=Windows_NT
PROCESSOR_IDENTIFIER=AMD64 Family 25 Model 80 Stepping 0, AuthenticAMD



---------------  S Y S T E M  ---------------

OS:
 Windows 10 , 64 bit Build 22000 (10.0.22000.318)
OS uptime: 0 days 2:11 hours

CPU: total 16 (initial active 16) (16 cores per cpu, 2 threads per core) family 25 model 80 stepping 0 microcode 0x0, cx8, cmov, fxsr, ht, mmx, 3dnowpref, sse, sse2, sse3, ssse3, sse4a, sse4.1, sse4.2, popcnt, lzcnt, tsc, tscinvbit, avx, avx2, aes, erms, clmul, bmi1, bmi2, adx, sha, fma, vzeroupper, clflush, clflushopt

Memory: 4k page, system-wide physical 15776M (7961M free)
TotalPageFile size 18208M (AvailPageFile size 5844M)
current process WorkingSet (physical memory assigned to process): 35M, peak: 35M
current process commit charge ("private bytes"): 346M, peak: 346M

vm_info: Java HotSpot(TM) 64-Bit Server VM (16.0.2+7-67) for windows-amd64 JRE (16.0.2+7-67), built on Jun  8 2021 23:24:19 by "mach5one" with MS VC++ 16.7 (VS2019)

END.
