#
# A fatal error has been detected by the Java Runtime Environment:
#
#  EXCEPTION_ACCESS_VIOLATION (0xc0000005) at pc=0x00007ffb7a02a464, pid=27164, tid=22952
#
# JRE version: Java(TM) SE Runtime Environment (16.0.2+7) (build 16.0.2+7-67)
# Java VM: Java HotSpot(TM) 64-Bit Server VM (16.0.2+7-67, mixed mode, sharing, tiered, compressed oops, compressed class ptrs, g1 gc, windows-amd64)
# Problematic frame:
# C  [SplitterConveyor.dll+0x4a464]
#
# No core dump will be written. Minidumps are not enabled by default on client versions of Windows
#
# If you would like to submit a bug report, please visit:
#   https://bugreport.java.com/bugreport/crash.jsp
# The crash happened outside the Java Virtual Machine in native code.
# See problematic frame for where to report the bug.
#

---------------  S U M M A R Y ------------

Command Line: -Dfile.encoding=UTF-8 --module-path=C:\str\labwork2\build\classes Labwork2

Host: AMD Ryzen 9 5900HS with Radeon Graphics        , 16 cores, 15G,  Windows 10 , 64 bit Build 22000 (10.0.22000.318)
Time: Wed Dec  8 19:32:40 2021 GMT Standard Time elapsed time: 19.253938 seconds (0d 0h 0m 19s)

---------------  T H R E A D  ---------------

Current thread (0x0000020cffd0bd40):  JavaThread "Thread-4" [_thread_in_native, id=22952, stack(0x000000ee58a00000,0x000000ee58b00000)]

Stack: [0x000000ee58a00000,0x000000ee58b00000],  sp=0x000000ee58afef90,  free space=1019k
Native frames: (J=compiled Java code, j=interpreted, Vv=VM code, C=native code)
C  [SplitterConveyor.dll+0x4a464]

Java frames: (J=compiled Java code, j=interpreted, Vv=VM code)
j  SplitterConveyor.flashLED_on()V+0
j  ThreadDock1.run()V+38
v  ~StubRoutines::call_stub

siginfo: EXCEPTION_ACCESS_VIOLATION (0xc0000005), reading address 0x0000000000000004


Register to memory mapping:

RIP=0x00007ffb7a02a464 SplitterConveyor.dll
RAX=0x0000000000000080 is an unknown value
RBX={method} {0x0000020cff803168} 'flashLED_on' '()V' in 'SplitterConveyor'
RCX=0x0000000000000004 is an unknown value
RDX=0x0000000000000007 is an unknown value
RSP=0x000000ee58afef90 is pointing into the stack for thread: 0x0000020cffd0bd40
RBP=0x000000ee58afefb0 is pointing into the stack for thread: 0x0000020cffd0bd40
RSI=0x0000020cffcf15c8 points into unknown readable memory: 0x88003400df630ff0 | f0 0f 63 df 00 34 00 88
RDI=0x0000020cffe29d70 points into unknown readable memory: 0x0000000800000050 | 50 00 00 00 08 00 00 00
R8 =0x0000000000000001 is an unknown value
R9 =0x0 is NULL
R10=0x0 is NULL
R11=0x0000000000000246 is an unknown value
R12=0x0 is NULL
R13={method} {0x0000020cff803168} 'flashLED_on' '()V' in 'SplitterConveyor'
R14=0x000000ee58aff388 is pointing into the stack for thread: 0x0000020cffd0bd40
R15=0x0000020cffd0bd40 is a thread


Registers:
RAX=0x0000000000000080, RBX=0x0000020cff803160, RCX=0x0000000000000004, RDX=0x0000000000000007
RSP=0x000000ee58afef90, RBP=0x000000ee58afefb0, RSI=0x0000020cffcf15c8, RDI=0x0000020cffe29d70
R8 =0x0000000000000001, R9 =0x0000000000000000, R10=0x0000000000000000, R11=0x0000000000000246
R12=0x0000000000000000, R13=0x0000020cff803160, R14=0x000000ee58aff388, R15=0x0000020cffd0bd40
RIP=0x00007ffb7a02a464, EFLAGS=0x0000000000010202

Top of Stack: (sp=0x000000ee58afef90)
0x000000ee58afef90:   00007ffb7a04d05e 0000020cffe29d70
0x000000ee58afefa0:   000000ee58afefd0 00007ffb79ffca8d
0x000000ee58afefb0:   00007f8000000002 0000000800017d08
0x000000ee58afefc0:   0000000718800908 00007ffb2a74027e
0x000000ee58afefd0:   0000007f58aff388 0000000000000000
0x000000ee58afefe0:   0000020cffe29d70 00007ffb2a735a9d
0x000000ee58afeff0:   0000020ceed78340 0000020ceed78340
0x000000ee58aff000:   0000020ceed78340 0000020cffcf15c8
0x000000ee58aff010:   0000000800017d08 00007ffb2a7433c0
0x000000ee58aff020:   0000000000000022 0000020cff010140
0x000000ee58aff030:   00000008004161f8 000000ee0000000e
0x000000ee58aff040:   000000000000001d 0000000800000002
0x000000ee58aff050:   0000020cffd0bd00 0000020cff803160
0x000000ee58aff060:   00006150049c1f1d 0000000718c5c130
0x000000ee58aff070:   0000020cff253ca8 00007ffb2a9fe58a
0x000000ee58aff080:   0000020cff2499b0 0000020cffd0bd01 

Instructions: (pc=0x00007ffb7a02a464)
0x00007ffb7a02a364:   02 00 e8 9a 16 fd ff b9 01 00 00 00 e8 8f 0d fd
0x00007ffb7a02a374:   ff 88 45 04 b2 07 0f b6 4d 04 e8 52 0f fd ff 85
0x00007ffb7a02a384:   c0 74 06 b0 01 eb 04 eb 02 32 c0 48 8d a5 e8 00
0x00007ffb7a02a394:   00 00 5f 5d c3 cc cc cc cc cc cc cc cc cc cc cc
0x00007ffb7a02a3a4:   cc cc cc cc cc cc cc cc cc cc cc cc 89 4c 24 08
0x00007ffb7a02a3b4:   55 57 48 81 ec e8 00 00 00 48 8d 6c 24 20 48 8d
0x00007ffb7a02a3c4:   0d 95 2c 02 00 e8 37 16 fd ff 8b 8d e0 00 00 00
0x00007ffb7a02a3d4:   e8 2b 0d fd ff 0f b6 c0 48 8d a5 c8 00 00 00 5f
0x00007ffb7a02a3e4:   5d c3 cc cc cc cc cc cc cc cc cc cc cc cc cc cc
0x00007ffb7a02a3f4:   cc cc cc cc cc cc cc cc cc cc cc cc 44 89 44 24
0x00007ffb7a02a404:   18 89 54 24 10 48 89 4c 24 08 55 57 48 81 ec 28
0x00007ffb7a02a414:   01 00 00 48 8d 6c 24 20 48 8d 0d 3b 2c 02 00 e8
0x00007ffb7a02a424:   dd 15 fd ff 8b 85 28 01 00 00 b9 01 00 00 00 89
0x00007ffb7a02a434:   8d f4 00 00 00 0f b6 c8 8b 85 f4 00 00 00 d3 e0
0x00007ffb7a02a444:   88 45 04 0f b6 45 04 f7 d0 88 45 24 83 bd 30 01
0x00007ffb7a02a454:   00 00 00 74 1d 0f b6 45 04 48 8b 8d 20 01 00 00
0x00007ffb7a02a464:   0f b6 09 0b c8 8b c1 48 8b 8d 20 01 00 00 88 01
0x00007ffb7a02a474:   eb 1b 0f b6 45 24 48 8b 8d 20 01 00 00 0f b6 09
0x00007ffb7a02a484:   23 c8 8b c1 48 8b 8d 20 01 00 00 88 01 48 8d a5
0x00007ffb7a02a494:   08 01 00 00 5f 5d c3 cc cc cc cc cc cc cc cc cc
0x00007ffb7a02a4a4:   cc cc cc cc cc cc cc cc cc cc cc cc cc cc cc cc
0x00007ffb7a02a4b4:   cc cc cc cc cc cc cc cc cc cc cc cc cc cc cc cc
0x00007ffb7a02a4c4:   cc cc cc cc cc cc cc cc cc cc cc cc 89 54 24 10
0x00007ffb7a02a4d4:   89 4c 24 08 55 57 48 81 ec e8 00 00 00 48 8d 6c
0x00007ffb7a02a4e4:   24 20 48 8d 0d 71 2b 02 00 e8 13 15 fd ff 0f b6
0x00007ffb7a02a4f4:   95 e0 00 00 00 8b 8d e8 00 00 00 e8 d6 12 fd ff
0x00007ffb7a02a504:   48 8d a5 c8 00 00 00 5f 5d c3 cc cc cc cc cc cc
0x00007ffb7a02a514:   cc cc cc cc cc cc cc cc cc ff 25 2d 0c 02 00 ff
0x00007ffb7a02a524:   25 17 0c 02 00 ff 25 09 0c 02 00 ff 25 fb 0b 02
0x00007ffb7a02a534:   00 ff 25 95 0b 02 00 ff 25 37 0b 02 00 ff 25 39
0x00007ffb7a02a544:   0b 02 00 ff 25 3b 0b 02 00 ff 25 3d 0b 02 00 ff
0x00007ffb7a02a554:   25 3f 0b 02 00 ff 25 41 0b 02 00 ff 25 43 0b 02 


Stack slot to memory mapping:
stack at sp + 0 slots: 0x00007ffb7a04d05e SplitterConveyor.dll
stack at sp + 1 slots: 0x0000020cffe29d70 points into unknown readable memory: 0x0000000800000050 | 50 00 00 00 08 00 00 00
stack at sp + 2 slots: 0x000000ee58afefd0 is pointing into the stack for thread: 0x0000020cffd0bd40
stack at sp + 3 slots: 0x00007ffb79ffca8d SplitterConveyor.dll
stack at sp + 4 slots: 0x00007f8000000002 is an unknown value
stack at sp + 5 slots: 0x0000000800017d08 is a pointer to class: 
java.lang.ClassLoader {0x0000000800017d10}
stack at sp + 6 slots: 0x0000000718800908 is an oop: java.lang.String 
{0x0000000718800908} - klass: 'java/lang/String'
stack at sp + 7 slots: 0x00007ffb2a74027e jvm.dll


---------------  P R O C E S S  ---------------

Threads class SMR info:
_java_thread_list=0x0000020cffd06c60, length=18, elements={
0x0000020cff2217a0, 0x0000020cff222460, 0x0000020cff22fe80, 0x0000020cff230880,
0x0000020cff232290, 0x0000020cff232c90, 0x0000020cff23f810, 0x0000020cff248310,
0x0000020cff253170, 0x0000020cffced4e0, 0x0000020cffd9c150, 0x0000020cffd0ade0,
0x0000020cffdbd660, 0x0000020cffd0b300, 0x0000020cffd0b820, 0x0000020cffd0bd40,
0x0000020cffc67ae0, 0x0000020ceed7aa60
}

Java Threads: ( => current thread )
  0x0000020cff2217a0 JavaThread "Reference Handler" daemon [_thread_blocked, id=8316, stack(0x000000ee57900000,0x000000ee57a00000)]
  0x0000020cff222460 JavaThread "Finalizer" daemon [_thread_blocked, id=260, stack(0x000000ee57a00000,0x000000ee57b00000)]
  0x0000020cff22fe80 JavaThread "Signal Dispatcher" daemon [_thread_blocked, id=22700, stack(0x000000ee57b00000,0x000000ee57c00000)]
  0x0000020cff230880 JavaThread "Attach Listener" daemon [_thread_blocked, id=8920, stack(0x000000ee57c00000,0x000000ee57d00000)]
  0x0000020cff232290 JavaThread "Service Thread" daemon [_thread_blocked, id=2344, stack(0x000000ee57d00000,0x000000ee57e00000)]
  0x0000020cff232c90 JavaThread "Monitor Deflation Thread" daemon [_thread_blocked, id=17956, stack(0x000000ee57e00000,0x000000ee57f00000)]
  0x0000020cff23f810 JavaThread "C2 CompilerThread0" daemon [_thread_blocked, id=18480, stack(0x000000ee57f00000,0x000000ee58000000)]
  0x0000020cff248310 JavaThread "C1 CompilerThread0" daemon [_thread_blocked, id=15036, stack(0x000000ee58000000,0x000000ee58100000)]
  0x0000020cff253170 JavaThread "Sweeper thread" daemon [_thread_blocked, id=9548, stack(0x000000ee58100000,0x000000ee58200000)]
  0x0000020cffced4e0 JavaThread "Common-Cleaner" daemon [_thread_blocked, id=14648, stack(0x000000ee58200000,0x000000ee58300000)]
  0x0000020cffd9c150 JavaThread "Notification Thread" daemon [_thread_blocked, id=11560, stack(0x000000ee58500000,0x000000ee58600000)]
  0x0000020cffd0ade0 JavaThread "Thread-0" [_thread_in_native, id=7272, stack(0x000000ee58300000,0x000000ee58400000)]
  0x0000020cffdbd660 JavaThread "Thread-1" [_thread_blocked, id=14816, stack(0x000000ee58400000,0x000000ee58500000)]
  0x0000020cffd0b300 JavaThread "Thread-2" [_thread_blocked, id=25724, stack(0x000000ee58800000,0x000000ee58900000)]
  0x0000020cffd0b820 JavaThread "Thread-3" [_thread_blocked, id=15136, stack(0x000000ee58900000,0x000000ee58a00000)]
=>0x0000020cffd0bd40 JavaThread "Thread-4" [_thread_in_native, id=22952, stack(0x000000ee58a00000,0x000000ee58b00000)]
  0x0000020cffc67ae0 JavaThread "Thread-5" [_thread_blocked, id=23156, stack(0x000000ee58b00000,0x000000ee58c00000)]
  0x0000020ceed7aa60 JavaThread "DestroyJavaVM" [_thread_blocked, id=9200, stack(0x000000ee57200000,0x000000ee57300000)]

Other Threads:
  0x0000020cff21b840 VMThread "VM Thread" [stack: 0x000000ee57800000,0x000000ee57900000] [id=17880]
  0x0000020ceed7b920 WatcherThread [stack: 0x000000ee58600000,0x000000ee58700000] [id=25876]
  0x0000020ceedcc2f0 GCTaskThread "GC Thread#0" [stack: 0x000000ee57300000,0x000000ee57400000] [id=5912]
  0x0000020ceeddd9d0 ConcurrentGCThread "G1 Main Marker" [stack: 0x000000ee57400000,0x000000ee57500000] [id=21456]
  0x0000020ceeddebe0 ConcurrentGCThread "G1 Conc#0" [stack: 0x000000ee57500000,0x000000ee57600000] [id=27012]
  0x0000020cff0e24d0 ConcurrentGCThread "G1 Refine#0" [stack: 0x000000ee57600000,0x000000ee57700000] [id=19980]
  0x0000020cff0e2e50 ConcurrentGCThread "G1 Service" [stack: 0x000000ee57700000,0x000000ee57800000] [id=10812]

Threads with active compile tasks:

VM state: not at safepoint (normal execution)

VM Mutex/Monitor currently owned by a thread: None

Heap address: 0x0000000709600000, size: 3946 MB, Compressed Oops mode: Zero based, Oop shift amount: 3

CDS archive(s) mapped at: [0x0000000800000000-0x0000000800bb0000-0x0000000800bb0000), size 12255232, SharedBaseAddress: 0x0000000800000000, ArchiveRelocationMode: 0.
Compressed class space mapped at: 0x0000000800c00000-0x0000000840c00000, reserved size: 1073741824
Narrow klass base: 0x0000000800000000, Narrow klass shift: 3, Narrow klass range: 0x100000000

GC Precious Log:
 CPUs: 16 total, 16 available
 Memory: 15776M
 Large Page Support: Disabled
 NUMA Support: Disabled
 Compressed Oops: Enabled (Zero based)
 Heap Region Size: 2M
 Heap Min Capacity: 8M
 Heap Initial Capacity: 248M
 Heap Max Capacity: 3946M
 Pre-touch: Disabled
 Parallel Workers: 13
 Concurrent Workers: 3
 Concurrent Refinement Workers: 13
 Periodic GC: Disabled

Heap:
 garbage-first heap   total 253952K, used 4096K [0x0000000709600000, 0x0000000800000000)
  region size 2048K, 3 young (6144K), 0 survivors (0K)
 Metaspace       used 757K, committed 832K, reserved 1056768K
  class space    used 61K, committed 128K, reserved 1048576K

Heap Regions: E=young(eden), S=young(survivor), O=old, HS=humongous(starts), HC=humongous(continues), CS=collection set, F=free, OA=open archive, CA=closed archive, TAMS=top-at-mark-start (previous, next)
|   0|0x0000000709600000, 0x0000000709600000, 0x0000000709800000|  0%| F|  |TAMS 0x0000000709600000, 0x0000000709600000| Untracked 
|   1|0x0000000709800000, 0x0000000709800000, 0x0000000709a00000|  0%| F|  |TAMS 0x0000000709800000, 0x0000000709800000| Untracked 
|   2|0x0000000709a00000, 0x0000000709a00000, 0x0000000709c00000|  0%| F|  |TAMS 0x0000000709a00000, 0x0000000709a00000| Untracked 
|   3|0x0000000709c00000, 0x0000000709c00000, 0x0000000709e00000|  0%| F|  |TAMS 0x0000000709c00000, 0x0000000709c00000| Untracked 
|   4|0x0000000709e00000, 0x0000000709e00000, 0x000000070a000000|  0%| F|  |TAMS 0x0000000709e00000, 0x0000000709e00000| Untracked 
|   5|0x000000070a000000, 0x000000070a000000, 0x000000070a200000|  0%| F|  |TAMS 0x000000070a000000, 0x000000070a000000| Untracked 
|   6|0x000000070a200000, 0x000000070a200000, 0x000000070a400000|  0%| F|  |TAMS 0x000000070a200000, 0x000000070a200000| Untracked 
|   7|0x000000070a400000, 0x000000070a400000, 0x000000070a600000|  0%| F|  |TAMS 0x000000070a400000, 0x000000070a400000| Untracked 
|   8|0x000000070a600000, 0x000000070a600000, 0x000000070a800000|  0%| F|  |TAMS 0x000000070a600000, 0x000000070a600000| Untracked 
|   9|0x000000070a800000, 0x000000070a800000, 0x000000070aa00000|  0%| F|  |TAMS 0x000000070a800000, 0x000000070a800000| Untracked 
|  10|0x000000070aa00000, 0x000000070aa00000, 0x000000070ac00000|  0%| F|  |TAMS 0x000000070aa00000, 0x000000070aa00000| Untracked 
|  11|0x000000070ac00000, 0x000000070ac00000, 0x000000070ae00000|  0%| F|  |TAMS 0x000000070ac00000, 0x000000070ac00000| Untracked 
|  12|0x000000070ae00000, 0x000000070ae00000, 0x000000070b000000|  0%| F|  |TAMS 0x000000070ae00000, 0x000000070ae00000| Untracked 
|  13|0x000000070b000000, 0x000000070b000000, 0x000000070b200000|  0%| F|  |TAMS 0x000000070b000000, 0x000000070b000000| Untracked 
|  14|0x000000070b200000, 0x000000070b200000, 0x000000070b400000|  0%| F|  |TAMS 0x000000070b200000, 0x000000070b200000| Untracked 
|  15|0x000000070b400000, 0x000000070b400000, 0x000000070b600000|  0%| F|  |TAMS 0x000000070b400000, 0x000000070b400000| Untracked 
|  16|0x000000070b600000, 0x000000070b600000, 0x000000070b800000|  0%| F|  |TAMS 0x000000070b600000, 0x000000070b600000| Untracked 
|  17|0x000000070b800000, 0x000000070b800000, 0x000000070ba00000|  0%| F|  |TAMS 0x000000070b800000, 0x000000070b800000| Untracked 
|  18|0x000000070ba00000, 0x000000070ba00000, 0x000000070bc00000|  0%| F|  |TAMS 0x000000070ba00000, 0x000000070ba00000| Untracked 
|  19|0x000000070bc00000, 0x000000070bc00000, 0x000000070be00000|  0%| F|  |TAMS 0x000000070bc00000, 0x000000070bc00000| Untracked 
|  20|0x000000070be00000, 0x000000070be00000, 0x000000070c000000|  0%| F|  |TAMS 0x000000070be00000, 0x000000070be00000| Untracked 
|  21|0x000000070c000000, 0x000000070c000000, 0x000000070c200000|  0%| F|  |TAMS 0x000000070c000000, 0x000000070c000000| Untracked 
|  22|0x000000070c200000, 0x000000070c200000, 0x000000070c400000|  0%| F|  |TAMS 0x000000070c200000, 0x000000070c200000| Untracked 
|  23|0x000000070c400000, 0x000000070c400000, 0x000000070c600000|  0%| F|  |TAMS 0x000000070c400000, 0x000000070c400000| Untracked 
|  24|0x000000070c600000, 0x000000070c600000, 0x000000070c800000|  0%| F|  |TAMS 0x000000070c600000, 0x000000070c600000| Untracked 
|  25|0x000000070c800000, 0x000000070c800000, 0x000000070ca00000|  0%| F|  |TAMS 0x000000070c800000, 0x000000070c800000| Untracked 
|  26|0x000000070ca00000, 0x000000070ca00000, 0x000000070cc00000|  0%| F|  |TAMS 0x000000070ca00000, 0x000000070ca00000| Untracked 
|  27|0x000000070cc00000, 0x000000070cc00000, 0x000000070ce00000|  0%| F|  |TAMS 0x000000070cc00000, 0x000000070cc00000| Untracked 
|  28|0x000000070ce00000, 0x000000070ce00000, 0x000000070d000000|  0%| F|  |TAMS 0x000000070ce00000, 0x000000070ce00000| Untracked 
|  29|0x000000070d000000, 0x000000070d000000, 0x000000070d200000|  0%| F|  |TAMS 0x000000070d000000, 0x000000070d000000| Untracked 
|  30|0x000000070d200000, 0x000000070d200000, 0x000000070d400000|  0%| F|  |TAMS 0x000000070d200000, 0x000000070d200000| Untracked 
|  31|0x000000070d400000, 0x000000070d400000, 0x000000070d600000|  0%| F|  |TAMS 0x000000070d400000, 0x000000070d400000| Untracked 
|  32|0x000000070d600000, 0x000000070d600000, 0x000000070d800000|  0%| F|  |TAMS 0x000000070d600000, 0x000000070d600000| Untracked 
|  33|0x000000070d800000, 0x000000070d800000, 0x000000070da00000|  0%| F|  |TAMS 0x000000070d800000, 0x000000070d800000| Untracked 
|  34|0x000000070da00000, 0x000000070da00000, 0x000000070dc00000|  0%| F|  |TAMS 0x000000070da00000, 0x000000070da00000| Untracked 
|  35|0x000000070dc00000, 0x000000070dc00000, 0x000000070de00000|  0%| F|  |TAMS 0x000000070dc00000, 0x000000070dc00000| Untracked 
|  36|0x000000070de00000, 0x000000070de00000, 0x000000070e000000|  0%| F|  |TAMS 0x000000070de00000, 0x000000070de00000| Untracked 
|  37|0x000000070e000000, 0x000000070e000000, 0x000000070e200000|  0%| F|  |TAMS 0x000000070e000000, 0x000000070e000000| Untracked 
|  38|0x000000070e200000, 0x000000070e200000, 0x000000070e400000|  0%| F|  |TAMS 0x000000070e200000, 0x000000070e200000| Untracked 
|  39|0x000000070e400000, 0x000000070e400000, 0x000000070e600000|  0%| F|  |TAMS 0x000000070e400000, 0x000000070e400000| Untracked 
|  40|0x000000070e600000, 0x000000070e600000, 0x000000070e800000|  0%| F|  |TAMS 0x000000070e600000, 0x000000070e600000| Untracked 
|  41|0x000000070e800000, 0x000000070e800000, 0x000000070ea00000|  0%| F|  |TAMS 0x000000070e800000, 0x000000070e800000| Untracked 
|  42|0x000000070ea00000, 0x000000070ea00000, 0x000000070ec00000|  0%| F|  |TAMS 0x000000070ea00000, 0x000000070ea00000| Untracked 
|  43|0x000000070ec00000, 0x000000070ec00000, 0x000000070ee00000|  0%| F|  |TAMS 0x000000070ec00000, 0x000000070ec00000| Untracked 
|  44|0x000000070ee00000, 0x000000070ee00000, 0x000000070f000000|  0%| F|  |TAMS 0x000000070ee00000, 0x000000070ee00000| Untracked 
|  45|0x000000070f000000, 0x000000070f000000, 0x000000070f200000|  0%| F|  |TAMS 0x000000070f000000, 0x000000070f000000| Untracked 
|  46|0x000000070f200000, 0x000000070f200000, 0x000000070f400000|  0%| F|  |TAMS 0x000000070f200000, 0x000000070f200000| Untracked 
|  47|0x000000070f400000, 0x000000070f400000, 0x000000070f600000|  0%| F|  |TAMS 0x000000070f400000, 0x000000070f400000| Untracked 
|  48|0x000000070f600000, 0x000000070f600000, 0x000000070f800000|  0%| F|  |TAMS 0x000000070f600000, 0x000000070f600000| Untracked 
|  49|0x000000070f800000, 0x000000070f800000, 0x000000070fa00000|  0%| F|  |TAMS 0x000000070f800000, 0x000000070f800000| Untracked 
|  50|0x000000070fa00000, 0x000000070fa00000, 0x000000070fc00000|  0%| F|  |TAMS 0x000000070fa00000, 0x000000070fa00000| Untracked 
|  51|0x000000070fc00000, 0x000000070fc00000, 0x000000070fe00000|  0%| F|  |TAMS 0x000000070fc00000, 0x000000070fc00000| Untracked 
|  52|0x000000070fe00000, 0x000000070fe00000, 0x0000000710000000|  0%| F|  |TAMS 0x000000070fe00000, 0x000000070fe00000| Untracked 
|  53|0x0000000710000000, 0x0000000710000000, 0x0000000710200000|  0%| F|  |TAMS 0x0000000710000000, 0x0000000710000000| Untracked 
|  54|0x0000000710200000, 0x0000000710200000, 0x0000000710400000|  0%| F|  |TAMS 0x0000000710200000, 0x0000000710200000| Untracked 
|  55|0x0000000710400000, 0x0000000710400000, 0x0000000710600000|  0%| F|  |TAMS 0x0000000710400000, 0x0000000710400000| Untracked 
|  56|0x0000000710600000, 0x0000000710600000, 0x0000000710800000|  0%| F|  |TAMS 0x0000000710600000, 0x0000000710600000| Untracked 
|  57|0x0000000710800000, 0x0000000710800000, 0x0000000710a00000|  0%| F|  |TAMS 0x0000000710800000, 0x0000000710800000| Untracked 
|  58|0x0000000710a00000, 0x0000000710a00000, 0x0000000710c00000|  0%| F|  |TAMS 0x0000000710a00000, 0x0000000710a00000| Untracked 
|  59|0x0000000710c00000, 0x0000000710c00000, 0x0000000710e00000|  0%| F|  |TAMS 0x0000000710c00000, 0x0000000710c00000| Untracked 
|  60|0x0000000710e00000, 0x0000000710e00000, 0x0000000711000000|  0%| F|  |TAMS 0x0000000710e00000, 0x0000000710e00000| Untracked 
|  61|0x0000000711000000, 0x0000000711000000, 0x0000000711200000|  0%| F|  |TAMS 0x0000000711000000, 0x0000000711000000| Untracked 
|  62|0x0000000711200000, 0x0000000711200000, 0x0000000711400000|  0%| F|  |TAMS 0x0000000711200000, 0x0000000711200000| Untracked 
|  63|0x0000000711400000, 0x0000000711400000, 0x0000000711600000|  0%| F|  |TAMS 0x0000000711400000, 0x0000000711400000| Untracked 
|  64|0x0000000711600000, 0x0000000711600000, 0x0000000711800000|  0%| F|  |TAMS 0x0000000711600000, 0x0000000711600000| Untracked 
|  65|0x0000000711800000, 0x0000000711800000, 0x0000000711a00000|  0%| F|  |TAMS 0x0000000711800000, 0x0000000711800000| Untracked 
|  66|0x0000000711a00000, 0x0000000711a00000, 0x0000000711c00000|  0%| F|  |TAMS 0x0000000711a00000, 0x0000000711a00000| Untracked 
|  67|0x0000000711c00000, 0x0000000711c00000, 0x0000000711e00000|  0%| F|  |TAMS 0x0000000711c00000, 0x0000000711c00000| Untracked 
|  68|0x0000000711e00000, 0x0000000711e00000, 0x0000000712000000|  0%| F|  |TAMS 0x0000000711e00000, 0x0000000711e00000| Untracked 
|  69|0x0000000712000000, 0x0000000712000000, 0x0000000712200000|  0%| F|  |TAMS 0x0000000712000000, 0x0000000712000000| Untracked 
|  70|0x0000000712200000, 0x0000000712200000, 0x0000000712400000|  0%| F|  |TAMS 0x0000000712200000, 0x0000000712200000| Untracked 
|  71|0x0000000712400000, 0x0000000712400000, 0x0000000712600000|  0%| F|  |TAMS 0x0000000712400000, 0x0000000712400000| Untracked 
|  72|0x0000000712600000, 0x0000000712600000, 0x0000000712800000|  0%| F|  |TAMS 0x0000000712600000, 0x0000000712600000| Untracked 
|  73|0x0000000712800000, 0x0000000712800000, 0x0000000712a00000|  0%| F|  |TAMS 0x0000000712800000, 0x0000000712800000| Untracked 
|  74|0x0000000712a00000, 0x0000000712a00000, 0x0000000712c00000|  0%| F|  |TAMS 0x0000000712a00000, 0x0000000712a00000| Untracked 
|  75|0x0000000712c00000, 0x0000000712c00000, 0x0000000712e00000|  0%| F|  |TAMS 0x0000000712c00000, 0x0000000712c00000| Untracked 
|  76|0x0000000712e00000, 0x0000000712e00000, 0x0000000713000000|  0%| F|  |TAMS 0x0000000712e00000, 0x0000000712e00000| Untracked 
|  77|0x0000000713000000, 0x0000000713000000, 0x0000000713200000|  0%| F|  |TAMS 0x0000000713000000, 0x0000000713000000| Untracked 
|  78|0x0000000713200000, 0x0000000713200000, 0x0000000713400000|  0%| F|  |TAMS 0x0000000713200000, 0x0000000713200000| Untracked 
|  79|0x0000000713400000, 0x0000000713400000, 0x0000000713600000|  0%| F|  |TAMS 0x0000000713400000, 0x0000000713400000| Untracked 
|  80|0x0000000713600000, 0x0000000713600000, 0x0000000713800000|  0%| F|  |TAMS 0x0000000713600000, 0x0000000713600000| Untracked 
|  81|0x0000000713800000, 0x0000000713800000, 0x0000000713a00000|  0%| F|  |TAMS 0x0000000713800000, 0x0000000713800000| Untracked 
|  82|0x0000000713a00000, 0x0000000713a00000, 0x0000000713c00000|  0%| F|  |TAMS 0x0000000713a00000, 0x0000000713a00000| Untracked 
|  83|0x0000000713c00000, 0x0000000713c00000, 0x0000000713e00000|  0%| F|  |TAMS 0x0000000713c00000, 0x0000000713c00000| Untracked 
|  84|0x0000000713e00000, 0x0000000713e00000, 0x0000000714000000|  0%| F|  |TAMS 0x0000000713e00000, 0x0000000713e00000| Untracked 
|  85|0x0000000714000000, 0x0000000714000000, 0x0000000714200000|  0%| F|  |TAMS 0x0000000714000000, 0x0000000714000000| Untracked 
|  86|0x0000000714200000, 0x0000000714200000, 0x0000000714400000|  0%| F|  |TAMS 0x0000000714200000, 0x0000000714200000| Untracked 
|  87|0x0000000714400000, 0x0000000714400000, 0x0000000714600000|  0%| F|  |TAMS 0x0000000714400000, 0x0000000714400000| Untracked 
|  88|0x0000000714600000, 0x0000000714600000, 0x0000000714800000|  0%| F|  |TAMS 0x0000000714600000, 0x0000000714600000| Untracked 
|  89|0x0000000714800000, 0x0000000714800000, 0x0000000714a00000|  0%| F|  |TAMS 0x0000000714800000, 0x0000000714800000| Untracked 
|  90|0x0000000714a00000, 0x0000000714a00000, 0x0000000714c00000|  0%| F|  |TAMS 0x0000000714a00000, 0x0000000714a00000| Untracked 
|  91|0x0000000714c00000, 0x0000000714c00000, 0x0000000714e00000|  0%| F|  |TAMS 0x0000000714c00000, 0x0000000714c00000| Untracked 
|  92|0x0000000714e00000, 0x0000000714e00000, 0x0000000715000000|  0%| F|  |TAMS 0x0000000714e00000, 0x0000000714e00000| Untracked 
|  93|0x0000000715000000, 0x0000000715000000, 0x0000000715200000|  0%| F|  |TAMS 0x0000000715000000, 0x0000000715000000| Untracked 
|  94|0x0000000715200000, 0x0000000715200000, 0x0000000715400000|  0%| F|  |TAMS 0x0000000715200000, 0x0000000715200000| Untracked 
|  95|0x0000000715400000, 0x0000000715400000, 0x0000000715600000|  0%| F|  |TAMS 0x0000000715400000, 0x0000000715400000| Untracked 
|  96|0x0000000715600000, 0x0000000715600000, 0x0000000715800000|  0%| F|  |TAMS 0x0000000715600000, 0x0000000715600000| Untracked 
|  97|0x0000000715800000, 0x0000000715800000, 0x0000000715a00000|  0%| F|  |TAMS 0x0000000715800000, 0x0000000715800000| Untracked 
|  98|0x0000000715a00000, 0x0000000715a00000, 0x0000000715c00000|  0%| F|  |TAMS 0x0000000715a00000, 0x0000000715a00000| Untracked 
|  99|0x0000000715c00000, 0x0000000715c00000, 0x0000000715e00000|  0%| F|  |TAMS 0x0000000715c00000, 0x0000000715c00000| Untracked 
| 100|0x0000000715e00000, 0x0000000715e00000, 0x0000000716000000|  0%| F|  |TAMS 0x0000000715e00000, 0x0000000715e00000| Untracked 
| 101|0x0000000716000000, 0x0000000716000000, 0x0000000716200000|  0%| F|  |TAMS 0x0000000716000000, 0x0000000716000000| Untracked 
| 102|0x0000000716200000, 0x0000000716200000, 0x0000000716400000|  0%| F|  |TAMS 0x0000000716200000, 0x0000000716200000| Untracked 
| 103|0x0000000716400000, 0x0000000716400000, 0x0000000716600000|  0%| F|  |TAMS 0x0000000716400000, 0x0000000716400000| Untracked 
| 104|0x0000000716600000, 0x0000000716600000, 0x0000000716800000|  0%| F|  |TAMS 0x0000000716600000, 0x0000000716600000| Untracked 
| 105|0x0000000716800000, 0x0000000716800000, 0x0000000716a00000|  0%| F|  |TAMS 0x0000000716800000, 0x0000000716800000| Untracked 
| 106|0x0000000716a00000, 0x0000000716a00000, 0x0000000716c00000|  0%| F|  |TAMS 0x0000000716a00000, 0x0000000716a00000| Untracked 
| 107|0x0000000716c00000, 0x0000000716c00000, 0x0000000716e00000|  0%| F|  |TAMS 0x0000000716c00000, 0x0000000716c00000| Untracked 
| 108|0x0000000716e00000, 0x0000000716e00000, 0x0000000717000000|  0%| F|  |TAMS 0x0000000716e00000, 0x0000000716e00000| Untracked 
| 109|0x0000000717000000, 0x0000000717000000, 0x0000000717200000|  0%| F|  |TAMS 0x0000000717000000, 0x0000000717000000| Untracked 
| 110|0x0000000717200000, 0x0000000717200000, 0x0000000717400000|  0%| F|  |TAMS 0x0000000717200000, 0x0000000717200000| Untracked 
| 111|0x0000000717400000, 0x0000000717400000, 0x0000000717600000|  0%| F|  |TAMS 0x0000000717400000, 0x0000000717400000| Untracked 
| 112|0x0000000717600000, 0x0000000717600000, 0x0000000717800000|  0%| F|  |TAMS 0x0000000717600000, 0x0000000717600000| Untracked 
| 113|0x0000000717800000, 0x0000000717800000, 0x0000000717a00000|  0%| F|  |TAMS 0x0000000717800000, 0x0000000717800000| Untracked 
| 114|0x0000000717a00000, 0x0000000717a00000, 0x0000000717c00000|  0%| F|  |TAMS 0x0000000717a00000, 0x0000000717a00000| Untracked 
| 115|0x0000000717c00000, 0x0000000717c00000, 0x0000000717e00000|  0%| F|  |TAMS 0x0000000717c00000, 0x0000000717c00000| Untracked 
| 116|0x0000000717e00000, 0x0000000717e00000, 0x0000000718000000|  0%| F|  |TAMS 0x0000000717e00000, 0x0000000717e00000| Untracked 
| 117|0x0000000718000000, 0x0000000718000000, 0x0000000718200000|  0%| F|  |TAMS 0x0000000718000000, 0x0000000718000000| Untracked 
| 118|0x0000000718200000, 0x0000000718200000, 0x0000000718400000|  0%| F|  |TAMS 0x0000000718200000, 0x0000000718200000| Untracked 
| 119|0x0000000718400000, 0x0000000718400000, 0x0000000718600000|  0%| F|  |TAMS 0x0000000718400000, 0x0000000718400000| Untracked 
| 120|0x0000000718600000, 0x0000000718600000, 0x0000000718800000|  0%| F|  |TAMS 0x0000000718600000, 0x0000000718600000| Untracked 
| 121|0x0000000718800000, 0x0000000718952848, 0x0000000718a00000| 66%| E|  |TAMS 0x0000000718800000, 0x0000000718800000| Complete 
| 122|0x0000000718a00000, 0x0000000718c00000, 0x0000000718c00000|100%| E|CS|TAMS 0x0000000718a00000, 0x0000000718a00000| Complete 
| 123|0x0000000718c00000, 0x0000000718e00000, 0x0000000718e00000|100%| E|CS|TAMS 0x0000000718c00000, 0x0000000718c00000| Complete 

Card table byte_map: [0x0000020cf7560000,0x0000020cf7d20000] _byte_map_base: 0x0000020cf3d15000

Marking Bits (Prev, Next): (CMBitMap*) 0x0000020ceedcd970, (CMBitMap*) 0x0000020ceedcd9b0
 Prev Bits: [0x0000020cf84e0000, 0x0000020cfc288000)
 Next Bits: [0x0000020c8f000000, 0x0000020c92da8000)

Polling page: 0x0000020cecb40000

Metaspace:

Usage:
  Non-class:    695.62 KB used.
      Class:     61.56 KB used.
       Both:    757.19 KB used.

Virtual space:
  Non-class space:        8.00 MB reserved,     704.00 KB (  9%) committed,  1 nodes.
      Class space:        1.00 GB reserved,     128.00 KB ( <1%) committed,  1 nodes.
              Both:        1.01 GB reserved,     832.00 KB ( <1%) committed. 

Chunk freelists:
   Non-Class:  3.94 MB
       Class:  3.73 MB
        Both:  7.67 MB

MaxMetaspaceSize: 17179869184.00 GB
CompressedClassSpaceSize: 1.00 GB
 - commit_granule_bytes: 65536.
 - commit_granule_words: 8192.
 - virtual_space_node_default_size: 1048576.
 - enlarge_chunks_in_place: 1.
 - new_chunks_are_fully_committed: 0.
 - uncommit_free_chunks: 1.
 - use_allocation_guard: 0.
 - handle_deallocations: 1.


Internal statistics:

num_allocs_failed_limit: 0.
num_arena_births: 8.
num_arena_deaths: 0.
num_vsnodes_births: 2.
num_vsnodes_deaths: 0.
num_space_committed: 13.
num_space_uncommitted: 0.
num_chunks_returned_to_freelist: 0.
num_chunks_taken_from_freelist: 17.
num_chunk_merges: 0.
num_chunk_splits: 9.
num_chunks_enlarged: 6.
num_purges: 0.

CodeHeap 'non-profiled nmethods': size=119168Kb used=90Kb max_used=90Kb free=119077Kb
 bounds [0x0000020c87ba0000, 0x0000020c87e10000, 0x0000020c8f000000]
CodeHeap 'profiled nmethods': size=119104Kb used=319Kb max_used=319Kb free=118784Kb
 bounds [0x0000020c80750000, 0x0000020c809c0000, 0x0000020c87ba0000]
CodeHeap 'non-nmethods': size=7488Kb used=1119Kb max_used=1683Kb free=6369Kb
 bounds [0x0000020c80000000, 0x0000020c80270000, 0x0000020c80750000]
 total_blobs=669 nmethods=277 adapters=305
 compilation: enabled
              stopped_count=0, restarted_count=0
 full_count=0

Compilation events (20 events):
Event: 12.555 Thread 0x0000020cff248310  265       3       java.lang.String::startsWith (138 bytes)
Event: 12.555 Thread 0x0000020cff248310 nmethod 265 0x0000020c8079af10 code [0x0000020c8079b140, 0x0000020c8079b9d8]
Event: 12.555 Thread 0x0000020cff248310  266       1       java.nio.Buffer::limit (5 bytes)
Event: 12.555 Thread 0x0000020cff248310 nmethod 266 0x0000020c87bb4d10 code [0x0000020c87bb4ea0, 0x0000020c87bb4f78]
Event: 12.555 Thread 0x0000020cff248310  267       1       java.nio.Buffer::position (5 bytes)
Event: 12.555 Thread 0x0000020cff248310 nmethod 267 0x0000020c87bb5010 code [0x0000020c87bb51a0, 0x0000020c87bb5278]
Event: 13.179 Thread 0x0000020cff248310  269   !   3       Mechanism::Sleep (10 bytes)
Event: 13.179 Thread 0x0000020cff248310 nmethod 269 0x0000020c8079bc90 code [0x0000020c8079be40, 0x0000020c8079bfc8]
Event: 15.931 Thread 0x0000020cff248310  272 %     3       ThreadDock1::run @ 10 (153 bytes)
Event: 15.931 Thread 0x0000020cff248310 nmethod 272% 0x0000020c8079c090 code [0x0000020c8079c320, 0x0000020c8079cd38]
Event: 15.934 Thread 0x0000020cff248310  273       3       ThreadDock1::run (153 bytes)
Event: 15.935 Thread 0x0000020cff248310 nmethod 273 0x0000020c8079d190 code [0x0000020c8079d420, 0x0000020c8079dd78]
Event: 15.963 Thread 0x0000020cff248310  274 %     3       ThreadDock2::run @ 10 (127 bytes)
Event: 15.963 Thread 0x0000020cff248310 nmethod 274% 0x0000020c8079e190 code [0x0000020c8079e3e0, 0x0000020c8079eca8]
Event: 15.967 Thread 0x0000020cff248310  275       3       ThreadDock2::run (127 bytes)
Event: 15.968 Thread 0x0000020cff248310 nmethod 275 0x0000020c8079f090 code [0x0000020c8079f2e0, 0x0000020c8079fb08]
Event: 16.020 Thread 0x0000020cff23f810  276 %     4       ThreadDock1::run @ 10 (153 bytes)
Event: 16.021 Thread 0x0000020cff23f810 nmethod 276% 0x0000020c87bb6110 code [0x0000020c87bb62c0, 0x0000020c87bb6418]
Event: 16.120 Thread 0x0000020cff23f810  277 %     4       ThreadDock2::run @ 10 (127 bytes)
Event: 16.121 Thread 0x0000020cff23f810 nmethod 277% 0x0000020c87bb6590 code [0x0000020c87bb6740, 0x0000020c87bb6898]

GC Heap History (0 events):
No events

Deoptimization events (8 events):
Event: 16.036 Thread 0x0000020cffd0bd40 DEOPT PACKING pc=0x0000020c8079cbcf sp=0x000000ee58aff370
Event: 16.036 Thread 0x0000020cffd0bd40 DEOPT UNPACKING pc=0x0000020c8004dece sp=0x000000ee58afe848 mode 0
Event: 16.161 Thread 0x0000020cffc67ae0 DEOPT PACKING pc=0x0000020c8079eb69 sp=0x000000ee58bfede0
Event: 16.161 Thread 0x0000020cffc67ae0 DEOPT UNPACKING pc=0x0000020c8004dece sp=0x000000ee58bfe2b8 mode 0
Event: 19.250 Thread 0x0000020cffd0bd40 Uncommon trap: trap_request=0xffffff45 fr.pc=0x0000020c87bb637c relative=0x00000000000000bc
Event: 19.250 Thread 0x0000020cffd0bd40 Uncommon trap: reason=unstable_if action=reinterpret pc=0x0000020c87bb637c method=ThreadDock1.run()V @ 18 c2
Event: 19.250 Thread 0x0000020cffd0bd40 DEOPT PACKING pc=0x0000020c87bb637c sp=0x000000ee58aff3a0
Event: 19.250 Thread 0x0000020cffd0bd40 DEOPT UNPACKING pc=0x0000020c8004d72e sp=0x000000ee58aff358 mode 2

Classes unloaded (0 events):
No events

Classes redefined (0 events):
No events

Internal exceptions (2 events):
Event: 0.042 Thread 0x0000020ceed7aa60 Exception <a 'sun/nio/fs/WindowsException'{0x0000000718d24f88}> (0x0000000718d24f88) 
thrown [t:\workspace\open\src\hotspot\share\prims\jni.cpp, line 579]
Event: 0.042 Thread 0x0000020ceed7aa60 Exception <a 'sun/nio/fs/WindowsException'{0x0000000718d253d8}> (0x0000000718d253d8) 
thrown [t:\workspace\open\src\hotspot\share\prims\jni.cpp, line 579]

Events (20 events):
Event: 5.761 loading class java/lang/IllegalAccessException
Event: 5.761 loading class java/lang/IllegalAccessException done
Event: 6.098 Executing  VM operation: Cleanup
Event: 6.098 Executing  VM operation: Cleanup done
Event: 12.260 loading class java/util/regex/Pattern$1
Event: 12.260 loading class java/util/regex/Pattern$1 done
Event: 12.555 Thread 0x0000020cffd0ade0 Thread added: 0x0000020cffd0ade0
Event: 15.757 Thread 0x0000020cffdbd660 Thread added: 0x0000020cffdbd660
Event: 15.757 Thread 0x0000020cffd0b300 Thread added: 0x0000020cffd0b300
Event: 15.757 Thread 0x0000020cffd0b820 Thread added: 0x0000020cffd0b820
Event: 15.757 Thread 0x0000020cffd0bd40 Thread added: 0x0000020cffd0bd40
Event: 15.757 Thread 0x0000020cffc67ae0 Thread added: 0x0000020cffc67ae0
Event: 15.757 loading class java/util/concurrent/locks/AbstractQueuedSynchronizer$SharedNode
Event: 15.757 loading class java/util/concurrent/locks/AbstractQueuedSynchronizer$Node
Event: 15.757 loading class java/util/concurrent/locks/AbstractQueuedSynchronizer$Node done
Event: 15.757 loading class java/util/concurrent/locks/AbstractQueuedSynchronizer$SharedNode done
Event: 15.757 Thread 0x0000020ceed7aa60 Thread exited: 0x0000020ceed7aa60
Event: 15.757 Thread 0x0000020ceed7aa60 Thread added: 0x0000020ceed7aa60
Event: 15.757 loading class java/util/concurrent/locks/AbstractQueuedSynchronizer$ExclusiveNode
Event: 15.757 loading class java/util/concurrent/locks/AbstractQueuedSynchronizer$ExclusiveNode done


Dynamic libraries:
0x00007ff716190000 - 0x00007ff7161a0000 	C:\Program Files\Java\jdk-16.0.2\bin\java.exe
0x00007ffbad380000 - 0x00007ffbad587000 	C:\WINDOWS\SYSTEM32\ntdll.dll
0x00007ffbac8a0000 - 0x00007ffbac95d000 	C:\WINDOWS\System32\KERNEL32.DLL
0x00007ffbaae60000 - 0x00007ffbab1d4000 	C:\WINDOWS\System32\KERNELBASE.dll
0x00007ffbaa860000 - 0x00007ffbaa971000 	C:\WINDOWS\System32\ucrtbase.dll
0x00007ffba7f60000 - 0x00007ffba7f79000 	C:\Program Files\Java\jdk-16.0.2\bin\VCRUNTIME140.dll
0x00007ffba8150000 - 0x00007ffba8168000 	C:\Program Files\Java\jdk-16.0.2\bin\jli.dll
0x00007ffbab690000 - 0x00007ffbab73c000 	C:\WINDOWS\System32\ADVAPI32.dll
0x00007ffbacb20000 - 0x00007ffbacbc3000 	C:\WINDOWS\System32\msvcrt.dll
0x00007ffbac7f0000 - 0x00007ffbac88d000 	C:\WINDOWS\System32\sechost.dll
0x00007ffbab210000 - 0x00007ffbab331000 	C:\WINDOWS\System32\RPCRT4.dll
0x00007ffbab4d0000 - 0x00007ffbab67c000 	C:\WINDOWS\System32\USER32.dll
0x00007ffb98470000 - 0x00007ffb98715000 	C:\WINDOWS\WinSxS\amd64_microsoft.windows.common-controls_6595b64144ccf1df_6.0.22000.120_none_9d947278b86cc467\COMCTL32.dll
0x00007ffbab1e0000 - 0x00007ffbab206000 	C:\WINDOWS\System32\win32u.dll
0x00007ffbacd40000 - 0x00007ffbacd69000 	C:\WINDOWS\System32\GDI32.dll
0x00007ffbaab90000 - 0x00007ffbaaca2000 	C:\WINDOWS\System32\gdi32full.dll
0x00007ffbaaaf0000 - 0x00007ffbaab8d000 	C:\WINDOWS\System32\msvcp_win.dll
0x00007ffba3220000 - 0x00007ffba322a000 	C:\WINDOWS\SYSTEM32\VERSION.dll
0x00007ffbace90000 - 0x00007ffbacec1000 	C:\WINDOWS\System32\IMM32.DLL
0x00007ffba80b0000 - 0x00007ffba80bc000 	C:\Program Files\Java\jdk-16.0.2\bin\vcruntime140_1.dll
0x00007ffb79e10000 - 0x00007ffb79ea1000 	C:\Program Files\Java\jdk-16.0.2\bin\msvcp140.dll
0x00007ffb2a3c0000 - 0x00007ffb2af6b000 	C:\Program Files\Java\jdk-16.0.2\bin\server\jvm.dll
0x00007ffbac890000 - 0x00007ffbac898000 	C:\WINDOWS\System32\PSAPI.DLL
0x00007ffba7f10000 - 0x00007ffba7f43000 	C:\WINDOWS\SYSTEM32\WINMM.dll
0x00007ffb953a0000 - 0x00007ffb953a9000 	C:\WINDOWS\SYSTEM32\WSOCK32.dll
0x00007ffbab450000 - 0x00007ffbab4bf000 	C:\WINDOWS\System32\WS2_32.dll
0x00007ffba9a70000 - 0x00007ffba9a88000 	C:\WINDOWS\SYSTEM32\kernel.appcore.dll
0x00007ffba7fa0000 - 0x00007ffba7faa000 	C:\Program Files\Java\jdk-16.0.2\bin\jimage.dll
0x00007ffba7ce0000 - 0x00007ffba7f01000 	C:\WINDOWS\SYSTEM32\DBGHELP.DLL
0x00007ffba7ca0000 - 0x00007ffba7cd1000 	C:\WINDOWS\SYSTEM32\dbgcore.DLL
0x00007ffbaad70000 - 0x00007ffbaadf0000 	C:\WINDOWS\System32\bcryptPrimitives.dll
0x00007ffba7c30000 - 0x00007ffba7c55000 	C:\Program Files\Java\jdk-16.0.2\bin\java.dll
0x00007ffbab740000 - 0x00007ffbabeee000 	C:\WINDOWS\System32\SHELL32.dll
0x00007ffba89d0000 - 0x00007ffba9237000 	C:\WINDOWS\SYSTEM32\windows.storage.dll
0x00007ffbabfe0000 - 0x00007ffbac358000 	C:\WINDOWS\System32\combase.dll
0x00007ffba8860000 - 0x00007ffba89c6000 	C:\WINDOWS\SYSTEM32\wintypes.dll
0x00007ffbabef0000 - 0x00007ffbabfda000 	C:\WINDOWS\System32\SHCORE.dll
0x00007ffbac360000 - 0x00007ffbac3bd000 	C:\WINDOWS\System32\shlwapi.dll
0x00007ffbaa790000 - 0x00007ffbaa7b1000 	C:\WINDOWS\SYSTEM32\profapi.dll
0x00007ffb9af40000 - 0x00007ffb9af59000 	C:\Program Files\Java\jdk-16.0.2\bin\net.dll
0x00007ffba6f10000 - 0x00007ffba701c000 	C:\WINDOWS\SYSTEM32\WINHTTP.dll
0x00007ffba9e80000 - 0x00007ffba9ee7000 	C:\WINDOWS\system32\mswsock.dll
0x00007ffb9ab00000 - 0x00007ffb9ab13000 	C:\Program Files\Java\jdk-16.0.2\bin\nio.dll
0x00007ffb79fe0000 - 0x00007ffb7a051000 	C:\str\SplitterConveyor\x64\Debug\SplitterConveyor.dll
0x00007ffba8120000 - 0x00007ffba814b000 	C:\WINDOWS\SYSTEM32\VCRUNTIME140D.dll
0x00007ffb639d0000 - 0x00007ffb63b97000 	C:\WINDOWS\SYSTEM32\ucrtbased.dll

dbghelp: loaded successfully - version: 4.0.5 - missing functions: none
symbol engine: initialized successfully - sym options: 0x614 - pdb path: .;C:\Program Files\Java\jdk-16.0.2\bin;C:\WINDOWS\SYSTEM32;C:\WINDOWS\WinSxS\amd64_microsoft.windows.common-controls_6595b64144ccf1df_6.0.22000.120_none_9d947278b86cc467;C:\Program Files\Java\jdk-16.0.2\bin\server;C:\str\SplitterConveyor\x64\Debug

VM Arguments:
jvm_args: -Dfile.encoding=UTF-8 --module-path=C:\str\labwork2\build\classes 
java_command: Labwork2
java_class_path (initial): C:\str\labwork2\build\classes
Launcher Type: SUN_STANDARD

[Global flags]
     intx CICompilerCount                          = 12                                        {product} {ergonomic}
     uint ConcGCThreads                            = 3                                         {product} {ergonomic}
     uint G1ConcRefinementThreads                  = 13                                        {product} {ergonomic}
   size_t G1HeapRegionSize                         = 2097152                                   {product} {ergonomic}
    uintx GCDrainStackTargetSize                   = 64                                        {product} {ergonomic}
   size_t InitialHeapSize                          = 260046848                                 {product} {ergonomic}
   size_t MarkStackSize                            = 4194304                                   {product} {ergonomic}
   size_t MaxHeapSize                              = 4137680896                                {product} {ergonomic}
   size_t MaxNewSize                               = 2480930816                                {product} {ergonomic}
   size_t MinHeapDeltaBytes                        = 2097152                                   {product} {ergonomic}
   size_t MinHeapSize                              = 8388608                                   {product} {ergonomic}
    uintx NonNMethodCodeHeapSize                   = 7602480                                {pd product} {ergonomic}
    uintx NonProfiledCodeHeapSize                  = 122027880                              {pd product} {ergonomic}
    uintx ProfiledCodeHeapSize                     = 122027880                              {pd product} {ergonomic}
    uintx ReservedCodeCacheSize                    = 251658240                              {pd product} {ergonomic}
     bool SegmentedCodeCache                       = true                                      {product} {ergonomic}
   size_t SoftMaxHeapSize                          = 4137680896                             {manageable} {ergonomic}
     bool UseCompressedClassPointers               = true                           {product lp64_product} {ergonomic}
     bool UseCompressedOops                        = true                           {product lp64_product} {ergonomic}
     bool UseG1GC                                  = true                                      {product} {ergonomic}
     bool UseLargePagesIndividualAllocation        = false                                  {pd product} {ergonomic}

Logging:
Log output configuration:
 #0: stdout all=warning uptime,level,tags
 #1: stderr all=off uptime,level,tags

Environment Variables:
JAVA_HOME=C:\Program Files\Java\jdk1.8.0_301
PATH=C:\Program Files\Java\jdk1.8.0_301\bin;C:\Program Files\Common Files\Oracle\Java\javapath;C:\Program Files (x86)\Common Files\Oracle\Java\javapath;C:\Program Files (x86)\VMware\VMware Player\bin\;C:\Windows\system32;C:\Windows;C:\Windows\System32\Wbem;C:\Windows\System32\WindowsPowerShell\v1.0\;C:\Windows\System32\OpenSSH\;C:\Program Files (x86)\NVIDIA Corporation\PhysX\Common;C:\Program Files\NVIDIA Corporation\NVIDIA NvDLISR;C:\WINDOWS\system32;C:\WINDOWS;C:\WINDOWS\System32\Wbem;C:\WINDOWS\System32\WindowsPowerShell\v1.0\;C:\WINDOWS\System32\OpenSSH\;C:\Users\altsm\AppData\Local\Microsoft\WindowsApps;C:\Program Files\Java\jdk-16.0.2;
USERNAME=altsm
OS=Windows_NT
PROCESSOR_IDENTIFIER=AMD64 Family 25 Model 80 Stepping 0, AuthenticAMD



---------------  S Y S T E M  ---------------

OS:
 Windows 10 , 64 bit Build 22000 (10.0.22000.318)
OS uptime: 3 days 1:05 hours

CPU: total 16 (initial active 16) (16 cores per cpu, 2 threads per core) family 25 model 80 stepping 0 microcode 0x0, cx8, cmov, fxsr, ht, mmx, 3dnowpref, sse, sse2, sse3, ssse3, sse4a, sse4.1, sse4.2, popcnt, lzcnt, tsc, tscinvbit, avx, avx2, aes, erms, clmul, bmi1, bmi2, adx, sha, fma, vzeroupper, clflush, clflushopt

Memory: 4k page, system-wide physical 15776M (6817M free)
TotalPageFile size 18404M (AvailPageFile size 3396M)
current process WorkingSet (physical memory assigned to process): 36M, peak: 36M
current process commit charge ("private bytes"): 346M, peak: 346M

vm_info: Java HotSpot(TM) 64-Bit Server VM (16.0.2+7-67) for windows-amd64 JRE (16.0.2+7-67), built on Jun  8 2021 23:24:19 by "mach5one" with MS VC++ 16.7 (VS2019)

END.
