#
# A fatal error has been detected by the Java Runtime Environment:
#
#  EXCEPTION_ACCESS_VIOLATION (0xc0000005) at pc=0x00007ffc2c6ca3b4, pid=6312, tid=1864
#
# JRE version: Java(TM) SE Runtime Environment (16.0.2+7) (build 16.0.2+7-67)
# Java VM: Java HotSpot(TM) 64-Bit Server VM (16.0.2+7-67, mixed mode, sharing, tiered, compressed oops, compressed class ptrs, g1 gc, windows-amd64)
# Problematic frame:
# C  [SplitterConveyor.dll+0x4a3b4]
#
# No core dump will be written. Minidumps are not enabled by default on client versions of Windows
#
# If you would like to submit a bug report, please visit:
#   https://bugreport.java.com/bugreport/crash.jsp
# The crash happened outside the Java Virtual Machine in native code.
# See problematic frame for where to report the bug.
#

---------------  S U M M A R Y ------------

Command Line: -Dfile.encoding=UTF-8 --module-path=C:\str\labwork2\build\classes Labwork2

Host: AMD Ryzen 9 5900HS with Radeon Graphics        , 16 cores, 15G,  Windows 10 , 64 bit Build 22000 (10.0.22000.318)
Time: Fri Dec 10 10:37:49 2021 GMT Standard Time elapsed time: 13.874347 seconds (0d 0h 0m 13s)

---------------  T H R E A D  ---------------

Current thread (0x00000258b66d8fa0):  JavaThread "main" [_thread_in_native, id=1864, stack(0x000000b799c00000,0x000000b799d00000)]

Stack: [0x000000b799c00000,0x000000b799d00000],  sp=0x000000b799cfed60,  free space=1019k
Native frames: (J=compiled Java code, j=interpreted, Vv=VM code, C=native code)
C  [SplitterConveyor.dll+0x4a3b4]

Java frames: (J=compiled Java code, j=interpreted, Vv=VM code)
j  SplitterConveyor.flashLED(I)V+0
j  Labwork2.main([Ljava/lang/String;)V+214
v  ~StubRoutines::call_stub

siginfo: EXCEPTION_ACCESS_VIOLATION (0xc0000005), reading address 0x0000000000000004


Register to memory mapping:

RIP=0x00007ffc2c6ca3b4 SplitterConveyor.dll
RAX=0x0000000000000080 is an unknown value
RBX={method} {0x00000258dc003400} 'flashLED' '(I)V' in 'SplitterConveyor'
RCX=0x0000000000000004 is an unknown value
RDX=0x0000000000000007 is an unknown value
RSP=0x000000b799cfed60 is pointing into the stack for thread: 0x00000258b66d8fa0
RBP=0x000000b799cfed80 is pointing into the stack for thread: 0x00000258b66d8fa0
RSI=0x0000000000000004 is an unknown value
RDI=0x00000258bf659512 is at code_begin+1138 in an Interpreter codelet
return entry points  [0x00000258bf6590a0, 0x00000258bf659be0]  2880 bytes
R8 =0x0000000000000001 is an unknown value
R9 =0x0 is NULL
R10=0x0 is NULL
R11=0x0000000000000246 is an unknown value
R12=0x0 is NULL
R13=0x00000258dc0033f0 is pointing into metadata
R14=0x000000b799cff168 is pointing into the stack for thread: 0x00000258b66d8fa0
R15=0x00000258b66d8fa0 is a thread


Registers:
RAX=0x0000000000000080, RBX=0x00000258dc0033f8, RCX=0x0000000000000004, RDX=0x0000000000000007
RSP=0x000000b799cfed60, RBP=0x000000b799cfed80, RSI=0x0000000000000004, RDI=0x00000258bf659512
R8 =0x0000000000000001, R9 =0x0000000000000000, R10=0x0000000000000000, R11=0x0000000000000246
R12=0x0000000000000000, R13=0x00000258dc0033f0, R14=0x000000b799cff168, R15=0x00000258b66d8fa0
RIP=0x00007ffc2c6ca3b4, EFLAGS=0x0000000000010202

Top of Stack: (sp=0x000000b799cfed60)
0x000000b799cfed60:   00007ffc2c6ed05e 00000258bf659512
0x000000b799cfed70:   000000b799cfeda0 00007ffc2c69ca7d
0x000000b799cfed80:   00007f8000000002 00007ffbb5506bf8
0x000000b799cfed90:   00000258dc0033f8 000000b799cfef00
0x000000b799cfeda0:   0000027fbf6817d5 000000000000000e
0x000000b799cfedb0:   00000258bf659512 00007ffbb5525a9d
0x000000b799cfedc0:   000000b799cfeec0 000000000000000e
0x000000b799cfedd0:   00000258b66d6e30 0000000000000004
0x000000b799cfede0:   0000000800017d08 00007ffbb55333c0
0x000000b799cfedf0:   000000000000001e 00000258b60101a0
0x000000b799cfee00:   00000258b65cd1e0 00000258b66d94c0
0x000000b799cfee10:   00000258b66d94d0 00000258b66d98a8
0x000000b799cfee20:   00000000000003d8 00000258dc0033f8
0x000000b799cfee30:   00007ffbb59d79b8 0000000000000000
0x000000b799cfee40:   0000000000000000 0000000000000000
0x000000b799cfee50:   0000000000000000 0000000000000000 

Instructions: (pc=0x00007ffc2c6ca3b4)
0x00007ffc2c6ca2b4:   02 00 e8 40 17 fd ff b9 01 00 00 00 e8 44 0e fd
0x00007ffc2c6ca2c4:   ff 88 45 04 b2 07 0f b6 4d 04 e8 02 10 fd ff 85
0x00007ffc2c6ca2d4:   c0 74 06 b0 01 eb 04 eb 02 32 c0 48 8d a5 e8 00
0x00007ffc2c6ca2e4:   00 00 5f 5d c3 cc cc cc cc cc cc cc cc cc cc cc
0x00007ffc2c6ca2f4:   cc cc cc cc cc cc cc cc cc cc cc cc 89 4c 24 08
0x00007ffc2c6ca304:   55 57 48 81 ec e8 00 00 00 48 8d 6c 24 20 48 8d
0x00007ffc2c6ca314:   0d 45 2d 02 00 e8 dd 16 fd ff 8b 8d e0 00 00 00
0x00007ffc2c6ca324:   e8 e0 0d fd ff 0f b6 c0 48 8d a5 c8 00 00 00 5f
0x00007ffc2c6ca334:   5d c3 cc cc cc cc cc cc cc cc cc cc cc cc cc cc
0x00007ffc2c6ca344:   cc cc cc cc cc cc cc cc cc cc cc cc 44 89 44 24
0x00007ffc2c6ca354:   18 89 54 24 10 48 89 4c 24 08 55 57 48 81 ec 28
0x00007ffc2c6ca364:   01 00 00 48 8d 6c 24 20 48 8d 0d eb 2c 02 00 e8
0x00007ffc2c6ca374:   83 16 fd ff 8b 85 28 01 00 00 b9 01 00 00 00 89
0x00007ffc2c6ca384:   8d f4 00 00 00 0f b6 c8 8b 85 f4 00 00 00 d3 e0
0x00007ffc2c6ca394:   88 45 04 0f b6 45 04 f7 d0 88 45 24 83 bd 30 01
0x00007ffc2c6ca3a4:   00 00 00 74 1d 0f b6 45 04 48 8b 8d 20 01 00 00
0x00007ffc2c6ca3b4:   0f b6 09 0b c8 8b c1 48 8b 8d 20 01 00 00 88 01
0x00007ffc2c6ca3c4:   eb 1b 0f b6 45 24 48 8b 8d 20 01 00 00 0f b6 09
0x00007ffc2c6ca3d4:   23 c8 8b c1 48 8b 8d 20 01 00 00 88 01 48 8d a5
0x00007ffc2c6ca3e4:   08 01 00 00 5f 5d c3 cc cc cc cc cc cc cc cc cc
0x00007ffc2c6ca3f4:   cc cc cc cc cc cc cc cc cc cc cc cc cc cc cc cc
0x00007ffc2c6ca404:   cc cc cc cc cc cc cc cc cc cc cc cc cc cc cc cc
0x00007ffc2c6ca414:   cc cc cc cc cc cc cc cc cc cc cc cc 89 54 24 10
0x00007ffc2c6ca424:   89 4c 24 08 55 57 48 81 ec e8 00 00 00 48 8d 6c
0x00007ffc2c6ca434:   24 20 48 8d 0d 21 2c 02 00 e8 b9 15 fd ff 0f b6
0x00007ffc2c6ca444:   95 e0 00 00 00 8b 8d e8 00 00 00 e8 7c 13 fd ff
0x00007ffc2c6ca454:   48 8d a5 c8 00 00 00 5f 5d c3 cc cc cc cc cc cc
0x00007ffc2c6ca464:   cc cc cc cc cc cc cc cc cc ff 25 dd 0c 02 00 ff
0x00007ffc2c6ca474:   25 c7 0c 02 00 ff 25 b9 0c 02 00 ff 25 ab 0c 02
0x00007ffc2c6ca484:   00 ff 25 45 0c 02 00 ff 25 e7 0b 02 00 ff 25 e9
0x00007ffc2c6ca494:   0b 02 00 ff 25 eb 0b 02 00 ff 25 ed 0b 02 00 ff
0x00007ffc2c6ca4a4:   25 ef 0b 02 00 ff 25 f1 0b 02 00 ff 25 f3 0b 02 


Stack slot to memory mapping:
stack at sp + 0 slots: 0x00007ffc2c6ed05e SplitterConveyor.dll
stack at sp + 1 slots: 0x00000258bf659512 is at code_begin+1138 in an Interpreter codelet
return entry points  [0x00000258bf6590a0, 0x00000258bf659be0]  2880 bytes
stack at sp + 2 slots: 0x000000b799cfeda0 is pointing into the stack for thread: 0x00000258b66d8fa0
stack at sp + 3 slots: 0x00007ffc2c69ca7d SplitterConveyor.dll
stack at sp + 4 slots: 0x00007f8000000002 is an unknown value
stack at sp + 5 slots: 0x00007ffbb5506bf8 jvm.dll
stack at sp + 6 slots: {method} {0x00000258dc003400} 'flashLED' '(I)V' in 'SplitterConveyor'
stack at sp + 7 slots: 0x000000b799cfef00 is pointing into the stack for thread: 0x00000258b66d8fa0


---------------  P R O C E S S  ---------------

Threads class SMR info:
_java_thread_list=0x00000258dc5e36e0, length=18, elements={
0x00000258b66d8fa0, 0x00000258db8fdfa0, 0x00000258db8fec60, 0x00000258db90d690,
0x00000258db90e090, 0x00000258db90faa0, 0x00000258db9104a0, 0x00000258db914a50,
0x00000258db915540, 0x00000258dc408070, 0x00000258dc4e8630, 0x00000258dc5afb40,
0x00000258dc5c5a50, 0x00000258b66e34b0, 0x00000258b66e39d0, 0x00000258b66e3ef0,
0x00000258b66e4be0, 0x00000258b66e5100
}

Java Threads: ( => current thread )
=>0x00000258b66d8fa0 JavaThread "main" [_thread_in_native, id=1864, stack(0x000000b799c00000,0x000000b799d00000)]
  0x00000258db8fdfa0 JavaThread "Reference Handler" daemon [_thread_blocked, id=11288, stack(0x000000b79a300000,0x000000b79a400000)]
  0x00000258db8fec60 JavaThread "Finalizer" daemon [_thread_blocked, id=3116, stack(0x000000b79a400000,0x000000b79a500000)]
  0x00000258db90d690 JavaThread "Signal Dispatcher" daemon [_thread_blocked, id=5740, stack(0x000000b79a500000,0x000000b79a600000)]
  0x00000258db90e090 JavaThread "Attach Listener" daemon [_thread_blocked, id=6556, stack(0x000000b79a600000,0x000000b79a700000)]
  0x00000258db90faa0 JavaThread "Service Thread" daemon [_thread_blocked, id=4056, stack(0x000000b79a700000,0x000000b79a800000)]
  0x00000258db9104a0 JavaThread "Monitor Deflation Thread" daemon [_thread_blocked, id=17296, stack(0x000000b79a800000,0x000000b79a900000)]
  0x00000258db914a50 JavaThread "C2 CompilerThread0" daemon [_thread_blocked, id=6952, stack(0x000000b79a900000,0x000000b79aa00000)]
  0x00000258db915540 JavaThread "C1 CompilerThread0" daemon [_thread_blocked, id=876, stack(0x000000b79aa00000,0x000000b79ab00000)]
  0x00000258dc408070 JavaThread "Sweeper thread" daemon [_thread_blocked, id=2876, stack(0x000000b79ab00000,0x000000b79ac00000)]
  0x00000258dc4e8630 JavaThread "Common-Cleaner" daemon [_thread_blocked, id=9012, stack(0x000000b79ac00000,0x000000b79ad00000)]
  0x00000258dc5afb40 JavaThread "Notification Thread" daemon [_thread_blocked, id=4428, stack(0x000000b79b000000,0x000000b79b100000)]
  0x00000258dc5c5a50 JavaThread "Thread-0" [_thread_in_native, id=22944, stack(0x000000b79ad00000,0x000000b79ae00000)]
  0x00000258b66e34b0 JavaThread "Thread-1" [_thread_blocked, id=17644, stack(0x000000b79ae00000,0x000000b79af00000)]
  0x00000258b66e39d0 JavaThread "Thread-2" [_thread_blocked, id=7652, stack(0x000000b79af00000,0x000000b79b000000)]
  0x00000258b66e3ef0 JavaThread "Thread-3" [_thread_blocked, id=23896, stack(0x000000b79b300000,0x000000b79b400000)]
  0x00000258b66e4be0 JavaThread "Thread-4" [_thread_blocked, id=23416, stack(0x000000b79b400000,0x000000b79b500000)]
  0x00000258b66e5100 JavaThread "Thread-5" [_thread_blocked, id=4792, stack(0x000000b79b500000,0x000000b79b600000)]

Other Threads:
  0x00000258db8fa450 VMThread "VM Thread" [stack: 0x000000b79a200000,0x000000b79a300000] [id=1692]
  0x00000258b66d9a10 WatcherThread [stack: 0x000000b79b100000,0x000000b79b200000] [id=18248]
  0x00000258b672a360 GCTaskThread "GC Thread#0" [stack: 0x000000b799d00000,0x000000b799e00000] [id=12908]
  0x00000258b673bb40 ConcurrentGCThread "G1 Main Marker" [stack: 0x000000b799e00000,0x000000b799f00000] [id=12168]
  0x00000258b673cdd0 ConcurrentGCThread "G1 Conc#0" [stack: 0x000000b799f00000,0x000000b79a000000] [id=15412]
  0x00000258b67beba0 ConcurrentGCThread "G1 Refine#0" [stack: 0x000000b79a000000,0x000000b79a100000] [id=11352]
  0x00000258db7ab660 ConcurrentGCThread "G1 Service" [stack: 0x000000b79a100000,0x000000b79a200000] [id=14832]

Threads with active compile tasks:

VM state: not at safepoint (normal execution)

VM Mutex/Monitor currently owned by a thread: None

Heap address: 0x0000000709600000, size: 3946 MB, Compressed Oops mode: Zero based, Oop shift amount: 3

CDS archive(s) mapped at: [0x0000000800000000-0x0000000800bb0000-0x0000000800bb0000), size 12255232, SharedBaseAddress: 0x0000000800000000, ArchiveRelocationMode: 0.
Compressed class space mapped at: 0x0000000800c00000-0x0000000840c00000, reserved size: 1073741824
Narrow klass base: 0x0000000800000000, Narrow klass shift: 3, Narrow klass range: 0x100000000

GC Precious Log:
 CPUs: 16 total, 16 available
 Memory: 15776M
 Large Page Support: Disabled
 NUMA Support: Disabled
 Compressed Oops: Enabled (Zero based)
 Heap Region Size: 2M
 Heap Min Capacity: 8M
 Heap Initial Capacity: 248M
 Heap Max Capacity: 3946M
 Pre-touch: Disabled
 Parallel Workers: 13
 Concurrent Workers: 3
 Concurrent Refinement Workers: 13
 Periodic GC: Disabled

Heap:
 garbage-first heap   total 253952K, used 4096K [0x0000000709600000, 0x0000000800000000)
  region size 2048K, 3 young (6144K), 0 survivors (0K)
 Metaspace       used 754K, committed 832K, reserved 1056768K
  class space    used 61K, committed 128K, reserved 1048576K

Heap Regions: E=young(eden), S=young(survivor), O=old, HS=humongous(starts), HC=humongous(continues), CS=collection set, F=free, OA=open archive, CA=closed archive, TAMS=top-at-mark-start (previous, next)
|   0|0x0000000709600000, 0x0000000709600000, 0x0000000709800000|  0%| F|  |TAMS 0x0000000709600000, 0x0000000709600000| Untracked 
|   1|0x0000000709800000, 0x0000000709800000, 0x0000000709a00000|  0%| F|  |TAMS 0x0000000709800000, 0x0000000709800000| Untracked 
|   2|0x0000000709a00000, 0x0000000709a00000, 0x0000000709c00000|  0%| F|  |TAMS 0x0000000709a00000, 0x0000000709a00000| Untracked 
|   3|0x0000000709c00000, 0x0000000709c00000, 0x0000000709e00000|  0%| F|  |TAMS 0x0000000709c00000, 0x0000000709c00000| Untracked 
|   4|0x0000000709e00000, 0x0000000709e00000, 0x000000070a000000|  0%| F|  |TAMS 0x0000000709e00000, 0x0000000709e00000| Untracked 
|   5|0x000000070a000000, 0x000000070a000000, 0x000000070a200000|  0%| F|  |TAMS 0x000000070a000000, 0x000000070a000000| Untracked 
|   6|0x000000070a200000, 0x000000070a200000, 0x000000070a400000|  0%| F|  |TAMS 0x000000070a200000, 0x000000070a200000| Untracked 
|   7|0x000000070a400000, 0x000000070a400000, 0x000000070a600000|  0%| F|  |TAMS 0x000000070a400000, 0x000000070a400000| Untracked 
|   8|0x000000070a600000, 0x000000070a600000, 0x000000070a800000|  0%| F|  |TAMS 0x000000070a600000, 0x000000070a600000| Untracked 
|   9|0x000000070a800000, 0x000000070a800000, 0x000000070aa00000|  0%| F|  |TAMS 0x000000070a800000, 0x000000070a800000| Untracked 
|  10|0x000000070aa00000, 0x000000070aa00000, 0x000000070ac00000|  0%| F|  |TAMS 0x000000070aa00000, 0x000000070aa00000| Untracked 
|  11|0x000000070ac00000, 0x000000070ac00000, 0x000000070ae00000|  0%| F|  |TAMS 0x000000070ac00000, 0x000000070ac00000| Untracked 
|  12|0x000000070ae00000, 0x000000070ae00000, 0x000000070b000000|  0%| F|  |TAMS 0x000000070ae00000, 0x000000070ae00000| Untracked 
|  13|0x000000070b000000, 0x000000070b000000, 0x000000070b200000|  0%| F|  |TAMS 0x000000070b000000, 0x000000070b000000| Untracked 
|  14|0x000000070b200000, 0x000000070b200000, 0x000000070b400000|  0%| F|  |TAMS 0x000000070b200000, 0x000000070b200000| Untracked 
|  15|0x000000070b400000, 0x000000070b400000, 0x000000070b600000|  0%| F|  |TAMS 0x000000070b400000, 0x000000070b400000| Untracked 
|  16|0x000000070b600000, 0x000000070b600000, 0x000000070b800000|  0%| F|  |TAMS 0x000000070b600000, 0x000000070b600000| Untracked 
|  17|0x000000070b800000, 0x000000070b800000, 0x000000070ba00000|  0%| F|  |TAMS 0x000000070b800000, 0x000000070b800000| Untracked 
|  18|0x000000070ba00000, 0x000000070ba00000, 0x000000070bc00000|  0%| F|  |TAMS 0x000000070ba00000, 0x000000070ba00000| Untracked 
|  19|0x000000070bc00000, 0x000000070bc00000, 0x000000070be00000|  0%| F|  |TAMS 0x000000070bc00000, 0x000000070bc00000| Untracked 
|  20|0x000000070be00000, 0x000000070be00000, 0x000000070c000000|  0%| F|  |TAMS 0x000000070be00000, 0x000000070be00000| Untracked 
|  21|0x000000070c000000, 0x000000070c000000, 0x000000070c200000|  0%| F|  |TAMS 0x000000070c000000, 0x000000070c000000| Untracked 
|  22|0x000000070c200000, 0x000000070c200000, 0x000000070c400000|  0%| F|  |TAMS 0x000000070c200000, 0x000000070c200000| Untracked 
|  23|0x000000070c400000, 0x000000070c400000, 0x000000070c600000|  0%| F|  |TAMS 0x000000070c400000, 0x000000070c400000| Untracked 
|  24|0x000000070c600000, 0x000000070c600000, 0x000000070c800000|  0%| F|  |TAMS 0x000000070c600000, 0x000000070c600000| Untracked 
|  25|0x000000070c800000, 0x000000070c800000, 0x000000070ca00000|  0%| F|  |TAMS 0x000000070c800000, 0x000000070c800000| Untracked 
|  26|0x000000070ca00000, 0x000000070ca00000, 0x000000070cc00000|  0%| F|  |TAMS 0x000000070ca00000, 0x000000070ca00000| Untracked 
|  27|0x000000070cc00000, 0x000000070cc00000, 0x000000070ce00000|  0%| F|  |TAMS 0x000000070cc00000, 0x000000070cc00000| Untracked 
|  28|0x000000070ce00000, 0x000000070ce00000, 0x000000070d000000|  0%| F|  |TAMS 0x000000070ce00000, 0x000000070ce00000| Untracked 
|  29|0x000000070d000000, 0x000000070d000000, 0x000000070d200000|  0%| F|  |TAMS 0x000000070d000000, 0x000000070d000000| Untracked 
|  30|0x000000070d200000, 0x000000070d200000, 0x000000070d400000|  0%| F|  |TAMS 0x000000070d200000, 0x000000070d200000| Untracked 
|  31|0x000000070d400000, 0x000000070d400000, 0x000000070d600000|  0%| F|  |TAMS 0x000000070d400000, 0x000000070d400000| Untracked 
|  32|0x000000070d600000, 0x000000070d600000, 0x000000070d800000|  0%| F|  |TAMS 0x000000070d600000, 0x000000070d600000| Untracked 
|  33|0x000000070d800000, 0x000000070d800000, 0x000000070da00000|  0%| F|  |TAMS 0x000000070d800000, 0x000000070d800000| Untracked 
|  34|0x000000070da00000, 0x000000070da00000, 0x000000070dc00000|  0%| F|  |TAMS 0x000000070da00000, 0x000000070da00000| Untracked 
|  35|0x000000070dc00000, 0x000000070dc00000, 0x000000070de00000|  0%| F|  |TAMS 0x000000070dc00000, 0x000000070dc00000| Untracked 
|  36|0x000000070de00000, 0x000000070de00000, 0x000000070e000000|  0%| F|  |TAMS 0x000000070de00000, 0x000000070de00000| Untracked 
|  37|0x000000070e000000, 0x000000070e000000, 0x000000070e200000|  0%| F|  |TAMS 0x000000070e000000, 0x000000070e000000| Untracked 
|  38|0x000000070e200000, 0x000000070e200000, 0x000000070e400000|  0%| F|  |TAMS 0x000000070e200000, 0x000000070e200000| Untracked 
|  39|0x000000070e400000, 0x000000070e400000, 0x000000070e600000|  0%| F|  |TAMS 0x000000070e400000, 0x000000070e400000| Untracked 
|  40|0x000000070e600000, 0x000000070e600000, 0x000000070e800000|  0%| F|  |TAMS 0x000000070e600000, 0x000000070e600000| Untracked 
|  41|0x000000070e800000, 0x000000070e800000, 0x000000070ea00000|  0%| F|  |TAMS 0x000000070e800000, 0x000000070e800000| Untracked 
|  42|0x000000070ea00000, 0x000000070ea00000, 0x000000070ec00000|  0%| F|  |TAMS 0x000000070ea00000, 0x000000070ea00000| Untracked 
|  43|0x000000070ec00000, 0x000000070ec00000, 0x000000070ee00000|  0%| F|  |TAMS 0x000000070ec00000, 0x000000070ec00000| Untracked 
|  44|0x000000070ee00000, 0x000000070ee00000, 0x000000070f000000|  0%| F|  |TAMS 0x000000070ee00000, 0x000000070ee00000| Untracked 
|  45|0x000000070f000000, 0x000000070f000000, 0x000000070f200000|  0%| F|  |TAMS 0x000000070f000000, 0x000000070f000000| Untracked 
|  46|0x000000070f200000, 0x000000070f200000, 0x000000070f400000|  0%| F|  |TAMS 0x000000070f200000, 0x000000070f200000| Untracked 
|  47|0x000000070f400000, 0x000000070f400000, 0x000000070f600000|  0%| F|  |TAMS 0x000000070f400000, 0x000000070f400000| Untracked 
|  48|0x000000070f600000, 0x000000070f600000, 0x000000070f800000|  0%| F|  |TAMS 0x000000070f600000, 0x000000070f600000| Untracked 
|  49|0x000000070f800000, 0x000000070f800000, 0x000000070fa00000|  0%| F|  |TAMS 0x000000070f800000, 0x000000070f800000| Untracked 
|  50|0x000000070fa00000, 0x000000070fa00000, 0x000000070fc00000|  0%| F|  |TAMS 0x000000070fa00000, 0x000000070fa00000| Untracked 
|  51|0x000000070fc00000, 0x000000070fc00000, 0x000000070fe00000|  0%| F|  |TAMS 0x000000070fc00000, 0x000000070fc00000| Untracked 
|  52|0x000000070fe00000, 0x000000070fe00000, 0x0000000710000000|  0%| F|  |TAMS 0x000000070fe00000, 0x000000070fe00000| Untracked 
|  53|0x0000000710000000, 0x0000000710000000, 0x0000000710200000|  0%| F|  |TAMS 0x0000000710000000, 0x0000000710000000| Untracked 
|  54|0x0000000710200000, 0x0000000710200000, 0x0000000710400000|  0%| F|  |TAMS 0x0000000710200000, 0x0000000710200000| Untracked 
|  55|0x0000000710400000, 0x0000000710400000, 0x0000000710600000|  0%| F|  |TAMS 0x0000000710400000, 0x0000000710400000| Untracked 
|  56|0x0000000710600000, 0x0000000710600000, 0x0000000710800000|  0%| F|  |TAMS 0x0000000710600000, 0x0000000710600000| Untracked 
|  57|0x0000000710800000, 0x0000000710800000, 0x0000000710a00000|  0%| F|  |TAMS 0x0000000710800000, 0x0000000710800000| Untracked 
|  58|0x0000000710a00000, 0x0000000710a00000, 0x0000000710c00000|  0%| F|  |TAMS 0x0000000710a00000, 0x0000000710a00000| Untracked 
|  59|0x0000000710c00000, 0x0000000710c00000, 0x0000000710e00000|  0%| F|  |TAMS 0x0000000710c00000, 0x0000000710c00000| Untracked 
|  60|0x0000000710e00000, 0x0000000710e00000, 0x0000000711000000|  0%| F|  |TAMS 0x0000000710e00000, 0x0000000710e00000| Untracked 
|  61|0x0000000711000000, 0x0000000711000000, 0x0000000711200000|  0%| F|  |TAMS 0x0000000711000000, 0x0000000711000000| Untracked 
|  62|0x0000000711200000, 0x0000000711200000, 0x0000000711400000|  0%| F|  |TAMS 0x0000000711200000, 0x0000000711200000| Untracked 
|  63|0x0000000711400000, 0x0000000711400000, 0x0000000711600000|  0%| F|  |TAMS 0x0000000711400000, 0x0000000711400000| Untracked 
|  64|0x0000000711600000, 0x0000000711600000, 0x0000000711800000|  0%| F|  |TAMS 0x0000000711600000, 0x0000000711600000| Untracked 
|  65|0x0000000711800000, 0x0000000711800000, 0x0000000711a00000|  0%| F|  |TAMS 0x0000000711800000, 0x0000000711800000| Untracked 
|  66|0x0000000711a00000, 0x0000000711a00000, 0x0000000711c00000|  0%| F|  |TAMS 0x0000000711a00000, 0x0000000711a00000| Untracked 
|  67|0x0000000711c00000, 0x0000000711c00000, 0x0000000711e00000|  0%| F|  |TAMS 0x0000000711c00000, 0x0000000711c00000| Untracked 
|  68|0x0000000711e00000, 0x0000000711e00000, 0x0000000712000000|  0%| F|  |TAMS 0x0000000711e00000, 0x0000000711e00000| Untracked 
|  69|0x0000000712000000, 0x0000000712000000, 0x0000000712200000|  0%| F|  |TAMS 0x0000000712000000, 0x0000000712000000| Untracked 
|  70|0x0000000712200000, 0x0000000712200000, 0x0000000712400000|  0%| F|  |TAMS 0x0000000712200000, 0x0000000712200000| Untracked 
|  71|0x0000000712400000, 0x0000000712400000, 0x0000000712600000|  0%| F|  |TAMS 0x0000000712400000, 0x0000000712400000| Untracked 
|  72|0x0000000712600000, 0x0000000712600000, 0x0000000712800000|  0%| F|  |TAMS 0x0000000712600000, 0x0000000712600000| Untracked 
|  73|0x0000000712800000, 0x0000000712800000, 0x0000000712a00000|  0%| F|  |TAMS 0x0000000712800000, 0x0000000712800000| Untracked 
|  74|0x0000000712a00000, 0x0000000712a00000, 0x0000000712c00000|  0%| F|  |TAMS 0x0000000712a00000, 0x0000000712a00000| Untracked 
|  75|0x0000000712c00000, 0x0000000712c00000, 0x0000000712e00000|  0%| F|  |TAMS 0x0000000712c00000, 0x0000000712c00000| Untracked 
|  76|0x0000000712e00000, 0x0000000712e00000, 0x0000000713000000|  0%| F|  |TAMS 0x0000000712e00000, 0x0000000712e00000| Untracked 
|  77|0x0000000713000000, 0x0000000713000000, 0x0000000713200000|  0%| F|  |TAMS 0x0000000713000000, 0x0000000713000000| Untracked 
|  78|0x0000000713200000, 0x0000000713200000, 0x0000000713400000|  0%| F|  |TAMS 0x0000000713200000, 0x0000000713200000| Untracked 
|  79|0x0000000713400000, 0x0000000713400000, 0x0000000713600000|  0%| F|  |TAMS 0x0000000713400000, 0x0000000713400000| Untracked 
|  80|0x0000000713600000, 0x0000000713600000, 0x0000000713800000|  0%| F|  |TAMS 0x0000000713600000, 0x0000000713600000| Untracked 
|  81|0x0000000713800000, 0x0000000713800000, 0x0000000713a00000|  0%| F|  |TAMS 0x0000000713800000, 0x0000000713800000| Untracked 
|  82|0x0000000713a00000, 0x0000000713a00000, 0x0000000713c00000|  0%| F|  |TAMS 0x0000000713a00000, 0x0000000713a00000| Untracked 
|  83|0x0000000713c00000, 0x0000000713c00000, 0x0000000713e00000|  0%| F|  |TAMS 0x0000000713c00000, 0x0000000713c00000| Untracked 
|  84|0x0000000713e00000, 0x0000000713e00000, 0x0000000714000000|  0%| F|  |TAMS 0x0000000713e00000, 0x0000000713e00000| Untracked 
|  85|0x0000000714000000, 0x0000000714000000, 0x0000000714200000|  0%| F|  |TAMS 0x0000000714000000, 0x0000000714000000| Untracked 
|  86|0x0000000714200000, 0x0000000714200000, 0x0000000714400000|  0%| F|  |TAMS 0x0000000714200000, 0x0000000714200000| Untracked 
|  87|0x0000000714400000, 0x0000000714400000, 0x0000000714600000|  0%| F|  |TAMS 0x0000000714400000, 0x0000000714400000| Untracked 
|  88|0x0000000714600000, 0x0000000714600000, 0x0000000714800000|  0%| F|  |TAMS 0x0000000714600000, 0x0000000714600000| Untracked 
|  89|0x0000000714800000, 0x0000000714800000, 0x0000000714a00000|  0%| F|  |TAMS 0x0000000714800000, 0x0000000714800000| Untracked 
|  90|0x0000000714a00000, 0x0000000714a00000, 0x0000000714c00000|  0%| F|  |TAMS 0x0000000714a00000, 0x0000000714a00000| Untracked 
|  91|0x0000000714c00000, 0x0000000714c00000, 0x0000000714e00000|  0%| F|  |TAMS 0x0000000714c00000, 0x0000000714c00000| Untracked 
|  92|0x0000000714e00000, 0x0000000714e00000, 0x0000000715000000|  0%| F|  |TAMS 0x0000000714e00000, 0x0000000714e00000| Untracked 
|  93|0x0000000715000000, 0x0000000715000000, 0x0000000715200000|  0%| F|  |TAMS 0x0000000715000000, 0x0000000715000000| Untracked 
|  94|0x0000000715200000, 0x0000000715200000, 0x0000000715400000|  0%| F|  |TAMS 0x0000000715200000, 0x0000000715200000| Untracked 
|  95|0x0000000715400000, 0x0000000715400000, 0x0000000715600000|  0%| F|  |TAMS 0x0000000715400000, 0x0000000715400000| Untracked 
|  96|0x0000000715600000, 0x0000000715600000, 0x0000000715800000|  0%| F|  |TAMS 0x0000000715600000, 0x0000000715600000| Untracked 
|  97|0x0000000715800000, 0x0000000715800000, 0x0000000715a00000|  0%| F|  |TAMS 0x0000000715800000, 0x0000000715800000| Untracked 
|  98|0x0000000715a00000, 0x0000000715a00000, 0x0000000715c00000|  0%| F|  |TAMS 0x0000000715a00000, 0x0000000715a00000| Untracked 
|  99|0x0000000715c00000, 0x0000000715c00000, 0x0000000715e00000|  0%| F|  |TAMS 0x0000000715c00000, 0x0000000715c00000| Untracked 
| 100|0x0000000715e00000, 0x0000000715e00000, 0x0000000716000000|  0%| F|  |TAMS 0x0000000715e00000, 0x0000000715e00000| Untracked 
| 101|0x0000000716000000, 0x0000000716000000, 0x0000000716200000|  0%| F|  |TAMS 0x0000000716000000, 0x0000000716000000| Untracked 
| 102|0x0000000716200000, 0x0000000716200000, 0x0000000716400000|  0%| F|  |TAMS 0x0000000716200000, 0x0000000716200000| Untracked 
| 103|0x0000000716400000, 0x0000000716400000, 0x0000000716600000|  0%| F|  |TAMS 0x0000000716400000, 0x0000000716400000| Untracked 
| 104|0x0000000716600000, 0x0000000716600000, 0x0000000716800000|  0%| F|  |TAMS 0x0000000716600000, 0x0000000716600000| Untracked 
| 105|0x0000000716800000, 0x0000000716800000, 0x0000000716a00000|  0%| F|  |TAMS 0x0000000716800000, 0x0000000716800000| Untracked 
| 106|0x0000000716a00000, 0x0000000716a00000, 0x0000000716c00000|  0%| F|  |TAMS 0x0000000716a00000, 0x0000000716a00000| Untracked 
| 107|0x0000000716c00000, 0x0000000716c00000, 0x0000000716e00000|  0%| F|  |TAMS 0x0000000716c00000, 0x0000000716c00000| Untracked 
| 108|0x0000000716e00000, 0x0000000716e00000, 0x0000000717000000|  0%| F|  |TAMS 0x0000000716e00000, 0x0000000716e00000| Untracked 
| 109|0x0000000717000000, 0x0000000717000000, 0x0000000717200000|  0%| F|  |TAMS 0x0000000717000000, 0x0000000717000000| Untracked 
| 110|0x0000000717200000, 0x0000000717200000, 0x0000000717400000|  0%| F|  |TAMS 0x0000000717200000, 0x0000000717200000| Untracked 
| 111|0x0000000717400000, 0x0000000717400000, 0x0000000717600000|  0%| F|  |TAMS 0x0000000717400000, 0x0000000717400000| Untracked 
| 112|0x0000000717600000, 0x0000000717600000, 0x0000000717800000|  0%| F|  |TAMS 0x0000000717600000, 0x0000000717600000| Untracked 
| 113|0x0000000717800000, 0x0000000717800000, 0x0000000717a00000|  0%| F|  |TAMS 0x0000000717800000, 0x0000000717800000| Untracked 
| 114|0x0000000717a00000, 0x0000000717a00000, 0x0000000717c00000|  0%| F|  |TAMS 0x0000000717a00000, 0x0000000717a00000| Untracked 
| 115|0x0000000717c00000, 0x0000000717c00000, 0x0000000717e00000|  0%| F|  |TAMS 0x0000000717c00000, 0x0000000717c00000| Untracked 
| 116|0x0000000717e00000, 0x0000000717e00000, 0x0000000718000000|  0%| F|  |TAMS 0x0000000717e00000, 0x0000000717e00000| Untracked 
| 117|0x0000000718000000, 0x0000000718000000, 0x0000000718200000|  0%| F|  |TAMS 0x0000000718000000, 0x0000000718000000| Untracked 
| 118|0x0000000718200000, 0x0000000718200000, 0x0000000718400000|  0%| F|  |TAMS 0x0000000718200000, 0x0000000718200000| Untracked 
| 119|0x0000000718400000, 0x0000000718400000, 0x0000000718600000|  0%| F|  |TAMS 0x0000000718400000, 0x0000000718400000| Untracked 
| 120|0x0000000718600000, 0x0000000718600000, 0x0000000718800000|  0%| F|  |TAMS 0x0000000718600000, 0x0000000718600000| Untracked 
| 121|0x0000000718800000, 0x0000000718871250, 0x0000000718a00000| 22%| E|  |TAMS 0x0000000718800000, 0x0000000718800000| Complete 
| 122|0x0000000718a00000, 0x0000000718c00000, 0x0000000718c00000|100%| E|CS|TAMS 0x0000000718a00000, 0x0000000718a00000| Complete 
| 123|0x0000000718c00000, 0x0000000718e00000, 0x0000000718e00000|100%| E|CS|TAMS 0x0000000718c00000, 0x0000000718c00000| Complete 

Card table byte_map: [0x00000258cfdd0000,0x00000258d0590000] _byte_map_base: 0x00000258cc585000

Marking Bits (Prev, Next): (CMBitMap*) 0x00000258b672aa50, (CMBitMap*) 0x00000258b672aa90
 Prev Bits: [0x00000258d0d50000, 0x00000258d4af8000)
 Next Bits: [0x00000258d4b00000, 0x00000258d88a8000)

Polling page: 0x00000258b67c0000

Metaspace:

Usage:
  Non-class:    692.55 KB used.
      Class:     61.56 KB used.
       Both:    754.12 KB used.

Virtual space:
  Non-class space:        8.00 MB reserved,     704.00 KB (  9%) committed,  1 nodes.
      Class space:        1.00 GB reserved,     128.00 KB ( <1%) committed,  1 nodes.
              Both:        1.01 GB reserved,     832.00 KB ( <1%) committed. 

Chunk freelists:
   Non-Class:  3.94 MB
       Class:  3.73 MB
        Both:  7.68 MB

MaxMetaspaceSize: 17179869184.00 GB
CompressedClassSpaceSize: 1.00 GB
 - commit_granule_bytes: 65536.
 - commit_granule_words: 8192.
 - virtual_space_node_default_size: 1048576.
 - enlarge_chunks_in_place: 1.
 - new_chunks_are_fully_committed: 0.
 - uncommit_free_chunks: 1.
 - use_allocation_guard: 0.
 - handle_deallocations: 1.


Internal statistics:

num_allocs_failed_limit: 0.
num_arena_births: 8.
num_arena_deaths: 0.
num_vsnodes_births: 2.
num_vsnodes_deaths: 0.
num_space_committed: 13.
num_space_uncommitted: 0.
num_chunks_returned_to_freelist: 0.
num_chunks_taken_from_freelist: 16.
num_chunk_merges: 0.
num_chunk_splits: 9.
num_chunks_enlarged: 6.
num_purges: 0.

CodeHeap 'non-profiled nmethods': size=119168Kb used=84Kb max_used=84Kb free=119083Kb
 bounds [0x00000258c71f0000, 0x00000258c7460000, 0x00000258ce650000]
CodeHeap 'profiled nmethods': size=119104Kb used=304Kb max_used=304Kb free=118799Kb
 bounds [0x00000258bfda0000, 0x00000258c0010000, 0x00000258c71f0000]
CodeHeap 'non-nmethods': size=7488Kb used=1118Kb max_used=2246Kb free=6369Kb
 bounds [0x00000258bf650000, 0x00000258bf8c0000, 0x00000258bfda0000]
 total_blobs=659 nmethods=267 adapters=305
 compilation: enabled
              stopped_count=0, restarted_count=0
 full_count=0

Compilation events (20 events):
Event: 0.623 Thread 0x00000258db915540  252       3       java.util.regex.Pattern::has (15 bytes)
Event: 0.623 Thread 0x00000258db915540 nmethod 252 0x00000258bfde8e90 code [0x00000258bfde9020, 0x00000258bfde9198]
Event: 0.623 Thread 0x00000258db915540  251       3       java.lang.invoke.MethodType::checkSlotCount (33 bytes)
Event: 0.623 Thread 0x00000258db915540 nmethod 251 0x00000258bfde9210 code [0x00000258bfde9440, 0x00000258bfde9af8]
Event: 0.623 Thread 0x00000258db915540  259       3       java.util.regex.Pattern::peek (26 bytes)
Event: 0.623 Thread 0x00000258db915540 nmethod 259 0x00000258bfde9d90 code [0x00000258bfde9f40, 0x00000258bfdea1a8]
Event: 0.623 Thread 0x00000258db915540  258       3       java.util.regex.ASCII::isAscii (13 bytes)
Event: 0.623 Thread 0x00000258db915540 nmethod 258 0x00000258bfdea310 code [0x00000258bfdea4a0, 0x00000258bfdea5f8]
Event: 0.623 Thread 0x00000258db915540  260       3       java.util.regex.Pattern::next (33 bytes)
Event: 0.623 Thread 0x00000258db915540 nmethod 260 0x00000258bfdea690 code [0x00000258bfdea840, 0x00000258bfdeaaa8]
Event: 0.623 Thread 0x00000258db915540  261       3       java.util.regex.Pattern::read (33 bytes)
Event: 0.623 Thread 0x00000258db915540 nmethod 261 0x00000258bfdeac10 code [0x00000258bfdeadc0, 0x00000258bfdeb028]
Event: 12.576 Thread 0x00000258db915540  263       3       java.lang.String::startsWith (138 bytes)
Event: 12.576 Thread 0x00000258db915540 nmethod 263 0x00000258bfdeb190 code [0x00000258bfdeb3c0, 0x00000258bfdebc58]
Event: 12.577 Thread 0x00000258db915540  264       1       java.nio.Buffer::limit (5 bytes)
Event: 12.577 Thread 0x00000258db915540 nmethod 264 0x00000258c7204710 code [0x00000258c72048a0, 0x00000258c7204978]
Event: 12.577 Thread 0x00000258db915540  265       1       java.nio.Buffer::position (5 bytes)
Event: 12.577 Thread 0x00000258db915540 nmethod 265 0x00000258c7204a10 code [0x00000258c7204ba0, 0x00000258c7204c78]
Event: 13.198 Thread 0x00000258db915540  266   !   3       Mechanism::Sleep (10 bytes)
Event: 13.199 Thread 0x00000258db915540 nmethod 266 0x00000258bfdebf10 code [0x00000258bfdec0c0, 0x00000258bfdec248]

GC Heap History (0 events):
No events

Deoptimization events (0 events):
No events

Classes unloaded (0 events):
No events

Classes redefined (0 events):
No events

Internal exceptions (2 events):
Event: 0.042 Thread 0x00000258b66d8fa0 Exception <a 'sun/nio/fs/WindowsException'{0x0000000718d24f88}> (0x0000000718d24f88) 
thrown [t:\workspace\open\src\hotspot\share\prims\jni.cpp, line 579]
Event: 0.042 Thread 0x00000258b66d8fa0 Exception <a 'sun/nio/fs/WindowsException'{0x0000000718d253d8}> (0x0000000718d253d8) 
thrown [t:\workspace\open\src\hotspot\share\prims\jni.cpp, line 579]

Events (20 events):
Event: 0.618 loading class java/util/ArrayList$SubList$1 done
Event: 0.618 loading class sun/text/resources/cldr/FormatData_en
Event: 0.618 loading class sun/text/resources/cldr/FormatData_en done
Event: 0.618 loading class sun/util/resources/Bundles$2
Event: 0.618 loading class sun/util/resources/Bundles$2 done
Event: 0.619 loading class java/lang/InstantiationException
Event: 0.619 loading class java/lang/InstantiationException done
Event: 0.619 loading class java/lang/IllegalAccessException
Event: 0.619 loading class java/lang/IllegalAccessException done
Event: 1.048 Executing  VM operation: Cleanup
Event: 1.048 Executing  VM operation: Cleanup done
Event: 12.102 loading class java/util/regex/Pattern$1
Event: 12.102 loading class java/util/regex/Pattern$1 done
Event: 12.576 Thread 0x00000258dc5c5a50 Thread added: 0x00000258dc5c5a50
Event: 13.872 Thread 0x00000258b66e34b0 Thread added: 0x00000258b66e34b0
Event: 13.872 Thread 0x00000258b66e39d0 Thread added: 0x00000258b66e39d0
Event: 13.872 Thread 0x00000258b66e3ef0 Thread added: 0x00000258b66e3ef0
Event: 13.872 Thread 0x00000258b66e4be0 Thread added: 0x00000258b66e4be0
Event: 13.872 Thread 0x00000258b66e5100 Thread added: 0x00000258b66e5100
Event: 13.872 loading class java/util/concurrent/locks/AbstractQueuedSynchronizer$SharedNode


Dynamic libraries:
0x00007ff7ebd40000 - 0x00007ff7ebd50000 	C:\Program Files\Java\jdk-16.0.2\bin\java.exe
0x00007ffc417a0000 - 0x00007ffc419a7000 	C:\WINDOWS\SYSTEM32\ntdll.dll
0x00007ffc400a0000 - 0x00007ffc4015d000 	C:\WINDOWS\System32\KERNEL32.DLL
0x00007ffc3ecf0000 - 0x00007ffc3f064000 	C:\WINDOWS\System32\KERNELBASE.dll
0x00007ffc3a930000 - 0x00007ffc3a949000 	C:\Program Files\Java\jdk-16.0.2\bin\VCRUNTIME140.dll
0x00007ffc3f070000 - 0x00007ffc3f181000 	C:\WINDOWS\System32\ucrtbase.dll
0x00007ffc36250000 - 0x00007ffc36268000 	C:\Program Files\Java\jdk-16.0.2\bin\jli.dll
0x00007ffc40c40000 - 0x00007ffc40cec000 	C:\WINDOWS\System32\ADVAPI32.dll
0x00007ffc3f690000 - 0x00007ffc3f733000 	C:\WINDOWS\System32\msvcrt.dll
0x00007ffc40000000 - 0x00007ffc4009d000 	C:\WINDOWS\System32\sechost.dll
0x00007ffc3fed0000 - 0x00007ffc3fff1000 	C:\WINDOWS\System32\RPCRT4.dll
0x00007ffc40a30000 - 0x00007ffc40bdc000 	C:\WINDOWS\System32\USER32.dll
0x00007ffc2bb00000 - 0x00007ffc2bda5000 	C:\WINDOWS\WinSxS\amd64_microsoft.windows.common-controls_6595b64144ccf1df_6.0.22000.120_none_9d947278b86cc467\COMCTL32.dll
0x00007ffc3f300000 - 0x00007ffc3f326000 	C:\WINDOWS\System32\win32u.dll
0x00007ffc40830000 - 0x00007ffc40859000 	C:\WINDOWS\System32\GDI32.dll
0x00007ffc3f490000 - 0x00007ffc3f5a2000 	C:\WINDOWS\System32\gdi32full.dll
0x00007ffc38a10000 - 0x00007ffc38a1a000 	C:\WINDOWS\SYSTEM32\VERSION.dll
0x00007ffc3f3f0000 - 0x00007ffc3f48d000 	C:\WINDOWS\System32\msvcp_win.dll
0x00007ffc3f630000 - 0x00007ffc3f661000 	C:\WINDOWS\System32\IMM32.DLL
0x00007ffc3a920000 - 0x00007ffc3a92c000 	C:\Program Files\Java\jdk-16.0.2\bin\vcruntime140_1.dll
0x00007ffc2d9a0000 - 0x00007ffc2da31000 	C:\Program Files\Java\jdk-16.0.2\bin\msvcp140.dll
0x00007ffbb51b0000 - 0x00007ffbb5d5b000 	C:\Program Files\Java\jdk-16.0.2\bin\server\jvm.dll
0x00007ffc40340000 - 0x00007ffc40348000 	C:\WINDOWS\System32\PSAPI.DLL
0x00007ffc3c330000 - 0x00007ffc3c363000 	C:\WINDOWS\SYSTEM32\WINMM.dll
0x00007ffc27630000 - 0x00007ffc27639000 	C:\WINDOWS\SYSTEM32\WSOCK32.dll
0x00007ffc40d50000 - 0x00007ffc40dbf000 	C:\WINDOWS\System32\WS2_32.dll
0x00007ffc3de90000 - 0x00007ffc3dea8000 	C:\WINDOWS\SYSTEM32\kernel.appcore.dll
0x00007ffc3a8d0000 - 0x00007ffc3a8da000 	C:\Program Files\Java\jdk-16.0.2\bin\jimage.dll
0x00007ffc3c100000 - 0x00007ffc3c321000 	C:\WINDOWS\SYSTEM32\DBGHELP.DLL
0x00007ffc3c0c0000 - 0x00007ffc3c0f1000 	C:\WINDOWS\SYSTEM32\dbgcore.DLL
0x00007ffc3f5b0000 - 0x00007ffc3f630000 	C:\WINDOWS\System32\bcryptPrimitives.dll
0x00007ffc3a840000 - 0x00007ffc3a865000 	C:\Program Files\Java\jdk-16.0.2\bin\java.dll
0x00007ffc40fb0000 - 0x00007ffc4175e000 	C:\WINDOWS\System32\SHELL32.dll
0x00007ffc3ce30000 - 0x00007ffc3d697000 	C:\WINDOWS\SYSTEM32\windows.storage.dll
0x00007ffc3fb50000 - 0x00007ffc3fec8000 	C:\WINDOWS\System32\combase.dll
0x00007ffc3ccc0000 - 0x00007ffc3ce26000 	C:\WINDOWS\SYSTEM32\wintypes.dll
0x00007ffc40ec0000 - 0x00007ffc40faa000 	C:\WINDOWS\System32\SHCORE.dll
0x00007ffc40cf0000 - 0x00007ffc40d4d000 	C:\WINDOWS\System32\shlwapi.dll
0x00007ffc3ebb0000 - 0x00007ffc3ebd1000 	C:\WINDOWS\SYSTEM32\profapi.dll
0x00007ffc396d0000 - 0x00007ffc396e9000 	C:\Program Files\Java\jdk-16.0.2\bin\net.dll
0x00007ffc3b870000 - 0x00007ffc3b97c000 	C:\WINDOWS\SYSTEM32\WINHTTP.dll
0x00007ffc3e2a0000 - 0x00007ffc3e307000 	C:\WINDOWS\system32\mswsock.dll
0x00007ffc34fe0000 - 0x00007ffc34ff3000 	C:\Program Files\Java\jdk-16.0.2\bin\nio.dll
0x00007ffc2c680000 - 0x00007ffc2c6f1000 	C:\str\SplitterConveyor\x64\Debug\SplitterConveyor.dll
0x00007ffc2dbc0000 - 0x00007ffc2dbeb000 	C:\WINDOWS\SYSTEM32\VCRUNTIME140D.dll
0x00007ffc2c4b0000 - 0x00007ffc2c677000 	C:\WINDOWS\SYSTEM32\ucrtbased.dll

dbghelp: loaded successfully - version: 4.0.5 - missing functions: none
symbol engine: initialized successfully - sym options: 0x614 - pdb path: .;C:\Program Files\Java\jdk-16.0.2\bin;C:\WINDOWS\SYSTEM32;C:\WINDOWS\WinSxS\amd64_microsoft.windows.common-controls_6595b64144ccf1df_6.0.22000.120_none_9d947278b86cc467;C:\Program Files\Java\jdk-16.0.2\bin\server;C:\str\SplitterConveyor\x64\Debug

VM Arguments:
jvm_args: -Dfile.encoding=UTF-8 --module-path=C:\str\labwork2\build\classes 
java_command: Labwork2
java_class_path (initial): C:\str\labwork2\build\classes
Launcher Type: SUN_STANDARD

[Global flags]
     intx CICompilerCount                          = 12                                        {product} {ergonomic}
     uint ConcGCThreads                            = 3                                         {product} {ergonomic}
     uint G1ConcRefinementThreads                  = 13                                        {product} {ergonomic}
   size_t G1HeapRegionSize                         = 2097152                                   {product} {ergonomic}
    uintx GCDrainStackTargetSize                   = 64                                        {product} {ergonomic}
   size_t InitialHeapSize                          = 260046848                                 {product} {ergonomic}
   size_t MarkStackSize                            = 4194304                                   {product} {ergonomic}
   size_t MaxHeapSize                              = 4137680896                                {product} {ergonomic}
   size_t MaxNewSize                               = 2480930816                                {product} {ergonomic}
   size_t MinHeapDeltaBytes                        = 2097152                                   {product} {ergonomic}
   size_t MinHeapSize                              = 8388608                                   {product} {ergonomic}
    uintx NonNMethodCodeHeapSize                   = 7602480                                {pd product} {ergonomic}
    uintx NonProfiledCodeHeapSize                  = 122027880                              {pd product} {ergonomic}
    uintx ProfiledCodeHeapSize                     = 122027880                              {pd product} {ergonomic}
    uintx ReservedCodeCacheSize                    = 251658240                              {pd product} {ergonomic}
     bool SegmentedCodeCache                       = true                                      {product} {ergonomic}
   size_t SoftMaxHeapSize                          = 4137680896                             {manageable} {ergonomic}
     bool UseCompressedClassPointers               = true                           {product lp64_product} {ergonomic}
     bool UseCompressedOops                        = true                           {product lp64_product} {ergonomic}
     bool UseG1GC                                  = true                                      {product} {ergonomic}
     bool UseLargePagesIndividualAllocation        = false                                  {pd product} {ergonomic}

Logging:
Log output configuration:
 #0: stdout all=warning uptime,level,tags
 #1: stderr all=off uptime,level,tags

Environment Variables:
JAVA_HOME=C:\Program Files\Java\jdk1.8.0_301
PATH=C:\Program Files\Java\jdk1.8.0_301\bin;C:\Program Files\Common Files\Oracle\Java\javapath;C:\Program Files (x86)\Common Files\Oracle\Java\javapath;C:\Program Files (x86)\VMware\VMware Player\bin\;C:\Windows\system32;C:\Windows;C:\Windows\System32\Wbem;C:\Windows\System32\WindowsPowerShell\v1.0\;C:\Windows\System32\OpenSSH\;C:\Program Files (x86)\NVIDIA Corporation\PhysX\Common;C:\Program Files\NVIDIA Corporation\NVIDIA NvDLISR;C:\WINDOWS\system32;C:\WINDOWS;C:\WINDOWS\System32\Wbem;C:\WINDOWS\System32\WindowsPowerShell\v1.0\;C:\WINDOWS\System32\OpenSSH\;C:\Users\altsm\AppData\Local\Microsoft\WindowsApps;C:\Program Files\Java\jdk-16.0.2;
USERNAME=altsm
OS=Windows_NT
PROCESSOR_IDENTIFIER=AMD64 Family 25 Model 80 Stepping 0, AuthenticAMD



---------------  S Y S T E M  ---------------

OS:
 Windows 10 , 64 bit Build 22000 (10.0.22000.318)
OS uptime: 0 days 2:46 hours

CPU: total 16 (initial active 16) (16 cores per cpu, 2 threads per core) family 25 model 80 stepping 0 microcode 0x0, cx8, cmov, fxsr, ht, mmx, 3dnowpref, sse, sse2, sse3, ssse3, sse4a, sse4.1, sse4.2, popcnt, lzcnt, tsc, tscinvbit, avx, avx2, aes, erms, clmul, bmi1, bmi2, adx, sha, fma, vzeroupper, clflush, clflushopt

Memory: 4k page, system-wide physical 15776M (7973M free)
TotalPageFile size 18208M (AvailPageFile size 5990M)
current process WorkingSet (physical memory assigned to process): 35M, peak: 35M
current process commit charge ("private bytes"): 346M, peak: 346M

vm_info: Java HotSpot(TM) 64-Bit Server VM (16.0.2+7-67) for windows-amd64 JRE (16.0.2+7-67), built on Jun  8 2021 23:24:19 by "mach5one" with MS VC++ 16.7 (VS2019)

END.
