#
# A fatal error has been detected by the Java Runtime Environment:
#
#  EXCEPTION_ACCESS_VIOLATION (0xc0000005) at pc=0x00007ffc2c7fa3b4, pid=10696, tid=10872
#
# JRE version: Java(TM) SE Runtime Environment (16.0.2+7) (build 16.0.2+7-67)
# Java VM: Java HotSpot(TM) 64-Bit Server VM (16.0.2+7-67, mixed mode, sharing, tiered, compressed oops, compressed class ptrs, g1 gc, windows-amd64)
# Problematic frame:
# C  [SplitterConveyor.dll+0x4a3b4]
#
# No core dump will be written. Minidumps are not enabled by default on client versions of Windows
#
# If you would like to submit a bug report, please visit:
#   https://bugreport.java.com/bugreport/crash.jsp
# The crash happened outside the Java Virtual Machine in native code.
# See problematic frame for where to report the bug.
#

---------------  S U M M A R Y ------------

Command Line: -Dfile.encoding=UTF-8 --module-path=C:\str\labwork2\build\classes Labwork2

Host: AMD Ryzen 9 5900HS with Radeon Graphics        , 16 cores, 15G,  Windows 10 , 64 bit Build 22000 (10.0.22000.318)
Time: Fri Dec 10 10:03:32 2021 GMT Standard Time elapsed time: 17.479669 seconds (0d 0h 0m 17s)

---------------  T H R E A D  ---------------

Current thread (0x000002109f473c50):  JavaThread "Thread-4" [_thread_in_native, id=10872, stack(0x0000008c04f00000,0x0000008c05000000)]

Stack: [0x0000008c04f00000,0x0000008c05000000],  sp=0x0000008c04fff320,  free space=1020k
Native frames: (J=compiled Java code, j=interpreted, Vv=VM code, C=native code)
C  [SplitterConveyor.dll+0x4a3b4]

Java frames: (J=compiled Java code, j=interpreted, Vv=VM code)
j  SplitterConveyor.flashLED(I)V+0
j  ThreadDock1.run()V+39
v  ~StubRoutines::call_stub

siginfo: EXCEPTION_ACCESS_VIOLATION (0xc0000005), reading address 0x0000000000000004


Register to memory mapping:

RIP=0x00007ffc2c7fa3b4 SplitterConveyor.dll
RAX=0x0000000000000080 is an unknown value
RBX={method} {0x000002109f003400} 'flashLED' '(I)V' in 'SplitterConveyor'
RCX=0x0000000000000004 is an unknown value
RDX=0x0000000000000007 is an unknown value
RSP=0x0000008c04fff320 is pointing into the stack for thread: 0x000002109f473c50
RBP=0x0000008c04fff340 is pointing into the stack for thread: 0x000002109f473c50
RSI=0x000002109f4e5388 points into unknown readable memory: 0x800012007fdd4f21 | 21 4f dd 7f 00 12 00 80
RDI=0x00000210876a9626 is at code_begin+1414 in an Interpreter codelet
return entry points  [0x00000210876a90a0, 0x00000210876a9be0]  2880 bytes
R8 =0x0000000000000001 is an unknown value
R9 =0x0 is NULL
R10=0x0 is NULL
R11=0x0000000000000246 is an unknown value
R12=0x0 is NULL
R13=0x000002109f0033f0 is pointing into metadata
R14=0x0000008c04fff728 is pointing into the stack for thread: 0x000002109f473c50
R15=0x000002109f473c50 is a thread


Registers:
RAX=0x0000000000000080, RBX=0x000002109f0033f8, RCX=0x0000000000000004, RDX=0x0000000000000007
RSP=0x0000008c04fff320, RBP=0x0000008c04fff340, RSI=0x000002109f4e5388, RDI=0x00000210876a9626
R8 =0x0000000000000001, R9 =0x0000000000000000, R10=0x0000000000000000, R11=0x0000000000000246
R12=0x0000000000000000, R13=0x000002109f0033f0, R14=0x0000008c04fff728, R15=0x000002109f473c50
RIP=0x00007ffc2c7fa3b4, EFLAGS=0x0000000000010202

Top of Stack: (sp=0x0000008c04fff320)
0x0000008c04fff320:   00007ffc2c81d05e 00000210876a9626
0x0000008c04fff330:   0000008c04fff360 00007ffc2c7cca7d
0x0000008c04fff340:   00007f8000000002 00007ffbb5506bf8
0x0000008c04fff350:   000002109f0033f8 0000008c04fff500
0x0000008c04fff360:   0000027f876d17eb 000000000000000e
0x0000008c04fff370:   00000210876a9626 00007ffbb5525a9d
0x0000008c04fff380:   0000008c04fff480 000000000000000e
0x0000008c04fff390:   00000210fb585250 000002109f4e5388
0x0000008c04fff3a0:   0000000800017d08 00007ffbb55333c0
0x0000008c04fff3b0:   000000000000001e 000002109f010150
0x0000008c04fff3c0:   000002109f5be870 000002109e949100
0x0000008c04fff3d0:   000002109e949110 000002109e9494e8
0x0000008c04fff3e0:   00000000000003d8 000002109f0033f8
0x0000008c04fff3f0:   00007ffbb59d79b8 0000000000000000
0x0000008c04fff400:   0000000000000000 0000000000000000
0x0000008c04fff410:   0000000000000000 0000000000000000 

Instructions: (pc=0x00007ffc2c7fa3b4)
0x00007ffc2c7fa2b4:   02 00 e8 40 17 fd ff b9 01 00 00 00 e8 44 0e fd
0x00007ffc2c7fa2c4:   ff 88 45 04 b2 07 0f b6 4d 04 e8 02 10 fd ff 85
0x00007ffc2c7fa2d4:   c0 74 06 b0 01 eb 04 eb 02 32 c0 48 8d a5 e8 00
0x00007ffc2c7fa2e4:   00 00 5f 5d c3 cc cc cc cc cc cc cc cc cc cc cc
0x00007ffc2c7fa2f4:   cc cc cc cc cc cc cc cc cc cc cc cc 89 4c 24 08
0x00007ffc2c7fa304:   55 57 48 81 ec e8 00 00 00 48 8d 6c 24 20 48 8d
0x00007ffc2c7fa314:   0d 45 2d 02 00 e8 dd 16 fd ff 8b 8d e0 00 00 00
0x00007ffc2c7fa324:   e8 e0 0d fd ff 0f b6 c0 48 8d a5 c8 00 00 00 5f
0x00007ffc2c7fa334:   5d c3 cc cc cc cc cc cc cc cc cc cc cc cc cc cc
0x00007ffc2c7fa344:   cc cc cc cc cc cc cc cc cc cc cc cc 44 89 44 24
0x00007ffc2c7fa354:   18 89 54 24 10 48 89 4c 24 08 55 57 48 81 ec 28
0x00007ffc2c7fa364:   01 00 00 48 8d 6c 24 20 48 8d 0d eb 2c 02 00 e8
0x00007ffc2c7fa374:   83 16 fd ff 8b 85 28 01 00 00 b9 01 00 00 00 89
0x00007ffc2c7fa384:   8d f4 00 00 00 0f b6 c8 8b 85 f4 00 00 00 d3 e0
0x00007ffc2c7fa394:   88 45 04 0f b6 45 04 f7 d0 88 45 24 83 bd 30 01
0x00007ffc2c7fa3a4:   00 00 00 74 1d 0f b6 45 04 48 8b 8d 20 01 00 00
0x00007ffc2c7fa3b4:   0f b6 09 0b c8 8b c1 48 8b 8d 20 01 00 00 88 01
0x00007ffc2c7fa3c4:   eb 1b 0f b6 45 24 48 8b 8d 20 01 00 00 0f b6 09
0x00007ffc2c7fa3d4:   23 c8 8b c1 48 8b 8d 20 01 00 00 88 01 48 8d a5
0x00007ffc2c7fa3e4:   08 01 00 00 5f 5d c3 cc cc cc cc cc cc cc cc cc
0x00007ffc2c7fa3f4:   cc cc cc cc cc cc cc cc cc cc cc cc cc cc cc cc
0x00007ffc2c7fa404:   cc cc cc cc cc cc cc cc cc cc cc cc cc cc cc cc
0x00007ffc2c7fa414:   cc cc cc cc cc cc cc cc cc cc cc cc 89 54 24 10
0x00007ffc2c7fa424:   89 4c 24 08 55 57 48 81 ec e8 00 00 00 48 8d 6c
0x00007ffc2c7fa434:   24 20 48 8d 0d 21 2c 02 00 e8 b9 15 fd ff 0f b6
0x00007ffc2c7fa444:   95 e0 00 00 00 8b 8d e8 00 00 00 e8 7c 13 fd ff
0x00007ffc2c7fa454:   48 8d a5 c8 00 00 00 5f 5d c3 cc cc cc cc cc cc
0x00007ffc2c7fa464:   cc cc cc cc cc cc cc cc cc ff 25 dd 0c 02 00 ff
0x00007ffc2c7fa474:   25 c7 0c 02 00 ff 25 b9 0c 02 00 ff 25 ab 0c 02
0x00007ffc2c7fa484:   00 ff 25 45 0c 02 00 ff 25 e7 0b 02 00 ff 25 e9
0x00007ffc2c7fa494:   0b 02 00 ff 25 eb 0b 02 00 ff 25 ed 0b 02 00 ff
0x00007ffc2c7fa4a4:   25 ef 0b 02 00 ff 25 f1 0b 02 00 ff 25 f3 0b 02 


Stack slot to memory mapping:
stack at sp + 0 slots: 0x00007ffc2c81d05e SplitterConveyor.dll
stack at sp + 1 slots: 0x00000210876a9626 is at code_begin+1414 in an Interpreter codelet
return entry points  [0x00000210876a90a0, 0x00000210876a9be0]  2880 bytes
stack at sp + 2 slots: 0x0000008c04fff360 is pointing into the stack for thread: 0x000002109f473c50
stack at sp + 3 slots: 0x00007ffc2c7cca7d SplitterConveyor.dll
stack at sp + 4 slots: 0x00007f8000000002 is an unknown value
stack at sp + 5 slots: 0x00007ffbb5506bf8 jvm.dll
stack at sp + 6 slots: {method} {0x000002109f003400} 'flashLED' '(I)V' in 'SplitterConveyor'
stack at sp + 7 slots: 0x0000008c04fff500 is pointing into the stack for thread: 0x000002109f473c50


---------------  P R O C E S S  ---------------

Threads class SMR info:
_java_thread_list=0x000002109f474ab0, length=18, elements={
0x000002109e90ced0, 0x000002109e90db90, 0x000002109e91b9b0, 0x000002109e91c3b0,
0x000002109e91f3e0, 0x000002109e91fde0, 0x000002109e9250d0, 0x000002109e92dbd0,
0x000002109e93aa10, 0x000002109f4e29a0, 0x000002109f5b1a10, 0x000002109f4def40,
0x000002109f471d20, 0x000002109f472240, 0x000002109f472f60, 0x000002109f473c50,
0x000002109f5a1a30, 0x00000210fb588ae0
}

Java Threads: ( => current thread )
  0x000002109e90ced0 JavaThread "Reference Handler" daemon [_thread_blocked, id=22916, stack(0x0000008c03e00000,0x0000008c03f00000)]
  0x000002109e90db90 JavaThread "Finalizer" daemon [_thread_blocked, id=2520, stack(0x0000008c03f00000,0x0000008c04000000)]
  0x000002109e91b9b0 JavaThread "Signal Dispatcher" daemon [_thread_blocked, id=17448, stack(0x0000008c04000000,0x0000008c04100000)]
  0x000002109e91c3b0 JavaThread "Attach Listener" daemon [_thread_blocked, id=19676, stack(0x0000008c04100000,0x0000008c04200000)]
  0x000002109e91f3e0 JavaThread "Service Thread" daemon [_thread_blocked, id=1664, stack(0x0000008c04200000,0x0000008c04300000)]
  0x000002109e91fde0 JavaThread "Monitor Deflation Thread" daemon [_thread_blocked, id=22892, stack(0x0000008c04300000,0x0000008c04400000)]
  0x000002109e9250d0 JavaThread "C2 CompilerThread0" daemon [_thread_blocked, id=14872, stack(0x0000008c04400000,0x0000008c04500000)]
  0x000002109e92dbd0 JavaThread "C1 CompilerThread0" daemon [_thread_blocked, id=13388, stack(0x0000008c04500000,0x0000008c04600000)]
  0x000002109e93aa10 JavaThread "Sweeper thread" daemon [_thread_blocked, id=20280, stack(0x0000008c04600000,0x0000008c04700000)]
  0x000002109f4e29a0 JavaThread "Common-Cleaner" daemon [_thread_blocked, id=8392, stack(0x0000008c04700000,0x0000008c04800000)]
  0x000002109f5b1a10 JavaThread "Notification Thread" daemon [_thread_blocked, id=7956, stack(0x0000008c04b00000,0x0000008c04c00000)]
  0x000002109f4def40 JavaThread "Thread-0" [_thread_in_native, id=1556, stack(0x0000008c04800000,0x0000008c04900000)]
  0x000002109f471d20 JavaThread "Thread-1" [_thread_blocked, id=19192, stack(0x0000008c04900000,0x0000008c04a00000)]
  0x000002109f472240 JavaThread "Thread-2" [_thread_blocked, id=18252, stack(0x0000008c04a00000,0x0000008c04b00000)]
  0x000002109f472f60 JavaThread "Thread-3" [_thread_blocked, id=15936, stack(0x0000008c04e00000,0x0000008c04f00000)]
=>0x000002109f473c50 JavaThread "Thread-4" [_thread_in_native, id=10872, stack(0x0000008c04f00000,0x0000008c05000000)]
  0x000002109f5a1a30 JavaThread "Thread-5" [_thread_blocked, id=6476, stack(0x0000008c05000000,0x0000008c05100000)]
  0x00000210fb588ae0 JavaThread "DestroyJavaVM" [_thread_blocked, id=16724, stack(0x0000008c03700000,0x0000008c03800000)]

Other Threads:
  0x000002109e909380 VMThread "VM Thread" [stack: 0x0000008c03d00000,0x0000008c03e00000] [id=4080]
  0x00000210fb5898b0 WatcherThread [stack: 0x0000008c04c00000,0x0000008c04d00000] [id=8284]
  0x00000210fb5d9e10 GCTaskThread "GC Thread#0" [stack: 0x0000008c03800000,0x0000008c03900000] [id=17512]
  0x00000210fb5eb970 ConcurrentGCThread "G1 Main Marker" [stack: 0x0000008c03900000,0x0000008c03a00000] [id=18712]
  0x00000210fb5eea90 ConcurrentGCThread "G1 Conc#0" [stack: 0x0000008c03a00000,0x0000008c03b00000] [id=10816]
  0x000002109e7ba100 ConcurrentGCThread "G1 Refine#0" [stack: 0x0000008c03b00000,0x0000008c03c00000] [id=7112]
  0x000002109e7ba990 ConcurrentGCThread "G1 Service" [stack: 0x0000008c03c00000,0x0000008c03d00000] [id=14072]

Threads with active compile tasks:

VM state: not at safepoint (normal execution)

VM Mutex/Monitor currently owned by a thread: None

Heap address: 0x0000000709600000, size: 3946 MB, Compressed Oops mode: Zero based, Oop shift amount: 3

CDS archive(s) mapped at: [0x0000000800000000-0x0000000800bb0000-0x0000000800bb0000), size 12255232, SharedBaseAddress: 0x0000000800000000, ArchiveRelocationMode: 0.
Compressed class space mapped at: 0x0000000800c00000-0x0000000840c00000, reserved size: 1073741824
Narrow klass base: 0x0000000800000000, Narrow klass shift: 3, Narrow klass range: 0x100000000

GC Precious Log:
 CPUs: 16 total, 16 available
 Memory: 15776M
 Large Page Support: Disabled
 NUMA Support: Disabled
 Compressed Oops: Enabled (Zero based)
 Heap Region Size: 2M
 Heap Min Capacity: 8M
 Heap Initial Capacity: 248M
 Heap Max Capacity: 3946M
 Pre-touch: Disabled
 Parallel Workers: 13
 Concurrent Workers: 3
 Concurrent Refinement Workers: 13
 Periodic GC: Disabled

Heap:
 garbage-first heap   total 253952K, used 4096K [0x0000000709600000, 0x0000000800000000)
  region size 2048K, 3 young (6144K), 0 survivors (0K)
 Metaspace       used 762K, committed 896K, reserved 1056768K
  class space    used 61K, committed 128K, reserved 1048576K

Heap Regions: E=young(eden), S=young(survivor), O=old, HS=humongous(starts), HC=humongous(continues), CS=collection set, F=free, OA=open archive, CA=closed archive, TAMS=top-at-mark-start (previous, next)
|   0|0x0000000709600000, 0x0000000709600000, 0x0000000709800000|  0%| F|  |TAMS 0x0000000709600000, 0x0000000709600000| Untracked 
|   1|0x0000000709800000, 0x0000000709800000, 0x0000000709a00000|  0%| F|  |TAMS 0x0000000709800000, 0x0000000709800000| Untracked 
|   2|0x0000000709a00000, 0x0000000709a00000, 0x0000000709c00000|  0%| F|  |TAMS 0x0000000709a00000, 0x0000000709a00000| Untracked 
|   3|0x0000000709c00000, 0x0000000709c00000, 0x0000000709e00000|  0%| F|  |TAMS 0x0000000709c00000, 0x0000000709c00000| Untracked 
|   4|0x0000000709e00000, 0x0000000709e00000, 0x000000070a000000|  0%| F|  |TAMS 0x0000000709e00000, 0x0000000709e00000| Untracked 
|   5|0x000000070a000000, 0x000000070a000000, 0x000000070a200000|  0%| F|  |TAMS 0x000000070a000000, 0x000000070a000000| Untracked 
|   6|0x000000070a200000, 0x000000070a200000, 0x000000070a400000|  0%| F|  |TAMS 0x000000070a200000, 0x000000070a200000| Untracked 
|   7|0x000000070a400000, 0x000000070a400000, 0x000000070a600000|  0%| F|  |TAMS 0x000000070a400000, 0x000000070a400000| Untracked 
|   8|0x000000070a600000, 0x000000070a600000, 0x000000070a800000|  0%| F|  |TAMS 0x000000070a600000, 0x000000070a600000| Untracked 
|   9|0x000000070a800000, 0x000000070a800000, 0x000000070aa00000|  0%| F|  |TAMS 0x000000070a800000, 0x000000070a800000| Untracked 
|  10|0x000000070aa00000, 0x000000070aa00000, 0x000000070ac00000|  0%| F|  |TAMS 0x000000070aa00000, 0x000000070aa00000| Untracked 
|  11|0x000000070ac00000, 0x000000070ac00000, 0x000000070ae00000|  0%| F|  |TAMS 0x000000070ac00000, 0x000000070ac00000| Untracked 
|  12|0x000000070ae00000, 0x000000070ae00000, 0x000000070b000000|  0%| F|  |TAMS 0x000000070ae00000, 0x000000070ae00000| Untracked 
|  13|0x000000070b000000, 0x000000070b000000, 0x000000070b200000|  0%| F|  |TAMS 0x000000070b000000, 0x000000070b000000| Untracked 
|  14|0x000000070b200000, 0x000000070b200000, 0x000000070b400000|  0%| F|  |TAMS 0x000000070b200000, 0x000000070b200000| Untracked 
|  15|0x000000070b400000, 0x000000070b400000, 0x000000070b600000|  0%| F|  |TAMS 0x000000070b400000, 0x000000070b400000| Untracked 
|  16|0x000000070b600000, 0x000000070b600000, 0x000000070b800000|  0%| F|  |TAMS 0x000000070b600000, 0x000000070b600000| Untracked 
|  17|0x000000070b800000, 0x000000070b800000, 0x000000070ba00000|  0%| F|  |TAMS 0x000000070b800000, 0x000000070b800000| Untracked 
|  18|0x000000070ba00000, 0x000000070ba00000, 0x000000070bc00000|  0%| F|  |TAMS 0x000000070ba00000, 0x000000070ba00000| Untracked 
|  19|0x000000070bc00000, 0x000000070bc00000, 0x000000070be00000|  0%| F|  |TAMS 0x000000070bc00000, 0x000000070bc00000| Untracked 
|  20|0x000000070be00000, 0x000000070be00000, 0x000000070c000000|  0%| F|  |TAMS 0x000000070be00000, 0x000000070be00000| Untracked 
|  21|0x000000070c000000, 0x000000070c000000, 0x000000070c200000|  0%| F|  |TAMS 0x000000070c000000, 0x000000070c000000| Untracked 
|  22|0x000000070c200000, 0x000000070c200000, 0x000000070c400000|  0%| F|  |TAMS 0x000000070c200000, 0x000000070c200000| Untracked 
|  23|0x000000070c400000, 0x000000070c400000, 0x000000070c600000|  0%| F|  |TAMS 0x000000070c400000, 0x000000070c400000| Untracked 
|  24|0x000000070c600000, 0x000000070c600000, 0x000000070c800000|  0%| F|  |TAMS 0x000000070c600000, 0x000000070c600000| Untracked 
|  25|0x000000070c800000, 0x000000070c800000, 0x000000070ca00000|  0%| F|  |TAMS 0x000000070c800000, 0x000000070c800000| Untracked 
|  26|0x000000070ca00000, 0x000000070ca00000, 0x000000070cc00000|  0%| F|  |TAMS 0x000000070ca00000, 0x000000070ca00000| Untracked 
|  27|0x000000070cc00000, 0x000000070cc00000, 0x000000070ce00000|  0%| F|  |TAMS 0x000000070cc00000, 0x000000070cc00000| Untracked 
|  28|0x000000070ce00000, 0x000000070ce00000, 0x000000070d000000|  0%| F|  |TAMS 0x000000070ce00000, 0x000000070ce00000| Untracked 
|  29|0x000000070d000000, 0x000000070d000000, 0x000000070d200000|  0%| F|  |TAMS 0x000000070d000000, 0x000000070d000000| Untracked 
|  30|0x000000070d200000, 0x000000070d200000, 0x000000070d400000|  0%| F|  |TAMS 0x000000070d200000, 0x000000070d200000| Untracked 
|  31|0x000000070d400000, 0x000000070d400000, 0x000000070d600000|  0%| F|  |TAMS 0x000000070d400000, 0x000000070d400000| Untracked 
|  32|0x000000070d600000, 0x000000070d600000, 0x000000070d800000|  0%| F|  |TAMS 0x000000070d600000, 0x000000070d600000| Untracked 
|  33|0x000000070d800000, 0x000000070d800000, 0x000000070da00000|  0%| F|  |TAMS 0x000000070d800000, 0x000000070d800000| Untracked 
|  34|0x000000070da00000, 0x000000070da00000, 0x000000070dc00000|  0%| F|  |TAMS 0x000000070da00000, 0x000000070da00000| Untracked 
|  35|0x000000070dc00000, 0x000000070dc00000, 0x000000070de00000|  0%| F|  |TAMS 0x000000070dc00000, 0x000000070dc00000| Untracked 
|  36|0x000000070de00000, 0x000000070de00000, 0x000000070e000000|  0%| F|  |TAMS 0x000000070de00000, 0x000000070de00000| Untracked 
|  37|0x000000070e000000, 0x000000070e000000, 0x000000070e200000|  0%| F|  |TAMS 0x000000070e000000, 0x000000070e000000| Untracked 
|  38|0x000000070e200000, 0x000000070e200000, 0x000000070e400000|  0%| F|  |TAMS 0x000000070e200000, 0x000000070e200000| Untracked 
|  39|0x000000070e400000, 0x000000070e400000, 0x000000070e600000|  0%| F|  |TAMS 0x000000070e400000, 0x000000070e400000| Untracked 
|  40|0x000000070e600000, 0x000000070e600000, 0x000000070e800000|  0%| F|  |TAMS 0x000000070e600000, 0x000000070e600000| Untracked 
|  41|0x000000070e800000, 0x000000070e800000, 0x000000070ea00000|  0%| F|  |TAMS 0x000000070e800000, 0x000000070e800000| Untracked 
|  42|0x000000070ea00000, 0x000000070ea00000, 0x000000070ec00000|  0%| F|  |TAMS 0x000000070ea00000, 0x000000070ea00000| Untracked 
|  43|0x000000070ec00000, 0x000000070ec00000, 0x000000070ee00000|  0%| F|  |TAMS 0x000000070ec00000, 0x000000070ec00000| Untracked 
|  44|0x000000070ee00000, 0x000000070ee00000, 0x000000070f000000|  0%| F|  |TAMS 0x000000070ee00000, 0x000000070ee00000| Untracked 
|  45|0x000000070f000000, 0x000000070f000000, 0x000000070f200000|  0%| F|  |TAMS 0x000000070f000000, 0x000000070f000000| Untracked 
|  46|0x000000070f200000, 0x000000070f200000, 0x000000070f400000|  0%| F|  |TAMS 0x000000070f200000, 0x000000070f200000| Untracked 
|  47|0x000000070f400000, 0x000000070f400000, 0x000000070f600000|  0%| F|  |TAMS 0x000000070f400000, 0x000000070f400000| Untracked 
|  48|0x000000070f600000, 0x000000070f600000, 0x000000070f800000|  0%| F|  |TAMS 0x000000070f600000, 0x000000070f600000| Untracked 
|  49|0x000000070f800000, 0x000000070f800000, 0x000000070fa00000|  0%| F|  |TAMS 0x000000070f800000, 0x000000070f800000| Untracked 
|  50|0x000000070fa00000, 0x000000070fa00000, 0x000000070fc00000|  0%| F|  |TAMS 0x000000070fa00000, 0x000000070fa00000| Untracked 
|  51|0x000000070fc00000, 0x000000070fc00000, 0x000000070fe00000|  0%| F|  |TAMS 0x000000070fc00000, 0x000000070fc00000| Untracked 
|  52|0x000000070fe00000, 0x000000070fe00000, 0x0000000710000000|  0%| F|  |TAMS 0x000000070fe00000, 0x000000070fe00000| Untracked 
|  53|0x0000000710000000, 0x0000000710000000, 0x0000000710200000|  0%| F|  |TAMS 0x0000000710000000, 0x0000000710000000| Untracked 
|  54|0x0000000710200000, 0x0000000710200000, 0x0000000710400000|  0%| F|  |TAMS 0x0000000710200000, 0x0000000710200000| Untracked 
|  55|0x0000000710400000, 0x0000000710400000, 0x0000000710600000|  0%| F|  |TAMS 0x0000000710400000, 0x0000000710400000| Untracked 
|  56|0x0000000710600000, 0x0000000710600000, 0x0000000710800000|  0%| F|  |TAMS 0x0000000710600000, 0x0000000710600000| Untracked 
|  57|0x0000000710800000, 0x0000000710800000, 0x0000000710a00000|  0%| F|  |TAMS 0x0000000710800000, 0x0000000710800000| Untracked 
|  58|0x0000000710a00000, 0x0000000710a00000, 0x0000000710c00000|  0%| F|  |TAMS 0x0000000710a00000, 0x0000000710a00000| Untracked 
|  59|0x0000000710c00000, 0x0000000710c00000, 0x0000000710e00000|  0%| F|  |TAMS 0x0000000710c00000, 0x0000000710c00000| Untracked 
|  60|0x0000000710e00000, 0x0000000710e00000, 0x0000000711000000|  0%| F|  |TAMS 0x0000000710e00000, 0x0000000710e00000| Untracked 
|  61|0x0000000711000000, 0x0000000711000000, 0x0000000711200000|  0%| F|  |TAMS 0x0000000711000000, 0x0000000711000000| Untracked 
|  62|0x0000000711200000, 0x0000000711200000, 0x0000000711400000|  0%| F|  |TAMS 0x0000000711200000, 0x0000000711200000| Untracked 
|  63|0x0000000711400000, 0x0000000711400000, 0x0000000711600000|  0%| F|  |TAMS 0x0000000711400000, 0x0000000711400000| Untracked 
|  64|0x0000000711600000, 0x0000000711600000, 0x0000000711800000|  0%| F|  |TAMS 0x0000000711600000, 0x0000000711600000| Untracked 
|  65|0x0000000711800000, 0x0000000711800000, 0x0000000711a00000|  0%| F|  |TAMS 0x0000000711800000, 0x0000000711800000| Untracked 
|  66|0x0000000711a00000, 0x0000000711a00000, 0x0000000711c00000|  0%| F|  |TAMS 0x0000000711a00000, 0x0000000711a00000| Untracked 
|  67|0x0000000711c00000, 0x0000000711c00000, 0x0000000711e00000|  0%| F|  |TAMS 0x0000000711c00000, 0x0000000711c00000| Untracked 
|  68|0x0000000711e00000, 0x0000000711e00000, 0x0000000712000000|  0%| F|  |TAMS 0x0000000711e00000, 0x0000000711e00000| Untracked 
|  69|0x0000000712000000, 0x0000000712000000, 0x0000000712200000|  0%| F|  |TAMS 0x0000000712000000, 0x0000000712000000| Untracked 
|  70|0x0000000712200000, 0x0000000712200000, 0x0000000712400000|  0%| F|  |TAMS 0x0000000712200000, 0x0000000712200000| Untracked 
|  71|0x0000000712400000, 0x0000000712400000, 0x0000000712600000|  0%| F|  |TAMS 0x0000000712400000, 0x0000000712400000| Untracked 
|  72|0x0000000712600000, 0x0000000712600000, 0x0000000712800000|  0%| F|  |TAMS 0x0000000712600000, 0x0000000712600000| Untracked 
|  73|0x0000000712800000, 0x0000000712800000, 0x0000000712a00000|  0%| F|  |TAMS 0x0000000712800000, 0x0000000712800000| Untracked 
|  74|0x0000000712a00000, 0x0000000712a00000, 0x0000000712c00000|  0%| F|  |TAMS 0x0000000712a00000, 0x0000000712a00000| Untracked 
|  75|0x0000000712c00000, 0x0000000712c00000, 0x0000000712e00000|  0%| F|  |TAMS 0x0000000712c00000, 0x0000000712c00000| Untracked 
|  76|0x0000000712e00000, 0x0000000712e00000, 0x0000000713000000|  0%| F|  |TAMS 0x0000000712e00000, 0x0000000712e00000| Untracked 
|  77|0x0000000713000000, 0x0000000713000000, 0x0000000713200000|  0%| F|  |TAMS 0x0000000713000000, 0x0000000713000000| Untracked 
|  78|0x0000000713200000, 0x0000000713200000, 0x0000000713400000|  0%| F|  |TAMS 0x0000000713200000, 0x0000000713200000| Untracked 
|  79|0x0000000713400000, 0x0000000713400000, 0x0000000713600000|  0%| F|  |TAMS 0x0000000713400000, 0x0000000713400000| Untracked 
|  80|0x0000000713600000, 0x0000000713600000, 0x0000000713800000|  0%| F|  |TAMS 0x0000000713600000, 0x0000000713600000| Untracked 
|  81|0x0000000713800000, 0x0000000713800000, 0x0000000713a00000|  0%| F|  |TAMS 0x0000000713800000, 0x0000000713800000| Untracked 
|  82|0x0000000713a00000, 0x0000000713a00000, 0x0000000713c00000|  0%| F|  |TAMS 0x0000000713a00000, 0x0000000713a00000| Untracked 
|  83|0x0000000713c00000, 0x0000000713c00000, 0x0000000713e00000|  0%| F|  |TAMS 0x0000000713c00000, 0x0000000713c00000| Untracked 
|  84|0x0000000713e00000, 0x0000000713e00000, 0x0000000714000000|  0%| F|  |TAMS 0x0000000713e00000, 0x0000000713e00000| Untracked 
|  85|0x0000000714000000, 0x0000000714000000, 0x0000000714200000|  0%| F|  |TAMS 0x0000000714000000, 0x0000000714000000| Untracked 
|  86|0x0000000714200000, 0x0000000714200000, 0x0000000714400000|  0%| F|  |TAMS 0x0000000714200000, 0x0000000714200000| Untracked 
|  87|0x0000000714400000, 0x0000000714400000, 0x0000000714600000|  0%| F|  |TAMS 0x0000000714400000, 0x0000000714400000| Untracked 
|  88|0x0000000714600000, 0x0000000714600000, 0x0000000714800000|  0%| F|  |TAMS 0x0000000714600000, 0x0000000714600000| Untracked 
|  89|0x0000000714800000, 0x0000000714800000, 0x0000000714a00000|  0%| F|  |TAMS 0x0000000714800000, 0x0000000714800000| Untracked 
|  90|0x0000000714a00000, 0x0000000714a00000, 0x0000000714c00000|  0%| F|  |TAMS 0x0000000714a00000, 0x0000000714a00000| Untracked 
|  91|0x0000000714c00000, 0x0000000714c00000, 0x0000000714e00000|  0%| F|  |TAMS 0x0000000714c00000, 0x0000000714c00000| Untracked 
|  92|0x0000000714e00000, 0x0000000714e00000, 0x0000000715000000|  0%| F|  |TAMS 0x0000000714e00000, 0x0000000714e00000| Untracked 
|  93|0x0000000715000000, 0x0000000715000000, 0x0000000715200000|  0%| F|  |TAMS 0x0000000715000000, 0x0000000715000000| Untracked 
|  94|0x0000000715200000, 0x0000000715200000, 0x0000000715400000|  0%| F|  |TAMS 0x0000000715200000, 0x0000000715200000| Untracked 
|  95|0x0000000715400000, 0x0000000715400000, 0x0000000715600000|  0%| F|  |TAMS 0x0000000715400000, 0x0000000715400000| Untracked 
|  96|0x0000000715600000, 0x0000000715600000, 0x0000000715800000|  0%| F|  |TAMS 0x0000000715600000, 0x0000000715600000| Untracked 
|  97|0x0000000715800000, 0x0000000715800000, 0x0000000715a00000|  0%| F|  |TAMS 0x0000000715800000, 0x0000000715800000| Untracked 
|  98|0x0000000715a00000, 0x0000000715a00000, 0x0000000715c00000|  0%| F|  |TAMS 0x0000000715a00000, 0x0000000715a00000| Untracked 
|  99|0x0000000715c00000, 0x0000000715c00000, 0x0000000715e00000|  0%| F|  |TAMS 0x0000000715c00000, 0x0000000715c00000| Untracked 
| 100|0x0000000715e00000, 0x0000000715e00000, 0x0000000716000000|  0%| F|  |TAMS 0x0000000715e00000, 0x0000000715e00000| Untracked 
| 101|0x0000000716000000, 0x0000000716000000, 0x0000000716200000|  0%| F|  |TAMS 0x0000000716000000, 0x0000000716000000| Untracked 
| 102|0x0000000716200000, 0x0000000716200000, 0x0000000716400000|  0%| F|  |TAMS 0x0000000716200000, 0x0000000716200000| Untracked 
| 103|0x0000000716400000, 0x0000000716400000, 0x0000000716600000|  0%| F|  |TAMS 0x0000000716400000, 0x0000000716400000| Untracked 
| 104|0x0000000716600000, 0x0000000716600000, 0x0000000716800000|  0%| F|  |TAMS 0x0000000716600000, 0x0000000716600000| Untracked 
| 105|0x0000000716800000, 0x0000000716800000, 0x0000000716a00000|  0%| F|  |TAMS 0x0000000716800000, 0x0000000716800000| Untracked 
| 106|0x0000000716a00000, 0x0000000716a00000, 0x0000000716c00000|  0%| F|  |TAMS 0x0000000716a00000, 0x0000000716a00000| Untracked 
| 107|0x0000000716c00000, 0x0000000716c00000, 0x0000000716e00000|  0%| F|  |TAMS 0x0000000716c00000, 0x0000000716c00000| Untracked 
| 108|0x0000000716e00000, 0x0000000716e00000, 0x0000000717000000|  0%| F|  |TAMS 0x0000000716e00000, 0x0000000716e00000| Untracked 
| 109|0x0000000717000000, 0x0000000717000000, 0x0000000717200000|  0%| F|  |TAMS 0x0000000717000000, 0x0000000717000000| Untracked 
| 110|0x0000000717200000, 0x0000000717200000, 0x0000000717400000|  0%| F|  |TAMS 0x0000000717200000, 0x0000000717200000| Untracked 
| 111|0x0000000717400000, 0x0000000717400000, 0x0000000717600000|  0%| F|  |TAMS 0x0000000717400000, 0x0000000717400000| Untracked 
| 112|0x0000000717600000, 0x0000000717600000, 0x0000000717800000|  0%| F|  |TAMS 0x0000000717600000, 0x0000000717600000| Untracked 
| 113|0x0000000717800000, 0x0000000717800000, 0x0000000717a00000|  0%| F|  |TAMS 0x0000000717800000, 0x0000000717800000| Untracked 
| 114|0x0000000717a00000, 0x0000000717a00000, 0x0000000717c00000|  0%| F|  |TAMS 0x0000000717a00000, 0x0000000717a00000| Untracked 
| 115|0x0000000717c00000, 0x0000000717c00000, 0x0000000717e00000|  0%| F|  |TAMS 0x0000000717c00000, 0x0000000717c00000| Untracked 
| 116|0x0000000717e00000, 0x0000000717e00000, 0x0000000718000000|  0%| F|  |TAMS 0x0000000717e00000, 0x0000000717e00000| Untracked 
| 117|0x0000000718000000, 0x0000000718000000, 0x0000000718200000|  0%| F|  |TAMS 0x0000000718000000, 0x0000000718000000| Untracked 
| 118|0x0000000718200000, 0x0000000718200000, 0x0000000718400000|  0%| F|  |TAMS 0x0000000718200000, 0x0000000718200000| Untracked 
| 119|0x0000000718400000, 0x0000000718400000, 0x0000000718600000|  0%| F|  |TAMS 0x0000000718400000, 0x0000000718400000| Untracked 
| 120|0x0000000718600000, 0x0000000718600000, 0x0000000718800000|  0%| F|  |TAMS 0x0000000718600000, 0x0000000718600000| Untracked 
| 121|0x0000000718800000, 0x00000007189c3298, 0x0000000718a00000| 88%| E|  |TAMS 0x0000000718800000, 0x0000000718800000| Complete 
| 122|0x0000000718a00000, 0x0000000718c00000, 0x0000000718c00000|100%| E|CS|TAMS 0x0000000718a00000, 0x0000000718a00000| Complete 
| 123|0x0000000718c00000, 0x0000000718e00000, 0x0000000718e00000|100%| E|CS|TAMS 0x0000000718c00000, 0x0000000718c00000| Complete 

Card table byte_map: [0x00000210fc6c0000,0x00000210fce80000] _byte_map_base: 0x00000210f8e75000

Marking Bits (Prev, Next): (CMBitMap*) 0x00000210fb5da500, (CMBitMap*) 0x00000210fb5da540
 Prev Bits: [0x00000210966a0000, 0x000002109a448000)
 Next Bits: [0x000002109a450000, 0x000002109e1f8000)

Polling page: 0x00000210fad70000

Metaspace:

Usage:
  Non-class:    701.19 KB used.
      Class:     61.56 KB used.
       Both:    762.75 KB used.

Virtual space:
  Non-class space:        8.00 MB reserved,     768.00 KB (  9%) committed,  1 nodes.
      Class space:        1.00 GB reserved,     128.00 KB ( <1%) committed,  1 nodes.
              Both:        1.01 GB reserved,     896.00 KB ( <1%) committed. 

Chunk freelists:
   Non-Class:  3.94 MB
       Class:  3.73 MB
        Both:  7.67 MB

MaxMetaspaceSize: 17179869184.00 GB
CompressedClassSpaceSize: 1.00 GB
 - commit_granule_bytes: 65536.
 - commit_granule_words: 8192.
 - virtual_space_node_default_size: 1048576.
 - enlarge_chunks_in_place: 1.
 - new_chunks_are_fully_committed: 0.
 - uncommit_free_chunks: 1.
 - use_allocation_guard: 0.
 - handle_deallocations: 1.


Internal statistics:

num_allocs_failed_limit: 0.
num_arena_births: 8.
num_arena_deaths: 0.
num_vsnodes_births: 2.
num_vsnodes_deaths: 0.
num_space_committed: 14.
num_space_uncommitted: 0.
num_chunks_returned_to_freelist: 0.
num_chunks_taken_from_freelist: 17.
num_chunk_merges: 0.
num_chunk_splits: 9.
num_chunks_enlarged: 6.
num_purges: 0.

CodeHeap 'non-profiled nmethods': size=119168Kb used=90Kb max_used=90Kb free=119077Kb
 bounds [0x000002108f240000, 0x000002108f4b0000, 0x00000210966a0000]
CodeHeap 'profiled nmethods': size=119104Kb used=322Kb max_used=322Kb free=118781Kb
 bounds [0x0000021087df0000, 0x0000021088060000, 0x000002108f240000]
CodeHeap 'non-nmethods': size=7488Kb used=1119Kb max_used=2247Kb free=6369Kb
 bounds [0x00000210876a0000, 0x0000021087910000, 0x0000021087df0000]
 total_blobs=669 nmethods=277 adapters=305
 compilation: enabled
              stopped_count=0, restarted_count=0
 full_count=0

Compilation events (20 events):
Event: 8.270 Thread 0x000002109e92dbd0  265       3       java.lang.String::startsWith (138 bytes)
Event: 8.270 Thread 0x000002109e92dbd0 nmethod 265 0x0000021087e3b190 code [0x0000021087e3b3c0, 0x0000021087e3bc58]
Event: 8.270 Thread 0x000002109e92dbd0  266       1       java.nio.Buffer::limit (5 bytes)
Event: 8.270 Thread 0x000002109e92dbd0 nmethod 266 0x000002108f254c90 code [0x000002108f254e20, 0x000002108f254ef8]
Event: 8.270 Thread 0x000002109e92dbd0  267       1       java.nio.Buffer::position (5 bytes)
Event: 8.270 Thread 0x000002109e92dbd0 nmethod 267 0x000002108f254f90 code [0x000002108f255120, 0x000002108f2551f8]
Event: 8.851 Thread 0x000002109e92dbd0  269   !   3       Mechanism::Sleep (10 bytes)
Event: 8.851 Thread 0x000002109e92dbd0 nmethod 269 0x0000021087e3bf10 code [0x0000021087e3c0c0, 0x0000021087e3c248]
Event: 15.537 Thread 0x000002109e92dbd0  272 %     3       ThreadDock2::run @ 2 (119 bytes)
Event: 15.537 Thread 0x000002109e92dbd0 nmethod 272% 0x0000021087e3c310 code [0x0000021087e3c560, 0x0000021087e3cd98]
Event: 15.540 Thread 0x000002109e92dbd0  273       3       ThreadDock2::run (119 bytes)
Event: 15.540 Thread 0x000002109e92dbd0 nmethod 273 0x0000021087e3d110 code [0x0000021087e3d360, 0x0000021087e3db38]
Event: 15.542 Thread 0x000002109e92dbd0  274 %     3       ThreadDock1::run @ 2 (163 bytes)
Event: 15.543 Thread 0x000002109e92dbd0 nmethod 274% 0x0000021087e3de90 code [0x0000021087e3e180, 0x0000021087e3ef38]
Event: 15.548 Thread 0x000002109e92dbd0  275       3       ThreadDock1::run (163 bytes)
Event: 15.548 Thread 0x000002109e92dbd0 nmethod 275 0x0000021087e3f590 code [0x0000021087e3f880, 0x0000021087e405b8]
Event: 15.646 Thread 0x000002109e9250d0  276 %     4       ThreadDock2::run @ 2 (119 bytes)
Event: 15.648 Thread 0x000002109e9250d0 nmethod 276% 0x000002108f256090 code [0x000002108f256240, 0x000002108f256398]
Event: 15.667 Thread 0x000002109e9250d0  277 %     4       ThreadDock1::run @ 2 (163 bytes)
Event: 15.668 Thread 0x000002109e9250d0 nmethod 277% 0x000002108f256510 code [0x000002108f2566c0, 0x000002108f256818]

GC Heap History (0 events):
No events

Deoptimization events (8 events):
Event: 15.668 Thread 0x000002109f5a1a30 DEOPT PACKING pc=0x0000021087e3cc84 sp=0x0000008c050ff1f0
Event: 15.668 Thread 0x000002109f5a1a30 DEOPT UNPACKING pc=0x00000210876edece sp=0x0000008c050fe6b8 mode 0
Event: 15.691 Thread 0x000002109f473c50 DEOPT PACKING pc=0x0000021087e3edae sp=0x0000008c04fff700
Event: 15.691 Thread 0x000002109f473c50 DEOPT UNPACKING pc=0x00000210876edece sp=0x0000008c04ffebe8 mode 0
Event: 17.475 Thread 0x000002109f473c50 Uncommon trap: trap_request=0xffffff45 fr.pc=0x000002108f25678c relative=0x00000000000000cc
Event: 17.475 Thread 0x000002109f473c50 Uncommon trap: reason=unstable_if action=reinterpret pc=0x000002108f25678c method=ThreadDock1.run()V @ 77 c2
Event: 17.475 Thread 0x000002109f473c50 DEOPT PACKING pc=0x000002108f25678c sp=0x0000008c04fff740
Event: 17.475 Thread 0x000002109f473c50 DEOPT UNPACKING pc=0x00000210876ed72e sp=0x0000008c04fff6f8 mode 2

Classes unloaded (0 events):
No events

Classes redefined (0 events):
No events

Internal exceptions (2 events):
Event: 0.037 Thread 0x00000210fb588ae0 Exception <a 'sun/nio/fs/WindowsException'{0x0000000718d24f88}> (0x0000000718d24f88) 
thrown [t:\workspace\open\src\hotspot\share\prims\jni.cpp, line 579]
Event: 0.037 Thread 0x00000210fb588ae0 Exception <a 'sun/nio/fs/WindowsException'{0x0000000718d253d8}> (0x0000000718d253d8) 
thrown [t:\workspace\open\src\hotspot\share\prims\jni.cpp, line 579]

Events (20 events):
Event: 5.314 loading class java/lang/IllegalAccessException
Event: 5.314 loading class java/lang/IllegalAccessException done
Event: 6.096 Executing  VM operation: Cleanup
Event: 6.096 Executing  VM operation: Cleanup done
Event: 7.697 loading class java/util/regex/Pattern$1
Event: 7.697 loading class java/util/regex/Pattern$1 done
Event: 8.270 Thread 0x000002109f4def40 Thread added: 0x000002109f4def40
Event: 15.353 Thread 0x000002109f471d20 Thread added: 0x000002109f471d20
Event: 15.353 Thread 0x000002109f472240 Thread added: 0x000002109f472240
Event: 15.353 Thread 0x000002109f472f60 Thread added: 0x000002109f472f60
Event: 15.353 Thread 0x000002109f473c50 Thread added: 0x000002109f473c50
Event: 15.353 Thread 0x000002109f5a1a30 Thread added: 0x000002109f5a1a30
Event: 15.353 loading class java/util/concurrent/locks/AbstractQueuedSynchronizer$SharedNode
Event: 15.353 loading class java/util/concurrent/locks/AbstractQueuedSynchronizer$Node
Event: 15.353 loading class java/util/concurrent/locks/AbstractQueuedSynchronizer$Node done
Event: 15.353 loading class java/util/concurrent/locks/AbstractQueuedSynchronizer$SharedNode done
Event: 15.353 Thread 0x00000210fb588ae0 Thread exited: 0x00000210fb588ae0
Event: 15.353 loading class java/util/concurrent/locks/AbstractQueuedSynchronizer$ExclusiveNode
Event: 15.353 Thread 0x00000210fb588ae0 Thread added: 0x00000210fb588ae0
Event: 15.353 loading class java/util/concurrent/locks/AbstractQueuedSynchronizer$ExclusiveNode done


Dynamic libraries:
0x00007ff7ebd40000 - 0x00007ff7ebd50000 	C:\Program Files\Java\jdk-16.0.2\bin\java.exe
0x00007ffc417a0000 - 0x00007ffc419a7000 	C:\WINDOWS\SYSTEM32\ntdll.dll
0x00007ffc400a0000 - 0x00007ffc4015d000 	C:\WINDOWS\System32\KERNEL32.DLL
0x00007ffc3ecf0000 - 0x00007ffc3f064000 	C:\WINDOWS\System32\KERNELBASE.dll
0x00007ffc3a930000 - 0x00007ffc3a949000 	C:\Program Files\Java\jdk-16.0.2\bin\VCRUNTIME140.dll
0x00007ffc3f070000 - 0x00007ffc3f181000 	C:\WINDOWS\System32\ucrtbase.dll
0x00007ffc2dbd0000 - 0x00007ffc2dbe8000 	C:\Program Files\Java\jdk-16.0.2\bin\jli.dll
0x00007ffc40c40000 - 0x00007ffc40cec000 	C:\WINDOWS\System32\ADVAPI32.dll
0x00007ffc3f690000 - 0x00007ffc3f733000 	C:\WINDOWS\System32\msvcrt.dll
0x00007ffc40000000 - 0x00007ffc4009d000 	C:\WINDOWS\System32\sechost.dll
0x00007ffc3fed0000 - 0x00007ffc3fff1000 	C:\WINDOWS\System32\RPCRT4.dll
0x00007ffc40a30000 - 0x00007ffc40bdc000 	C:\WINDOWS\System32\USER32.dll
0x00007ffc2bb00000 - 0x00007ffc2bda5000 	C:\WINDOWS\WinSxS\amd64_microsoft.windows.common-controls_6595b64144ccf1df_6.0.22000.120_none_9d947278b86cc467\COMCTL32.dll
0x00007ffc3f300000 - 0x00007ffc3f326000 	C:\WINDOWS\System32\win32u.dll
0x00007ffc40830000 - 0x00007ffc40859000 	C:\WINDOWS\System32\GDI32.dll
0x00007ffc3f490000 - 0x00007ffc3f5a2000 	C:\WINDOWS\System32\gdi32full.dll
0x00007ffc3f3f0000 - 0x00007ffc3f48d000 	C:\WINDOWS\System32\msvcp_win.dll
0x00007ffc38a10000 - 0x00007ffc38a1a000 	C:\WINDOWS\SYSTEM32\VERSION.dll
0x00007ffc3f630000 - 0x00007ffc3f661000 	C:\WINDOWS\System32\IMM32.DLL
0x00007ffc3a920000 - 0x00007ffc3a92c000 	C:\Program Files\Java\jdk-16.0.2\bin\vcruntime140_1.dll
0x00007ffc2d9a0000 - 0x00007ffc2da31000 	C:\Program Files\Java\jdk-16.0.2\bin\msvcp140.dll
0x00007ffbb51b0000 - 0x00007ffbb5d5b000 	C:\Program Files\Java\jdk-16.0.2\bin\server\jvm.dll
0x00007ffc40340000 - 0x00007ffc40348000 	C:\WINDOWS\System32\PSAPI.DLL
0x00007ffc27630000 - 0x00007ffc27639000 	C:\WINDOWS\SYSTEM32\WSOCK32.dll
0x00007ffc3c330000 - 0x00007ffc3c363000 	C:\WINDOWS\SYSTEM32\WINMM.dll
0x00007ffc40d50000 - 0x00007ffc40dbf000 	C:\WINDOWS\System32\WS2_32.dll
0x00007ffc3de90000 - 0x00007ffc3dea8000 	C:\WINDOWS\SYSTEM32\kernel.appcore.dll
0x00007ffc3a8d0000 - 0x00007ffc3a8da000 	C:\Program Files\Java\jdk-16.0.2\bin\jimage.dll
0x00007ffc3c100000 - 0x00007ffc3c321000 	C:\WINDOWS\SYSTEM32\DBGHELP.DLL
0x00007ffc3c0c0000 - 0x00007ffc3c0f1000 	C:\WINDOWS\SYSTEM32\dbgcore.DLL
0x00007ffc3f5b0000 - 0x00007ffc3f630000 	C:\WINDOWS\System32\bcryptPrimitives.dll
0x00007ffc3a840000 - 0x00007ffc3a865000 	C:\Program Files\Java\jdk-16.0.2\bin\java.dll
0x00007ffc40fb0000 - 0x00007ffc4175e000 	C:\WINDOWS\System32\SHELL32.dll
0x00007ffc3ce30000 - 0x00007ffc3d697000 	C:\WINDOWS\SYSTEM32\windows.storage.dll
0x00007ffc3fb50000 - 0x00007ffc3fec8000 	C:\WINDOWS\System32\combase.dll
0x00007ffc3ccc0000 - 0x00007ffc3ce26000 	C:\WINDOWS\SYSTEM32\wintypes.dll
0x00007ffc40ec0000 - 0x00007ffc40faa000 	C:\WINDOWS\System32\SHCORE.dll
0x00007ffc40cf0000 - 0x00007ffc40d4d000 	C:\WINDOWS\System32\shlwapi.dll
0x00007ffc3ebb0000 - 0x00007ffc3ebd1000 	C:\WINDOWS\SYSTEM32\profapi.dll
0x00007ffc396d0000 - 0x00007ffc396e9000 	C:\Program Files\Java\jdk-16.0.2\bin\net.dll
0x00007ffc3b870000 - 0x00007ffc3b97c000 	C:\WINDOWS\SYSTEM32\WINHTTP.dll
0x00007ffc3e2a0000 - 0x00007ffc3e307000 	C:\WINDOWS\system32\mswsock.dll
0x00007ffc34fe0000 - 0x00007ffc34ff3000 	C:\Program Files\Java\jdk-16.0.2\bin\nio.dll
0x00007ffc2c7b0000 - 0x00007ffc2c821000 	C:\str\SplitterConveyor\x64\Debug\SplitterConveyor.dll
0x00007ffc2c780000 - 0x00007ffc2c7ab000 	C:\WINDOWS\SYSTEM32\VCRUNTIME140D.dll
0x00007ffc29180000 - 0x00007ffc29347000 	C:\WINDOWS\SYSTEM32\ucrtbased.dll

dbghelp: loaded successfully - version: 4.0.5 - missing functions: none
symbol engine: initialized successfully - sym options: 0x614 - pdb path: .;C:\Program Files\Java\jdk-16.0.2\bin;C:\WINDOWS\SYSTEM32;C:\WINDOWS\WinSxS\amd64_microsoft.windows.common-controls_6595b64144ccf1df_6.0.22000.120_none_9d947278b86cc467;C:\Program Files\Java\jdk-16.0.2\bin\server;C:\str\SplitterConveyor\x64\Debug

VM Arguments:
jvm_args: -Dfile.encoding=UTF-8 --module-path=C:\str\labwork2\build\classes 
java_command: Labwork2
java_class_path (initial): C:\str\labwork2\build\classes
Launcher Type: SUN_STANDARD

[Global flags]
     intx CICompilerCount                          = 12                                        {product} {ergonomic}
     uint ConcGCThreads                            = 3                                         {product} {ergonomic}
     uint G1ConcRefinementThreads                  = 13                                        {product} {ergonomic}
   size_t G1HeapRegionSize                         = 2097152                                   {product} {ergonomic}
    uintx GCDrainStackTargetSize                   = 64                                        {product} {ergonomic}
   size_t InitialHeapSize                          = 260046848                                 {product} {ergonomic}
   size_t MarkStackSize                            = 4194304                                   {product} {ergonomic}
   size_t MaxHeapSize                              = 4137680896                                {product} {ergonomic}
   size_t MaxNewSize                               = 2480930816                                {product} {ergonomic}
   size_t MinHeapDeltaBytes                        = 2097152                                   {product} {ergonomic}
   size_t MinHeapSize                              = 8388608                                   {product} {ergonomic}
    uintx NonNMethodCodeHeapSize                   = 7602480                                {pd product} {ergonomic}
    uintx NonProfiledCodeHeapSize                  = 122027880                              {pd product} {ergonomic}
    uintx ProfiledCodeHeapSize                     = 122027880                              {pd product} {ergonomic}
    uintx ReservedCodeCacheSize                    = 251658240                              {pd product} {ergonomic}
     bool SegmentedCodeCache                       = true                                      {product} {ergonomic}
   size_t SoftMaxHeapSize                          = 4137680896                             {manageable} {ergonomic}
     bool UseCompressedClassPointers               = true                           {product lp64_product} {ergonomic}
     bool UseCompressedOops                        = true                           {product lp64_product} {ergonomic}
     bool UseG1GC                                  = true                                      {product} {ergonomic}
     bool UseLargePagesIndividualAllocation        = false                                  {pd product} {ergonomic}

Logging:
Log output configuration:
 #0: stdout all=warning uptime,level,tags
 #1: stderr all=off uptime,level,tags

Environment Variables:
JAVA_HOME=C:\Program Files\Java\jdk1.8.0_301
PATH=C:\Program Files\Java\jdk1.8.0_301\bin;C:\Program Files\Common Files\Oracle\Java\javapath;C:\Program Files (x86)\Common Files\Oracle\Java\javapath;C:\Program Files (x86)\VMware\VMware Player\bin\;C:\Windows\system32;C:\Windows;C:\Windows\System32\Wbem;C:\Windows\System32\WindowsPowerShell\v1.0\;C:\Windows\System32\OpenSSH\;C:\Program Files (x86)\NVIDIA Corporation\PhysX\Common;C:\Program Files\NVIDIA Corporation\NVIDIA NvDLISR;C:\WINDOWS\system32;C:\WINDOWS;C:\WINDOWS\System32\Wbem;C:\WINDOWS\System32\WindowsPowerShell\v1.0\;C:\WINDOWS\System32\OpenSSH\;C:\Users\altsm\AppData\Local\Microsoft\WindowsApps;C:\Program Files\Java\jdk-16.0.2;
USERNAME=altsm
OS=Windows_NT
PROCESSOR_IDENTIFIER=AMD64 Family 25 Model 80 Stepping 0, AuthenticAMD



---------------  S Y S T E M  ---------------

OS:
 Windows 10 , 64 bit Build 22000 (10.0.22000.318)
OS uptime: 0 days 2:12 hours

CPU: total 16 (initial active 16) (16 cores per cpu, 2 threads per core) family 25 model 80 stepping 0 microcode 0x0, cx8, cmov, fxsr, ht, mmx, 3dnowpref, sse, sse2, sse3, ssse3, sse4a, sse4.1, sse4.2, popcnt, lzcnt, tsc, tscinvbit, avx, avx2, aes, erms, clmul, bmi1, bmi2, adx, sha, fma, vzeroupper, clflush, clflushopt

Memory: 4k page, system-wide physical 15776M (7922M free)
TotalPageFile size 18208M (AvailPageFile size 5821M)
current process WorkingSet (physical memory assigned to process): 36M, peak: 36M
current process commit charge ("private bytes"): 346M, peak: 346M

vm_info: Java HotSpot(TM) 64-Bit Server VM (16.0.2+7-67) for windows-amd64 JRE (16.0.2+7-67), built on Jun  8 2021 23:24:19 by "mach5one" with MS VC++ 16.7 (VS2019)

END.
